[0.316s] Invoking command in '/home/yzquality/vinerobot_example/build/mybot': AMENT_PREFIX_PATH=/home/yzquality/vinerobot_example/install/mybot_description:/home/yzquality/vinerobot_example/install/mybot:/home/yzquality/vinerobot_example/install/kinect_v2:/home/yzquality/vinerobot_example/install/depth_obstacle_detector:/home/yzquality/vinerobot_prp/install/mybot:/home/yzquality/vinerobot_prp/install/mybot_description:/home/yzquality/vinerobot_prp/install/motion_controller:/home/yzquality/ros2_turtle/install/turtlesim_controller:/home/yzquality/ros2_ex1/install/mybot:/home/yzquality/ros2_ex1/install/mybot_description:/opt/ros/humble CMAKE_PREFIX_PATH=${CMAKE_PREFIX_PATH}:/home/yzquality/vinerobot_example/install/mybot_description:/home/yzquality/vinerobot_example/install/depth_obstacle_detector:/home/yzquality/vinerobot_prp/install/mybot_description:/home/yzquality/vinerobot_prp/install/motion_controller:/home/yzquality/ros2_turtle/install/turtlesim_controller:/home/yzquality/ros2_ex1/install/mybot_description:/opt/ros/humble /usr/bin/cmake --build /home/yzquality/vinerobot_example/build/mybot -- -j4 -l4
[0.501s] Invoked command in '/home/yzquality/vinerobot_example/build/mybot' returned '0': AMENT_PREFIX_PATH=/home/yzquality/vinerobot_example/install/mybot_description:/home/yzquality/vinerobot_example/install/mybot:/home/yzquality/vinerobot_example/install/kinect_v2:/home/yzquality/vinerobot_example/install/depth_obstacle_detector:/home/yzquality/vinerobot_prp/install/mybot:/home/yzquality/vinerobot_prp/install/mybot_description:/home/yzquality/vinerobot_prp/install/motion_controller:/home/yzquality/ros2_turtle/install/turtlesim_controller:/home/yzquality/ros2_ex1/install/mybot:/home/yzquality/ros2_ex1/install/mybot_description:/opt/ros/humble CMAKE_PREFIX_PATH=${CMAKE_PREFIX_PATH}:/home/yzquality/vinerobot_example/install/mybot_description:/home/yzquality/vinerobot_example/install/depth_obstacle_detector:/home/yzquality/vinerobot_prp/install/mybot_description:/home/yzquality/vinerobot_prp/install/motion_controller:/home/yzquality/ros2_turtle/install/turtlesim_controller:/home/yzquality/ros2_ex1/install/mybot_description:/opt/ros/humble /usr/bin/cmake --build /home/yzquality/vinerobot_example/build/mybot -- -j4 -l4
[0.515s] Invoking command in '/home/yzquality/vinerobot_example/build/mybot': AMENT_PREFIX_PATH=/home/yzquality/vinerobot_example/install/mybot_description:/home/yzquality/vinerobot_example/install/mybot:/home/yzquality/vinerobot_example/install/kinect_v2:/home/yzquality/vinerobot_example/install/depth_obstacle_detector:/home/yzquality/vinerobot_prp/install/mybot:/home/yzquality/vinerobot_prp/install/mybot_description:/home/yzquality/vinerobot_prp/install/motion_controller:/home/yzquality/ros2_turtle/install/turtlesim_controller:/home/yzquality/ros2_ex1/install/mybot:/home/yzquality/ros2_ex1/install/mybot_description:/opt/ros/humble CMAKE_PREFIX_PATH=${CMAKE_PREFIX_PATH}:/home/yzquality/vinerobot_example/install/mybot_description:/home/yzquality/vinerobot_example/install/depth_obstacle_detector:/home/yzquality/vinerobot_prp/install/mybot_description:/home/yzquality/vinerobot_prp/install/motion_controller:/home/yzquality/ros2_turtle/install/turtlesim_controller:/home/yzquality/ros2_ex1/install/mybot_description:/opt/ros/humble /usr/bin/cmake --install /home/yzquality/vinerobot_example/build/mybot
[0.621s] -- Install configuration: ""
[0.626s] -- Up-to-date: /home/yzquality/vinerobot_example/install/mybot/share/ament_index/resource_index/package_run_dependencies/mybot
[0.626s] -- Up-to-date: /home/yzquality/vinerobot_example/install/mybot/share/ament_index/resource_index/parent_prefix_path/mybot
[0.626s] -- Up-to-date: /home/yzquality/vinerobot_example/install/mybot/share/mybot/environment/ament_prefix_path.sh
[0.626s] -- Up-to-date: /home/yzquality/vinerobot_example/install/mybot/share/mybot/environment/ament_prefix_path.dsv
[0.626s] -- Up-to-date: /home/yzquality/vinerobot_example/install/mybot/share/mybot/environment/path.sh
[0.626s] -- Up-to-date: /home/yzquality/vinerobot_example/install/mybot/share/mybot/environment/path.dsv
[0.626s] -- Up-to-date: /home/yzquality/vinerobot_example/install/mybot/share/mybot/local_setup.bash
[0.627s] -- Up-to-date: /home/yzquality/vinerobot_example/install/mybot/share/mybot/local_setup.sh
[0.627s] -- Up-to-date: /home/yzquality/vinerobot_example/install/mybot/share/mybot/local_setup.zsh
[0.628s] -- Up-to-date: /home/yzquality/vinerobot_example/install/mybot/share/mybot/local_setup.dsv
[0.629s] -- Installing: /home/yzquality/vinerobot_example/install/mybot/share/mybot/package.dsv
[0.629s] -- Up-to-date: /home/yzquality/vinerobot_example/install/mybot/share/ament_index/resource_index/packages/mybot
[0.629s] -- Up-to-date: /home/yzquality/vinerobot_example/install/mybot/share/mybot/cmake/mybotConfig.cmake
[0.629s] -- Up-to-date: /home/yzquality/vinerobot_example/install/mybot/share/mybot/cmake/mybotConfig-version.cmake
[0.629s] -- Up-to-date: /home/yzquality/vinerobot_example/install/mybot/share/mybot/package.xml
[0.629s] -- Up-to-date: /home/yzquality/vinerobot_example/install/mybot/share/mybot/launch
[0.629s] -- Up-to-date: /home/yzquality/vinerobot_example/install/mybot/share/mybot/launch/gazebo.launch.py
[0.632s] -- Up-to-date: /home/yzquality/vinerobot_example/install/mybot/share/mybot/launch/moveit_rviz.launch.py
[0.632s] -- Up-to-date: /home/yzquality/vinerobot_example/install/mybot/share/mybot/launch/move_group.launch.py
[0.632s] -- Up-to-date: /home/yzquality/vinerobot_example/install/mybot/share/mybot/launch/warehouse_db.launch.py
[0.633s] -- Up-to-date: /home/yzquality/vinerobot_example/install/mybot/share/mybot/launch/setup_assistant.launch.py
[0.636s] -- Up-to-date: /home/yzquality/vinerobot_example/install/mybot/share/mybot/launch/static_virtual_joint_tfs.launch.py
[0.636s] -- Up-to-date: /home/yzquality/vinerobot_example/install/mybot/share/mybot/launch/rsp.launch.py
[0.638s] -- Up-to-date: /home/yzquality/vinerobot_example/install/mybot/share/mybot/launch/my_moveit_rviz.launch.py
[0.638s] -- Up-to-date: /home/yzquality/vinerobot_example/install/mybot/share/mybot/launch/demo.launch.py
[0.638s] -- Up-to-date: /home/yzquality/vinerobot_example/install/mybot/share/mybot/launch/spawn_controllers.launch.py
[0.638s] -- Up-to-date: /home/yzquality/vinerobot_example/install/mybot/share/mybot/config
[0.638s] -- Up-to-date: /home/yzquality/vinerobot_example/install/mybot/share/mybot/config/moveit.rviz
[0.638s] -- Up-to-date: /home/yzquality/vinerobot_example/install/mybot/share/mybot/config/initial_positions.yaml
[0.638s] -- Up-to-date: /home/yzquality/vinerobot_example/install/mybot/share/mybot/config/pilz_cartesian_limits.yaml
[0.638s] -- Up-to-date: /home/yzquality/vinerobot_example/install/mybot/share/mybot/config/RRP_Robot.urdf.xacro
[0.638s] -- Up-to-date: /home/yzquality/vinerobot_example/install/mybot/share/mybot/config/moveit_controllers.yaml
[0.638s] -- Up-to-date: /home/yzquality/vinerobot_example/install/mybot/share/mybot/config/kinematics.yaml
[0.638s] -- Up-to-date: /home/yzquality/vinerobot_example/install/mybot/share/mybot/config/RRP_Robot.srdf
[0.638s] -- Up-to-date: /home/yzquality/vinerobot_example/install/mybot/share/mybot/config/ros2_controllers.yaml
[0.638s] -- Up-to-date: /home/yzquality/vinerobot_example/install/mybot/share/mybot/config/joint_limits.yaml
[0.638s] -- Up-to-date: /home/yzquality/vinerobot_example/install/mybot/share/mybot/config/sensors_3d.yaml
[0.638s] -- Up-to-date: /home/yzquality/vinerobot_example/install/mybot/share/mybot/config/RRP_Robot.ros2_control.xacro
[0.639s] -- Up-to-date: /home/yzquality/vinerobot_example/install/mybot/share/mybot/.setup_assistant
[0.662s] Invoked command in '/home/yzquality/vinerobot_example/build/mybot' returned '0': AMENT_PREFIX_PATH=/home/yzquality/vinerobot_example/install/mybot_description:/home/yzquality/vinerobot_example/install/mybot:/home/yzquality/vinerobot_example/install/kinect_v2:/home/yzquality/vinerobot_example/install/depth_obstacle_detector:/home/yzquality/vinerobot_prp/install/mybot:/home/yzquality/vinerobot_prp/install/mybot_description:/home/yzquality/vinerobot_prp/install/motion_controller:/home/yzquality/ros2_turtle/install/turtlesim_controller:/home/yzquality/ros2_ex1/install/mybot:/home/yzquality/ros2_ex1/install/mybot_description:/opt/ros/humble CMAKE_PREFIX_PATH=${CMAKE_PREFIX_PATH}:/home/yzquality/vinerobot_example/install/mybot_description:/home/yzquality/vinerobot_example/install/depth_obstacle_detector:/home/yzquality/vinerobot_prp/install/mybot_description:/home/yzquality/vinerobot_prp/install/motion_controller:/home/yzquality/ros2_turtle/install/turtlesim_controller:/home/yzquality/ros2_ex1/install/mybot_description:/opt/ros/humble /usr/bin/cmake --install /home/yzquality/vinerobot_example/build/mybot
