[3.113s] Invoking command in '/home/yzquality/vinerobot_example/src/mybot_description': PYTHONPATH=/home/yzquality/vinerobot_example/build/mybot_description/prefix_override:/usr/lib/python3/dist-packages/colcon_core/task/python/colcon_distutils_commands:/home/yzquality/vinerobot_example/install/mybot_description/lib/python3.10/site-packages:${PYTHONPATH} /usr/bin/python3 -W ignore:setup.py install is deprecated -W ignore:easy_install command is deprecated setup.py egg_info --egg-base ../../build/mybot_description build --build-base /home/yzquality/vinerobot_example/build/mybot_description/build install --record /home/yzquality/vinerobot_example/build/mybot_description/install.log --single-version-externally-managed install_data
[3.763s] running egg_info
[3.765s] writing ../../build/mybot_description/mybot_description.egg-info/PKG-INFO
[3.767s] writing dependency_links to ../../build/mybot_description/mybot_description.egg-info/dependency_links.txt
[3.768s] writing entry points to ../../build/mybot_description/mybot_description.egg-info/entry_points.txt
[3.769s] writing requirements to ../../build/mybot_description/mybot_description.egg-info/requires.txt
[3.771s] writing top-level names to ../../build/mybot_description/mybot_description.egg-info/top_level.txt
[3.773s] reading manifest file '../../build/mybot_description/mybot_description.egg-info/SOURCES.txt'
[3.775s] writing manifest file '../../build/mybot_description/mybot_description.egg-info/SOURCES.txt'
[3.776s] running build
[3.776s] running build_py
[3.777s] running install
[3.778s] running install_lib
[3.779s] running install_data
[3.780s] running install_egg_info
[3.783s] removing '/home/yzquality/vinerobot_example/install/mybot_description/lib/python3.10/site-packages/mybot_description-0.0.0-py3.10.egg-info' (and everything under it)
[3.784s] Copying ../../build/mybot_description/mybot_description.egg-info to /home/yzquality/vinerobot_example/install/mybot_description/lib/python3.10/site-packages/mybot_description-0.0.0-py3.10.egg-info
[3.785s] running install_scripts
[3.870s] writing list of installed files to '/home/yzquality/vinerobot_example/build/mybot_description/install.log'
[3.980s] Invoked command in '/home/yzquality/vinerobot_example/src/mybot_description' returned '0': PYTHONPATH=/home/yzquality/vinerobot_example/build/mybot_description/prefix_override:/usr/lib/python3/dist-packages/colcon_core/task/python/colcon_distutils_commands:/home/yzquality/vinerobot_example/install/mybot_description/lib/python3.10/site-packages:${PYTHONPATH} /usr/bin/python3 -W ignore:setup.py install is deprecated -W ignore:easy_install command is deprecated setup.py egg_info --egg-base ../../build/mybot_description build --build-base /home/yzquality/vinerobot_example/build/mybot_description/build install --record /home/yzquality/vinerobot_example/build/mybot_description/install.log --single-version-externally-managed install_data
