[0.383s] DEBUG:colcon:Command line arguments: ['/usr/bin/colcon', 'build']
[0.383s] DEBUG:colcon:Parsed command line arguments: Namespace(log_base=None, log_level=None, verb_name='build', build_base='build', install_base='install', merge_install=False, symlink_install=False, test_result_base=None, continue_on_error=False, executor='parallel', parallel_workers=4, event_handlers=None, ignore_user_meta=False, metas=['./colcon.meta'], base_paths=['.'], packages_ignore=None, packages_ignore_regex=None, paths=None, packages_up_to=None, packages_up_to_regex=None, packages_above=None, packages_above_and_dependencies=None, packages_above_depth=None, packages_select_by_dep=None, packages_skip_by_dep=None, packages_skip_up_to=None, packages_select_build_failed=False, packages_skip_build_finished=False, packages_select_test_failures=False, packages_skip_test_passed=False, packages_select=None, packages_skip=None, packages_select_regex=None, packages_skip_regex=None, packages_start=None, packages_end=None, allow_overriding=[], cmake_args=None, cmake_target=None, cmake_target_skip_unavailable=False, cmake_clean_cache=False, cmake_clean_first=False, cmake_force_configure=False, ament_cmake_args=None, catkin_cmake_args=None, catkin_skip_building_tests=False, verb_parser=<colcon_defaults.argument_parser.defaults.DefaultArgumentsDecorator object at 0x79b4a96245b0>, verb_extension=<colcon_core.verb.build.BuildVerb object at 0x79b4a9624160>, main=<bound method BuildVerb.main of <colcon_core.verb.build.BuildVerb object at 0x79b4a9624160>>)
[0.857s] Level 1:colcon.colcon_core.package_discovery:discover_packages(colcon_meta) check parameters
[0.857s] Level 1:colcon.colcon_core.package_discovery:discover_packages(recursive) check parameters
[0.857s] Level 1:colcon.colcon_core.package_discovery:discover_packages(ignore) check parameters
[0.857s] Level 1:colcon.colcon_core.package_discovery:discover_packages(path) check parameters
[0.857s] Level 1:colcon.colcon_core.package_discovery:discover_packages(colcon_meta) discover
[0.857s] Level 1:colcon.colcon_core.package_discovery:discover_packages(recursive) discover
[0.857s] INFO:colcon.colcon_core.package_discovery:Crawling recursively for packages in '/home/yzquality/vinerobot_example'
[0.857s] Level 1:colcon.colcon_core.package_identification:_identify(.) by extensions ['ignore', 'ignore_ament_install']
[0.857s] Level 1:colcon.colcon_core.package_identification:_identify(.) by extension 'ignore'
[0.857s] Level 1:colcon.colcon_core.package_identification:_identify(.) by extension 'ignore_ament_install'
[0.858s] Level 1:colcon.colcon_core.package_identification:_identify(.) by extensions ['colcon_pkg']
[0.858s] Level 1:colcon.colcon_core.package_identification:_identify(.) by extension 'colcon_pkg'
[0.858s] Level 1:colcon.colcon_core.package_identification:_identify(.) by extensions ['colcon_meta']
[0.858s] Level 1:colcon.colcon_core.package_identification:_identify(.) by extension 'colcon_meta'
[0.858s] Level 1:colcon.colcon_core.package_identification:_identify(.) by extensions ['ros']
[0.858s] Level 1:colcon.colcon_core.package_identification:_identify(.) by extension 'ros'
[0.882s] Level 1:colcon.colcon_core.package_identification:_identify(.) by extensions ['cmake', 'python']
[0.882s] Level 1:colcon.colcon_core.package_identification:_identify(.) by extension 'cmake'
[0.884s] Level 1:colcon.colcon_core.package_identification:_identify(.) by extension 'python'
[0.884s] Level 1:colcon.colcon_core.package_identification:_identify(.) by extensions ['python_setup_py']
[0.886s] Level 1:colcon.colcon_core.package_identification:_identify(.) by extension 'python_setup_py'
[0.887s] Level 1:colcon.colcon_core.package_identification:_identify(build) by extensions ['ignore', 'ignore_ament_install']
[0.887s] Level 1:colcon.colcon_core.package_identification:_identify(build) by extension 'ignore'
[0.887s] Level 1:colcon.colcon_core.package_identification:_identify(build) ignored
[0.888s] Level 1:colcon.colcon_core.package_identification:_identify(install) by extensions ['ignore', 'ignore_ament_install']
[0.888s] Level 1:colcon.colcon_core.package_identification:_identify(install) by extension 'ignore'
[0.889s] Level 1:colcon.colcon_core.package_identification:_identify(install) ignored
[0.892s] Level 1:colcon.colcon_core.package_identification:_identify(log) by extensions ['ignore', 'ignore_ament_install']
[0.892s] Level 1:colcon.colcon_core.package_identification:_identify(log) by extension 'ignore'
[0.892s] Level 1:colcon.colcon_core.package_identification:_identify(log) ignored
[0.892s] Level 1:colcon.colcon_core.package_identification:_identify(src) by extensions ['ignore', 'ignore_ament_install']
[0.892s] Level 1:colcon.colcon_core.package_identification:_identify(src) by extension 'ignore'
[0.892s] Level 1:colcon.colcon_core.package_identification:_identify(src) by extension 'ignore_ament_install'
[0.892s] Level 1:colcon.colcon_core.package_identification:_identify(src) by extensions ['colcon_pkg']
[0.892s] Level 1:colcon.colcon_core.package_identification:_identify(src) by extension 'colcon_pkg'
[0.893s] Level 1:colcon.colcon_core.package_identification:_identify(src) by extensions ['colcon_meta']
[0.894s] Level 1:colcon.colcon_core.package_identification:_identify(src) by extension 'colcon_meta'
[0.894s] Level 1:colcon.colcon_core.package_identification:_identify(src) by extensions ['ros']
[0.894s] Level 1:colcon.colcon_core.package_identification:_identify(src) by extension 'ros'
[0.894s] Level 1:colcon.colcon_core.package_identification:_identify(src) by extensions ['cmake', 'python']
[0.894s] Level 1:colcon.colcon_core.package_identification:_identify(src) by extension 'cmake'
[0.894s] Level 1:colcon.colcon_core.package_identification:_identify(src) by extension 'python'
[0.894s] Level 1:colcon.colcon_core.package_identification:_identify(src) by extensions ['python_setup_py']
[0.894s] Level 1:colcon.colcon_core.package_identification:_identify(src) by extension 'python_setup_py'
[0.895s] Level 1:colcon.colcon_core.package_identification:_identify(src/depth_obstacle_detector) by extensions ['ignore', 'ignore_ament_install']
[0.895s] Level 1:colcon.colcon_core.package_identification:_identify(src/depth_obstacle_detector) by extension 'ignore'
[0.896s] Level 1:colcon.colcon_core.package_identification:_identify(src/depth_obstacle_detector) by extension 'ignore_ament_install'
[0.896s] Level 1:colcon.colcon_core.package_identification:_identify(src/depth_obstacle_detector) by extensions ['colcon_pkg']
[0.896s] Level 1:colcon.colcon_core.package_identification:_identify(src/depth_obstacle_detector) by extension 'colcon_pkg'
[0.896s] Level 1:colcon.colcon_core.package_identification:_identify(src/depth_obstacle_detector) by extensions ['colcon_meta']
[0.896s] Level 1:colcon.colcon_core.package_identification:_identify(src/depth_obstacle_detector) by extension 'colcon_meta'
[0.896s] Level 1:colcon.colcon_core.package_identification:_identify(src/depth_obstacle_detector) by extensions ['ros']
[0.896s] Level 1:colcon.colcon_core.package_identification:_identify(src/depth_obstacle_detector) by extension 'ros'
[0.904s] DEBUG:colcon.colcon_core.package_identification:Package 'src/depth_obstacle_detector' with type 'ros.ament_python' and name 'depth_obstacle_detector'
[0.904s] Level 1:colcon.colcon_core.package_identification:_identify(src/kinect_v2_urdf) by extensions ['ignore', 'ignore_ament_install']
[0.906s] Level 1:colcon.colcon_core.package_identification:_identify(src/kinect_v2_urdf) by extension 'ignore'
[0.918s] Level 1:colcon.colcon_core.package_identification:_identify(src/kinect_v2_urdf) by extension 'ignore_ament_install'
[0.919s] Level 1:colcon.colcon_core.package_identification:_identify(src/kinect_v2_urdf) by extensions ['colcon_pkg']
[0.919s] Level 1:colcon.colcon_core.package_identification:_identify(src/kinect_v2_urdf) by extension 'colcon_pkg'
[0.919s] Level 1:colcon.colcon_core.package_identification:_identify(src/kinect_v2_urdf) by extensions ['colcon_meta']
[0.919s] Level 1:colcon.colcon_core.package_identification:_identify(src/kinect_v2_urdf) by extension 'colcon_meta'
[0.919s] Level 1:colcon.colcon_core.package_identification:_identify(src/kinect_v2_urdf) by extensions ['ros']
[0.920s] Level 1:colcon.colcon_core.package_identification:_identify(src/kinect_v2_urdf) by extension 'ros'
[0.920s] Level 1:colcon.colcon_core.package_identification:_identify(src/kinect_v2_urdf) by extensions ['cmake', 'python']
[0.920s] Level 1:colcon.colcon_core.package_identification:_identify(src/kinect_v2_urdf) by extension 'cmake'
[0.920s] Level 1:colcon.colcon_core.package_identification:_identify(src/kinect_v2_urdf) by extension 'python'
[0.920s] Level 1:colcon.colcon_core.package_identification:_identify(src/kinect_v2_urdf) by extensions ['python_setup_py']
[0.920s] Level 1:colcon.colcon_core.package_identification:_identify(src/kinect_v2_urdf) by extension 'python_setup_py'
[0.920s] Level 1:colcon.colcon_core.package_identification:_identify(src/kinect_v2_urdf/kinect_v2) by extensions ['ignore', 'ignore_ament_install']
[0.921s] Level 1:colcon.colcon_core.package_identification:_identify(src/kinect_v2_urdf/kinect_v2) by extension 'ignore'
[0.921s] Level 1:colcon.colcon_core.package_identification:_identify(src/kinect_v2_urdf/kinect_v2) by extension 'ignore_ament_install'
[0.921s] Level 1:colcon.colcon_core.package_identification:_identify(src/kinect_v2_urdf/kinect_v2) by extensions ['colcon_pkg']
[0.921s] Level 1:colcon.colcon_core.package_identification:_identify(src/kinect_v2_urdf/kinect_v2) by extension 'colcon_pkg'
[0.921s] Level 1:colcon.colcon_core.package_identification:_identify(src/kinect_v2_urdf/kinect_v2) by extensions ['colcon_meta']
[0.921s] Level 1:colcon.colcon_core.package_identification:_identify(src/kinect_v2_urdf/kinect_v2) by extension 'colcon_meta'
[0.921s] Level 1:colcon.colcon_core.package_identification:_identify(src/kinect_v2_urdf/kinect_v2) by extensions ['ros']
[0.921s] Level 1:colcon.colcon_core.package_identification:_identify(src/kinect_v2_urdf/kinect_v2) by extension 'ros'
[0.923s] DEBUG:colcon.colcon_core.package_identification:Package 'src/kinect_v2_urdf/kinect_v2' with type 'ros.ament_cmake' and name 'kinect_v2'
[0.923s] Level 1:colcon.colcon_core.package_identification:_identify(src/mybot) by extensions ['ignore', 'ignore_ament_install']
[0.923s] Level 1:colcon.colcon_core.package_identification:_identify(src/mybot) by extension 'ignore'
[0.923s] Level 1:colcon.colcon_core.package_identification:_identify(src/mybot) by extension 'ignore_ament_install'
[0.924s] Level 1:colcon.colcon_core.package_identification:_identify(src/mybot) by extensions ['colcon_pkg']
[0.924s] Level 1:colcon.colcon_core.package_identification:_identify(src/mybot) by extension 'colcon_pkg'
[0.924s] Level 1:colcon.colcon_core.package_identification:_identify(src/mybot) by extensions ['colcon_meta']
[0.924s] Level 1:colcon.colcon_core.package_identification:_identify(src/mybot) by extension 'colcon_meta'
[0.924s] Level 1:colcon.colcon_core.package_identification:_identify(src/mybot) by extensions ['ros']
[0.924s] Level 1:colcon.colcon_core.package_identification:_identify(src/mybot) by extension 'ros'
[0.925s] DEBUG:colcon.colcon_core.package_identification:Package 'src/mybot' with type 'ros.ament_cmake' and name 'mybot'
[0.926s] Level 1:colcon.colcon_core.package_identification:_identify(src/mybot_description) by extensions ['ignore', 'ignore_ament_install']
[0.926s] Level 1:colcon.colcon_core.package_identification:_identify(src/mybot_description) by extension 'ignore'
[0.926s] Level 1:colcon.colcon_core.package_identification:_identify(src/mybot_description) by extension 'ignore_ament_install'
[0.926s] Level 1:colcon.colcon_core.package_identification:_identify(src/mybot_description) by extensions ['colcon_pkg']
[0.926s] Level 1:colcon.colcon_core.package_identification:_identify(src/mybot_description) by extension 'colcon_pkg'
[0.926s] Level 1:colcon.colcon_core.package_identification:_identify(src/mybot_description) by extensions ['colcon_meta']
[0.926s] Level 1:colcon.colcon_core.package_identification:_identify(src/mybot_description) by extension 'colcon_meta'
[0.926s] Level 1:colcon.colcon_core.package_identification:_identify(src/mybot_description) by extensions ['ros']
[0.926s] Level 1:colcon.colcon_core.package_identification:_identify(src/mybot_description) by extension 'ros'
[0.927s] DEBUG:colcon.colcon_core.package_identification:Package 'src/mybot_description' with type 'ros.ament_python' and name 'mybot_description'
[0.927s] Level 1:colcon.colcon_core.package_discovery:discover_packages(recursive) using defaults
[0.927s] Level 1:colcon.colcon_core.package_discovery:discover_packages(ignore) discover
[0.927s] Level 1:colcon.colcon_core.package_discovery:discover_packages(ignore) using defaults
[0.927s] Level 1:colcon.colcon_core.package_discovery:discover_packages(path) discover
[0.927s] Level 1:colcon.colcon_core.package_discovery:discover_packages(path) using defaults
[0.988s] Level 1:colcon.colcon_core.package_discovery:discover_packages(prefix_path) check parameters
[0.988s] Level 1:colcon.colcon_core.package_discovery:discover_packages(prefix_path) discover
[1.000s] DEBUG:colcon.colcon_installed_package_information.package_discovery:Found 4 installed packages in /home/yzquality/vinerobot_example/install
[1.001s] DEBUG:colcon.colcon_installed_package_information.package_discovery:Found 3 installed packages in /home/yzquality/vinerobot_prp/install
[1.002s] DEBUG:colcon.colcon_installed_package_information.package_discovery:Found 1 installed packages in /home/yzquality/ros2_turtle/install
[1.004s] DEBUG:colcon.colcon_installed_package_information.package_discovery:Found 2 installed packages in /home/yzquality/ros2_ex1/install
[1.010s] DEBUG:colcon.colcon_installed_package_information.package_discovery:Found 337 installed packages in /opt/ros/humble
[1.027s] Level 1:colcon.colcon_core.package_discovery:discover_packages(prefix_path) using defaults
[1.109s] Level 5:colcon.colcon_core.verb:set package 'depth_obstacle_detector' build argument 'cmake_args' from command line to 'None'
[1.109s] Level 5:colcon.colcon_core.verb:set package 'depth_obstacle_detector' build argument 'cmake_target' from command line to 'None'
[1.109s] Level 5:colcon.colcon_core.verb:set package 'depth_obstacle_detector' build argument 'cmake_target_skip_unavailable' from command line to 'False'
[1.109s] Level 5:colcon.colcon_core.verb:set package 'depth_obstacle_detector' build argument 'cmake_clean_cache' from command line to 'False'
[1.109s] Level 5:colcon.colcon_core.verb:set package 'depth_obstacle_detector' build argument 'cmake_clean_first' from command line to 'False'
[1.109s] Level 5:colcon.colcon_core.verb:set package 'depth_obstacle_detector' build argument 'cmake_force_configure' from command line to 'False'
[1.109s] Level 5:colcon.colcon_core.verb:set package 'depth_obstacle_detector' build argument 'ament_cmake_args' from command line to 'None'
[1.109s] Level 5:colcon.colcon_core.verb:set package 'depth_obstacle_detector' build argument 'catkin_cmake_args' from command line to 'None'
[1.109s] Level 5:colcon.colcon_core.verb:set package 'depth_obstacle_detector' build argument 'catkin_skip_building_tests' from command line to 'False'
[1.109s] DEBUG:colcon.colcon_core.verb:Building package 'depth_obstacle_detector' with the following arguments: {'ament_cmake_args': None, 'build_base': '/home/yzquality/vinerobot_example/build/depth_obstacle_detector', 'catkin_cmake_args': None, 'catkin_skip_building_tests': False, 'cmake_args': None, 'cmake_clean_cache': False, 'cmake_clean_first': False, 'cmake_force_configure': False, 'cmake_target': None, 'cmake_target_skip_unavailable': False, 'install_base': '/home/yzquality/vinerobot_example/install/depth_obstacle_detector', 'merge_install': False, 'path': '/home/yzquality/vinerobot_example/src/depth_obstacle_detector', 'symlink_install': False, 'test_result_base': None}
[1.110s] Level 5:colcon.colcon_core.verb:set package 'kinect_v2' build argument 'cmake_args' from command line to 'None'
[1.110s] Level 5:colcon.colcon_core.verb:set package 'kinect_v2' build argument 'cmake_target' from command line to 'None'
[1.111s] Level 5:colcon.colcon_core.verb:set package 'kinect_v2' build argument 'cmake_target_skip_unavailable' from command line to 'False'
[1.111s] Level 5:colcon.colcon_core.verb:set package 'kinect_v2' build argument 'cmake_clean_cache' from command line to 'False'
[1.111s] Level 5:colcon.colcon_core.verb:set package 'kinect_v2' build argument 'cmake_clean_first' from command line to 'False'
[1.111s] Level 5:colcon.colcon_core.verb:set package 'kinect_v2' build argument 'cmake_force_configure' from command line to 'False'
[1.111s] Level 5:colcon.colcon_core.verb:set package 'kinect_v2' build argument 'ament_cmake_args' from command line to 'None'
[1.111s] Level 5:colcon.colcon_core.verb:set package 'kinect_v2' build argument 'catkin_cmake_args' from command line to 'None'
[1.111s] Level 5:colcon.colcon_core.verb:set package 'kinect_v2' build argument 'catkin_skip_building_tests' from command line to 'False'
[1.111s] DEBUG:colcon.colcon_core.verb:Building package 'kinect_v2' with the following arguments: {'ament_cmake_args': None, 'build_base': '/home/yzquality/vinerobot_example/build/kinect_v2', 'catkin_cmake_args': None, 'catkin_skip_building_tests': False, 'cmake_args': None, 'cmake_clean_cache': False, 'cmake_clean_first': False, 'cmake_force_configure': False, 'cmake_target': None, 'cmake_target_skip_unavailable': False, 'install_base': '/home/yzquality/vinerobot_example/install/kinect_v2', 'merge_install': False, 'path': '/home/yzquality/vinerobot_example/src/kinect_v2_urdf/kinect_v2', 'symlink_install': False, 'test_result_base': None}
[1.112s] Level 5:colcon.colcon_core.verb:set package 'mybot_description' build argument 'cmake_args' from command line to 'None'
[1.112s] Level 5:colcon.colcon_core.verb:set package 'mybot_description' build argument 'cmake_target' from command line to 'None'
[1.112s] Level 5:colcon.colcon_core.verb:set package 'mybot_description' build argument 'cmake_target_skip_unavailable' from command line to 'False'
[1.112s] Level 5:colcon.colcon_core.verb:set package 'mybot_description' build argument 'cmake_clean_cache' from command line to 'False'
[1.112s] Level 5:colcon.colcon_core.verb:set package 'mybot_description' build argument 'cmake_clean_first' from command line to 'False'
[1.112s] Level 5:colcon.colcon_core.verb:set package 'mybot_description' build argument 'cmake_force_configure' from command line to 'False'
[1.112s] Level 5:colcon.colcon_core.verb:set package 'mybot_description' build argument 'ament_cmake_args' from command line to 'None'
[1.112s] Level 5:colcon.colcon_core.verb:set package 'mybot_description' build argument 'catkin_cmake_args' from command line to 'None'
[1.112s] Level 5:colcon.colcon_core.verb:set package 'mybot_description' build argument 'catkin_skip_building_tests' from command line to 'False'
[1.112s] DEBUG:colcon.colcon_core.verb:Building package 'mybot_description' with the following arguments: {'ament_cmake_args': None, 'build_base': '/home/yzquality/vinerobot_example/build/mybot_description', 'catkin_cmake_args': None, 'catkin_skip_building_tests': False, 'cmake_args': None, 'cmake_clean_cache': False, 'cmake_clean_first': False, 'cmake_force_configure': False, 'cmake_target': None, 'cmake_target_skip_unavailable': False, 'install_base': '/home/yzquality/vinerobot_example/install/mybot_description', 'merge_install': False, 'path': '/home/yzquality/vinerobot_example/src/mybot_description', 'symlink_install': False, 'test_result_base': None}
[1.113s] Level 5:colcon.colcon_core.verb:set package 'mybot' build argument 'cmake_args' from command line to 'None'
[1.113s] Level 5:colcon.colcon_core.verb:set package 'mybot' build argument 'cmake_target' from command line to 'None'
[1.113s] Level 5:colcon.colcon_core.verb:set package 'mybot' build argument 'cmake_target_skip_unavailable' from command line to 'False'
[1.113s] Level 5:colcon.colcon_core.verb:set package 'mybot' build argument 'cmake_clean_cache' from command line to 'False'
[1.113s] Level 5:colcon.colcon_core.verb:set package 'mybot' build argument 'cmake_clean_first' from command line to 'False'
[1.113s] Level 5:colcon.colcon_core.verb:set package 'mybot' build argument 'cmake_force_configure' from command line to 'False'
[1.113s] Level 5:colcon.colcon_core.verb:set package 'mybot' build argument 'ament_cmake_args' from command line to 'None'
[1.113s] Level 5:colcon.colcon_core.verb:set package 'mybot' build argument 'catkin_cmake_args' from command line to 'None'
[1.113s] Level 5:colcon.colcon_core.verb:set package 'mybot' build argument 'catkin_skip_building_tests' from command line to 'False'
[1.113s] DEBUG:colcon.colcon_core.verb:Building package 'mybot' with the following arguments: {'ament_cmake_args': None, 'build_base': '/home/yzquality/vinerobot_example/build/mybot', 'catkin_cmake_args': None, 'catkin_skip_building_tests': False, 'cmake_args': None, 'cmake_clean_cache': False, 'cmake_clean_first': False, 'cmake_force_configure': False, 'cmake_target': None, 'cmake_target_skip_unavailable': False, 'install_base': '/home/yzquality/vinerobot_example/install/mybot', 'merge_install': False, 'path': '/home/yzquality/vinerobot_example/src/mybot', 'symlink_install': False, 'test_result_base': None}
[1.113s] INFO:colcon.colcon_core.executor:Executing jobs using 'parallel' executor
[1.116s] DEBUG:colcon.colcon_parallel_executor.executor.parallel:run_until_complete
[1.116s] INFO:colcon.colcon_ros.task.ament_python.build:Building ROS package in '/home/yzquality/vinerobot_example/src/mybot_description' with build type 'ament_python'
[1.116s] Level 1:colcon.colcon_core.shell:create_environment_hook('mybot_description', 'ament_prefix_path')
[1.121s] INFO:colcon.colcon_core.plugin_system:Skipping extension 'colcon_core.shell.bat': Not used on non-Windows systems
[1.122s] INFO:colcon.colcon_core.shell:Creating environment hook '/home/yzquality/vinerobot_example/install/mybot_description/share/mybot_description/hook/ament_prefix_path.ps1'
[1.124s] INFO:colcon.colcon_core.shell:Creating environment descriptor '/home/yzquality/vinerobot_example/install/mybot_description/share/mybot_description/hook/ament_prefix_path.dsv'
[1.125s] INFO:colcon.colcon_core.shell:Creating environment hook '/home/yzquality/vinerobot_example/install/mybot_description/share/mybot_description/hook/ament_prefix_path.sh'
[1.127s] INFO:colcon.colcon_core.shell:Skip shell extension 'powershell' for command environment: Not usable outside of PowerShell
[1.127s] DEBUG:colcon.colcon_core.shell:Skip shell extension 'dsv' for command environment
[1.138s] INFO:colcon.colcon_ros.task.ament_python.build:Building ROS package in '/home/yzquality/vinerobot_example/src/depth_obstacle_detector' with build type 'ament_python'
[1.139s] Level 1:colcon.colcon_core.shell:create_environment_hook('depth_obstacle_detector', 'ament_prefix_path')
[1.140s] INFO:colcon.colcon_core.shell:Creating environment hook '/home/yzquality/vinerobot_example/install/depth_obstacle_detector/share/depth_obstacle_detector/hook/ament_prefix_path.ps1'
[1.141s] INFO:colcon.colcon_core.shell:Creating environment descriptor '/home/yzquality/vinerobot_example/install/depth_obstacle_detector/share/depth_obstacle_detector/hook/ament_prefix_path.dsv'
[1.142s] INFO:colcon.colcon_core.shell:Creating environment hook '/home/yzquality/vinerobot_example/install/depth_obstacle_detector/share/depth_obstacle_detector/hook/ament_prefix_path.sh'
[1.143s] INFO:colcon.colcon_core.shell:Skip shell extension 'powershell' for command environment: Not usable outside of PowerShell
[1.144s] DEBUG:colcon.colcon_core.shell:Skip shell extension 'dsv' for command environment
[1.152s] INFO:colcon.colcon_ros.task.ament_cmake.build:Building ROS package in '/home/yzquality/vinerobot_example/src/kinect_v2_urdf/kinect_v2' with build type 'ament_cmake'
[1.152s] INFO:colcon.colcon_cmake.task.cmake.build:Building CMake package in '/home/yzquality/vinerobot_example/src/kinect_v2_urdf/kinect_v2'
[1.153s] INFO:colcon.colcon_core.shell:Skip shell extension 'powershell' for command environment: Not usable outside of PowerShell
[1.153s] DEBUG:colcon.colcon_core.shell:Skip shell extension 'dsv' for command environment
[1.754s] INFO:colcon.colcon_core.task.python.build:Building Python package in '/home/yzquality/vinerobot_example/src/mybot_description'
[1.754s] INFO:colcon.colcon_core.shell:Skip shell extension 'powershell' for command environment: Not usable outside of PowerShell
[1.754s] DEBUG:colcon.colcon_core.shell:Skip shell extension 'dsv' for command environment
[1.779s] DEBUG:colcon.colcon_core.event_handler.log_command:Invoking command in '/home/yzquality/vinerobot_example/build/kinect_v2': CMAKE_PREFIX_PATH=${CMAKE_PREFIX_PATH}:/home/yzquality/vinerobot_example/install/mybot_description:/home/yzquality/vinerobot_example/install/depth_obstacle_detector:/home/yzquality/vinerobot_prp/install/mybot_description:/home/yzquality/vinerobot_prp/install/motion_controller:/home/yzquality/ros2_turtle/install/turtlesim_controller:/home/yzquality/ros2_ex1/install/mybot_description:/opt/ros/humble /usr/bin/cmake --build /home/yzquality/vinerobot_example/build/kinect_v2 -- -j4 -l4
[2.436s] INFO:colcon.colcon_core.task.python.build:Building Python package in '/home/yzquality/vinerobot_example/src/depth_obstacle_detector'
[2.436s] INFO:colcon.colcon_core.shell:Skip shell extension 'powershell' for command environment: Not usable outside of PowerShell
[2.436s] DEBUG:colcon.colcon_core.shell:Skip shell extension 'dsv' for command environment
[2.533s] DEBUG:colcon.colcon_core.event_handler.log_command:Invoked command in '/home/yzquality/vinerobot_example/build/kinect_v2' returned '0': CMAKE_PREFIX_PATH=${CMAKE_PREFIX_PATH}:/home/yzquality/vinerobot_example/install/mybot_description:/home/yzquality/vinerobot_example/install/depth_obstacle_detector:/home/yzquality/vinerobot_prp/install/mybot_description:/home/yzquality/vinerobot_prp/install/motion_controller:/home/yzquality/ros2_turtle/install/turtlesim_controller:/home/yzquality/ros2_ex1/install/mybot_description:/opt/ros/humble /usr/bin/cmake --build /home/yzquality/vinerobot_example/build/kinect_v2 -- -j4 -l4
[2.575s] DEBUG:colcon.colcon_core.event_handler.log_command:Invoking command in '/home/yzquality/vinerobot_example/build/kinect_v2': CMAKE_PREFIX_PATH=${CMAKE_PREFIX_PATH}:/home/yzquality/vinerobot_example/install/mybot_description:/home/yzquality/vinerobot_example/install/depth_obstacle_detector:/home/yzquality/vinerobot_prp/install/mybot_description:/home/yzquality/vinerobot_prp/install/motion_controller:/home/yzquality/ros2_turtle/install/turtlesim_controller:/home/yzquality/ros2_ex1/install/mybot_description:/opt/ros/humble /usr/bin/cmake --install /home/yzquality/vinerobot_example/build/kinect_v2
[2.624s] Level 1:colcon.colcon_core.environment:create_environment_scripts_only(kinect_v2)
[2.627s] DEBUG:colcon.colcon_core.event_handler.log_command:Invoked command in '/home/yzquality/vinerobot_example/build/kinect_v2' returned '0': CMAKE_PREFIX_PATH=${CMAKE_PREFIX_PATH}:/home/yzquality/vinerobot_example/install/mybot_description:/home/yzquality/vinerobot_example/install/depth_obstacle_detector:/home/yzquality/vinerobot_prp/install/mybot_description:/home/yzquality/vinerobot_prp/install/motion_controller:/home/yzquality/ros2_turtle/install/turtlesim_controller:/home/yzquality/ros2_ex1/install/mybot_description:/opt/ros/humble /usr/bin/cmake --install /home/yzquality/vinerobot_example/build/kinect_v2
[2.629s] Level 1:colcon.colcon_core.environment:checking '/home/yzquality/vinerobot_example/install/kinect_v2' for CMake module files
[2.631s] Level 1:colcon.colcon_core.environment:checking '/home/yzquality/vinerobot_example/install/kinect_v2' for CMake config files
[2.631s] Level 1:colcon.colcon_core.shell:create_environment_hook('kinect_v2', 'cmake_prefix_path')
[2.632s] INFO:colcon.colcon_core.shell:Creating environment hook '/home/yzquality/vinerobot_example/install/kinect_v2/share/kinect_v2/hook/cmake_prefix_path.ps1'
[2.639s] INFO:colcon.colcon_core.shell:Creating environment descriptor '/home/yzquality/vinerobot_example/install/kinect_v2/share/kinect_v2/hook/cmake_prefix_path.dsv'
[2.641s] INFO:colcon.colcon_core.shell:Creating environment hook '/home/yzquality/vinerobot_example/install/kinect_v2/share/kinect_v2/hook/cmake_prefix_path.sh'
[2.643s] Level 1:colcon.colcon_core.environment:checking '/home/yzquality/vinerobot_example/install/kinect_v2/bin'
[2.643s] Level 1:colcon.colcon_core.environment:checking '/home/yzquality/vinerobot_example/install/kinect_v2/lib/pkgconfig/kinect_v2.pc'
[2.643s] Level 1:colcon.colcon_core.environment:checking '/home/yzquality/vinerobot_example/install/kinect_v2/lib/python3.10/site-packages'
[2.644s] Level 1:colcon.colcon_core.environment:checking '/home/yzquality/vinerobot_example/install/kinect_v2/bin'
[2.644s] INFO:colcon.colcon_core.shell:Creating package script '/home/yzquality/vinerobot_example/install/kinect_v2/share/kinect_v2/package.ps1'
[2.646s] INFO:colcon.colcon_core.shell:Creating package descriptor '/home/yzquality/vinerobot_example/install/kinect_v2/share/kinect_v2/package.dsv'
[2.647s] INFO:colcon.colcon_core.shell:Creating package script '/home/yzquality/vinerobot_example/install/kinect_v2/share/kinect_v2/package.sh'
[2.649s] INFO:colcon.colcon_core.shell:Creating package script '/home/yzquality/vinerobot_example/install/kinect_v2/share/kinect_v2/package.bash'
[2.651s] INFO:colcon.colcon_core.shell:Creating package script '/home/yzquality/vinerobot_example/install/kinect_v2/share/kinect_v2/package.zsh'
[2.686s] Level 1:colcon.colcon_core.environment:create_file_with_runtime_dependencies(/home/yzquality/vinerobot_example/install/kinect_v2/share/colcon-core/packages/kinect_v2)
[2.690s] Level 1:colcon.colcon_core.environment:create_environment_scripts_only(kinect_v2)
[2.690s] Level 1:colcon.colcon_core.environment:checking '/home/yzquality/vinerobot_example/install/kinect_v2' for CMake module files
[2.697s] Level 1:colcon.colcon_core.environment:checking '/home/yzquality/vinerobot_example/install/kinect_v2' for CMake config files
[2.697s] Level 1:colcon.colcon_core.shell:create_environment_hook('kinect_v2', 'cmake_prefix_path')
[2.704s] INFO:colcon.colcon_core.shell:Creating environment hook '/home/yzquality/vinerobot_example/install/kinect_v2/share/kinect_v2/hook/cmake_prefix_path.ps1'
[2.716s] INFO:colcon.colcon_core.shell:Creating environment descriptor '/home/yzquality/vinerobot_example/install/kinect_v2/share/kinect_v2/hook/cmake_prefix_path.dsv'
[2.717s] INFO:colcon.colcon_core.shell:Creating environment hook '/home/yzquality/vinerobot_example/install/kinect_v2/share/kinect_v2/hook/cmake_prefix_path.sh'
[2.718s] Level 1:colcon.colcon_core.environment:checking '/home/yzquality/vinerobot_example/install/kinect_v2/bin'
[2.718s] Level 1:colcon.colcon_core.environment:checking '/home/yzquality/vinerobot_example/install/kinect_v2/lib/pkgconfig/kinect_v2.pc'
[2.719s] Level 1:colcon.colcon_core.environment:checking '/home/yzquality/vinerobot_example/install/kinect_v2/lib/python3.10/site-packages'
[2.719s] Level 1:colcon.colcon_core.environment:checking '/home/yzquality/vinerobot_example/install/kinect_v2/bin'
[2.720s] INFO:colcon.colcon_core.shell:Creating package script '/home/yzquality/vinerobot_example/install/kinect_v2/share/kinect_v2/package.ps1'
[2.720s] INFO:colcon.colcon_core.shell:Creating package descriptor '/home/yzquality/vinerobot_example/install/kinect_v2/share/kinect_v2/package.dsv'
[2.721s] INFO:colcon.colcon_core.shell:Creating package script '/home/yzquality/vinerobot_example/install/kinect_v2/share/kinect_v2/package.sh'
[2.722s] INFO:colcon.colcon_core.shell:Creating package script '/home/yzquality/vinerobot_example/install/kinect_v2/share/kinect_v2/package.bash'
[2.724s] INFO:colcon.colcon_core.shell:Creating package script '/home/yzquality/vinerobot_example/install/kinect_v2/share/kinect_v2/package.zsh'
[2.725s] Level 1:colcon.colcon_core.environment:create_file_with_runtime_dependencies(/home/yzquality/vinerobot_example/install/kinect_v2/share/colcon-core/packages/kinect_v2)
[3.425s] DEBUG:colcon.colcon_core.event_handler.log_command:Invoking command in '/home/yzquality/vinerobot_example/src/mybot_description': PYTHONPATH=/home/yzquality/vinerobot_example/build/mybot_description/prefix_override:/usr/lib/python3/dist-packages/colcon_core/task/python/colcon_distutils_commands:/home/yzquality/vinerobot_example/install/mybot_description/lib/python3.10/site-packages:${PYTHONPATH} /usr/bin/python3 -W ignore:setup.py install is deprecated -W ignore:easy_install command is deprecated setup.py egg_info --egg-base ../../build/mybot_description build --build-base /home/yzquality/vinerobot_example/build/mybot_description/build install --record /home/yzquality/vinerobot_example/build/mybot_description/install.log --single-version-externally-managed install_data
[3.867s] DEBUG:colcon.colcon_core.event_handler.log_command:Invoking command in '/home/yzquality/vinerobot_example/src/depth_obstacle_detector': PYTHONPATH=/home/yzquality/vinerobot_example/build/depth_obstacle_detector/prefix_override:/usr/lib/python3/dist-packages/colcon_core/task/python/colcon_distutils_commands:/home/yzquality/vinerobot_example/install/depth_obstacle_detector/lib/python3.10/site-packages:${PYTHONPATH} /usr/bin/python3 -W ignore:setup.py install is deprecated -W ignore:easy_install command is deprecated setup.py egg_info --egg-base ../../build/depth_obstacle_detector build --build-base /home/yzquality/vinerobot_example/build/depth_obstacle_detector/build install --record /home/yzquality/vinerobot_example/build/depth_obstacle_detector/install.log --single-version-externally-managed install_data
[4.290s] Level 1:colcon.colcon_core.environment:checking '/home/yzquality/vinerobot_example/install/mybot_description' for CMake module files
[4.300s] Level 1:colcon.colcon_core.environment:checking '/home/yzquality/vinerobot_example/install/mybot_description' for CMake config files
[4.303s] Level 1:colcon.colcon_core.environment:checking '/home/yzquality/vinerobot_example/install/mybot_description/lib'
[4.304s] Level 1:colcon.colcon_core.environment:checking '/home/yzquality/vinerobot_example/install/mybot_description/bin'
[4.304s] Level 1:colcon.colcon_core.environment:checking '/home/yzquality/vinerobot_example/install/mybot_description/lib/pkgconfig/mybot_description.pc'
[4.305s] Level 1:colcon.colcon_core.environment:checking '/home/yzquality/vinerobot_example/install/mybot_description/lib/python3.10/site-packages'
[4.308s] Level 1:colcon.colcon_core.shell:create_environment_hook('mybot_description', 'pythonpath')
[4.318s] INFO:colcon.colcon_core.shell:Creating environment hook '/home/yzquality/vinerobot_example/install/mybot_description/share/mybot_description/hook/pythonpath.ps1'
[4.321s] DEBUG:colcon.colcon_core.event_handler.log_command:Invoked command in '/home/yzquality/vinerobot_example/src/mybot_description' returned '0': PYTHONPATH=/home/yzquality/vinerobot_example/build/mybot_description/prefix_override:/usr/lib/python3/dist-packages/colcon_core/task/python/colcon_distutils_commands:/home/yzquality/vinerobot_example/install/mybot_description/lib/python3.10/site-packages:${PYTHONPATH} /usr/bin/python3 -W ignore:setup.py install is deprecated -W ignore:easy_install command is deprecated setup.py egg_info --egg-base ../../build/mybot_description build --build-base /home/yzquality/vinerobot_example/build/mybot_description/build install --record /home/yzquality/vinerobot_example/build/mybot_description/install.log --single-version-externally-managed install_data
[4.326s] INFO:colcon.colcon_core.shell:Creating environment descriptor '/home/yzquality/vinerobot_example/install/mybot_description/share/mybot_description/hook/pythonpath.dsv'
[4.327s] INFO:colcon.colcon_core.shell:Creating environment hook '/home/yzquality/vinerobot_example/install/mybot_description/share/mybot_description/hook/pythonpath.sh'
[4.328s] Level 1:colcon.colcon_core.environment:checking '/home/yzquality/vinerobot_example/install/mybot_description/bin'
[4.328s] Level 1:colcon.colcon_core.environment:create_environment_scripts_only(mybot_description)
[4.329s] INFO:colcon.colcon_core.shell:Creating package script '/home/yzquality/vinerobot_example/install/mybot_description/share/mybot_description/package.ps1'
[4.330s] INFO:colcon.colcon_core.shell:Creating package descriptor '/home/yzquality/vinerobot_example/install/mybot_description/share/mybot_description/package.dsv'
[4.330s] INFO:colcon.colcon_core.shell:Creating package script '/home/yzquality/vinerobot_example/install/mybot_description/share/mybot_description/package.sh'
[4.335s] INFO:colcon.colcon_core.shell:Creating package script '/home/yzquality/vinerobot_example/install/mybot_description/share/mybot_description/package.bash'
[4.344s] INFO:colcon.colcon_core.shell:Creating package script '/home/yzquality/vinerobot_example/install/mybot_description/share/mybot_description/package.zsh'
[4.351s] Level 1:colcon.colcon_core.environment:create_file_with_runtime_dependencies(/home/yzquality/vinerobot_example/install/mybot_description/share/colcon-core/packages/mybot_description)
[4.355s] INFO:colcon.colcon_ros.task.ament_cmake.build:Building ROS package in '/home/yzquality/vinerobot_example/src/mybot' with build type 'ament_cmake'
[4.357s] INFO:colcon.colcon_cmake.task.cmake.build:Building CMake package in '/home/yzquality/vinerobot_example/src/mybot'
[4.362s] INFO:colcon.colcon_core.shell:Skip shell extension 'powershell' for command environment: Not usable outside of PowerShell
[4.362s] DEBUG:colcon.colcon_core.shell:Skip shell extension 'dsv' for command environment
[4.598s] DEBUG:colcon.colcon_core.event_handler.log_command:Invoking command in '/home/yzquality/vinerobot_example/build/mybot': AMENT_PREFIX_PATH=/home/yzquality/vinerobot_example/install/mybot_description:/home/yzquality/vinerobot_example/install/mybot:/home/yzquality/vinerobot_example/install/kinect_v2:/home/yzquality/vinerobot_example/install/depth_obstacle_detector:/home/yzquality/vinerobot_prp/install/mybot:/home/yzquality/vinerobot_prp/install/mybot_description:/home/yzquality/vinerobot_prp/install/motion_controller:/home/yzquality/ros2_turtle/install/turtlesim_controller:/home/yzquality/ros2_ex1/install/mybot:/home/yzquality/ros2_ex1/install/mybot_description:/opt/ros/humble CMAKE_PREFIX_PATH=${CMAKE_PREFIX_PATH}:/home/yzquality/vinerobot_example/install/mybot_description:/home/yzquality/vinerobot_example/install/depth_obstacle_detector:/home/yzquality/vinerobot_prp/install/mybot_description:/home/yzquality/vinerobot_prp/install/motion_controller:/home/yzquality/ros2_turtle/install/turtlesim_controller:/home/yzquality/ros2_ex1/install/mybot_description:/opt/ros/humble /usr/bin/cmake --build /home/yzquality/vinerobot_example/build/mybot -- -j4 -l4
[4.725s] DEBUG:colcon.colcon_core.event_handler.log_command:Invoked command in '/home/yzquality/vinerobot_example/build/mybot' returned '0': AMENT_PREFIX_PATH=/home/yzquality/vinerobot_example/install/mybot_description:/home/yzquality/vinerobot_example/install/mybot:/home/yzquality/vinerobot_example/install/kinect_v2:/home/yzquality/vinerobot_example/install/depth_obstacle_detector:/home/yzquality/vinerobot_prp/install/mybot:/home/yzquality/vinerobot_prp/install/mybot_description:/home/yzquality/vinerobot_prp/install/motion_controller:/home/yzquality/ros2_turtle/install/turtlesim_controller:/home/yzquality/ros2_ex1/install/mybot:/home/yzquality/ros2_ex1/install/mybot_description:/opt/ros/humble CMAKE_PREFIX_PATH=${CMAKE_PREFIX_PATH}:/home/yzquality/vinerobot_example/install/mybot_description:/home/yzquality/vinerobot_example/install/depth_obstacle_detector:/home/yzquality/vinerobot_prp/install/mybot_description:/home/yzquality/vinerobot_prp/install/motion_controller:/home/yzquality/ros2_turtle/install/turtlesim_controller:/home/yzquality/ros2_ex1/install/mybot_description:/opt/ros/humble /usr/bin/cmake --build /home/yzquality/vinerobot_example/build/mybot -- -j4 -l4
[4.748s] DEBUG:colcon.colcon_core.event_handler.log_command:Invoking command in '/home/yzquality/vinerobot_example/build/mybot': AMENT_PREFIX_PATH=/home/yzquality/vinerobot_example/install/mybot_description:/home/yzquality/vinerobot_example/install/mybot:/home/yzquality/vinerobot_example/install/kinect_v2:/home/yzquality/vinerobot_example/install/depth_obstacle_detector:/home/yzquality/vinerobot_prp/install/mybot:/home/yzquality/vinerobot_prp/install/mybot_description:/home/yzquality/vinerobot_prp/install/motion_controller:/home/yzquality/ros2_turtle/install/turtlesim_controller:/home/yzquality/ros2_ex1/install/mybot:/home/yzquality/ros2_ex1/install/mybot_description:/opt/ros/humble CMAKE_PREFIX_PATH=${CMAKE_PREFIX_PATH}:/home/yzquality/vinerobot_example/install/mybot_description:/home/yzquality/vinerobot_example/install/depth_obstacle_detector:/home/yzquality/vinerobot_prp/install/mybot_description:/home/yzquality/vinerobot_prp/install/motion_controller:/home/yzquality/ros2_turtle/install/turtlesim_controller:/home/yzquality/ros2_ex1/install/mybot_description:/opt/ros/humble /usr/bin/cmake --install /home/yzquality/vinerobot_example/build/mybot
[4.788s] Level 1:colcon.colcon_core.environment:create_environment_scripts_only(mybot)
[4.788s] Level 1:colcon.colcon_core.environment:checking '/home/yzquality/vinerobot_example/install/mybot' for CMake module files
[4.791s] Level 1:colcon.colcon_core.environment:checking '/home/yzquality/vinerobot_example/install/mybot' for CMake config files
[4.795s] DEBUG:colcon.colcon_core.event_handler.log_command:Invoked command in '/home/yzquality/vinerobot_example/build/mybot' returned '0': AMENT_PREFIX_PATH=/home/yzquality/vinerobot_example/install/mybot_description:/home/yzquality/vinerobot_example/install/mybot:/home/yzquality/vinerobot_example/install/kinect_v2:/home/yzquality/vinerobot_example/install/depth_obstacle_detector:/home/yzquality/vinerobot_prp/install/mybot:/home/yzquality/vinerobot_prp/install/mybot_description:/home/yzquality/vinerobot_prp/install/motion_controller:/home/yzquality/ros2_turtle/install/turtlesim_controller:/home/yzquality/ros2_ex1/install/mybot:/home/yzquality/ros2_ex1/install/mybot_description:/opt/ros/humble CMAKE_PREFIX_PATH=${CMAKE_PREFIX_PATH}:/home/yzquality/vinerobot_example/install/mybot_description:/home/yzquality/vinerobot_example/install/depth_obstacle_detector:/home/yzquality/vinerobot_prp/install/mybot_description:/home/yzquality/vinerobot_prp/install/motion_controller:/home/yzquality/ros2_turtle/install/turtlesim_controller:/home/yzquality/ros2_ex1/install/mybot_description:/opt/ros/humble /usr/bin/cmake --install /home/yzquality/vinerobot_example/build/mybot
[4.797s] Level 1:colcon.colcon_core.shell:create_environment_hook('mybot', 'cmake_prefix_path')
[4.798s] INFO:colcon.colcon_core.shell:Creating environment hook '/home/yzquality/vinerobot_example/install/mybot/share/mybot/hook/cmake_prefix_path.ps1'
[4.799s] INFO:colcon.colcon_core.shell:Creating environment descriptor '/home/yzquality/vinerobot_example/install/mybot/share/mybot/hook/cmake_prefix_path.dsv'
[4.800s] INFO:colcon.colcon_core.shell:Creating environment hook '/home/yzquality/vinerobot_example/install/mybot/share/mybot/hook/cmake_prefix_path.sh'
[4.816s] Level 1:colcon.colcon_core.environment:checking '/home/yzquality/vinerobot_example/install/mybot/bin'
[4.818s] Level 1:colcon.colcon_core.environment:checking '/home/yzquality/vinerobot_example/install/mybot/lib/pkgconfig/mybot.pc'
[4.819s] Level 1:colcon.colcon_core.environment:checking '/home/yzquality/vinerobot_example/install/mybot/lib/python3.10/site-packages'
[4.819s] Level 1:colcon.colcon_core.environment:checking '/home/yzquality/vinerobot_example/install/mybot/bin'
[4.821s] INFO:colcon.colcon_core.shell:Creating package script '/home/yzquality/vinerobot_example/install/mybot/share/mybot/package.ps1'
[4.824s] INFO:colcon.colcon_core.shell:Creating package descriptor '/home/yzquality/vinerobot_example/install/mybot/share/mybot/package.dsv'
[4.831s] INFO:colcon.colcon_core.shell:Creating package script '/home/yzquality/vinerobot_example/install/mybot/share/mybot/package.sh'
[4.840s] INFO:colcon.colcon_core.shell:Creating package script '/home/yzquality/vinerobot_example/install/mybot/share/mybot/package.bash'
[4.857s] INFO:colcon.colcon_core.shell:Creating package script '/home/yzquality/vinerobot_example/install/mybot/share/mybot/package.zsh'
[4.860s] Level 1:colcon.colcon_core.environment:create_file_with_runtime_dependencies(/home/yzquality/vinerobot_example/install/mybot/share/colcon-core/packages/mybot)
[4.872s] Level 1:colcon.colcon_core.environment:create_environment_scripts_only(mybot)
[4.873s] Level 1:colcon.colcon_core.environment:checking '/home/yzquality/vinerobot_example/install/mybot' for CMake module files
[4.873s] Level 1:colcon.colcon_core.environment:checking '/home/yzquality/vinerobot_example/install/mybot' for CMake config files
[4.873s] Level 1:colcon.colcon_core.shell:create_environment_hook('mybot', 'cmake_prefix_path')
[4.874s] INFO:colcon.colcon_core.shell:Creating environment hook '/home/yzquality/vinerobot_example/install/mybot/share/mybot/hook/cmake_prefix_path.ps1'
[4.875s] INFO:colcon.colcon_core.shell:Creating environment descriptor '/home/yzquality/vinerobot_example/install/mybot/share/mybot/hook/cmake_prefix_path.dsv'
[4.876s] INFO:colcon.colcon_core.shell:Creating environment hook '/home/yzquality/vinerobot_example/install/mybot/share/mybot/hook/cmake_prefix_path.sh'
[4.877s] Level 1:colcon.colcon_core.environment:checking '/home/yzquality/vinerobot_example/install/mybot/bin'
[4.877s] Level 1:colcon.colcon_core.environment:checking '/home/yzquality/vinerobot_example/install/mybot/lib/pkgconfig/mybot.pc'
[4.877s] Level 1:colcon.colcon_core.environment:checking '/home/yzquality/vinerobot_example/install/mybot/lib/python3.10/site-packages'
[4.877s] Level 1:colcon.colcon_core.environment:checking '/home/yzquality/vinerobot_example/install/mybot/bin'
[4.878s] INFO:colcon.colcon_core.shell:Creating package script '/home/yzquality/vinerobot_example/install/mybot/share/mybot/package.ps1'
[4.878s] INFO:colcon.colcon_core.shell:Creating package descriptor '/home/yzquality/vinerobot_example/install/mybot/share/mybot/package.dsv'
[4.880s] INFO:colcon.colcon_core.shell:Creating package script '/home/yzquality/vinerobot_example/install/mybot/share/mybot/package.sh'
[4.881s] INFO:colcon.colcon_core.shell:Creating package script '/home/yzquality/vinerobot_example/install/mybot/share/mybot/package.bash'
[4.882s] INFO:colcon.colcon_core.shell:Creating package script '/home/yzquality/vinerobot_example/install/mybot/share/mybot/package.zsh'
[4.883s] Level 1:colcon.colcon_core.environment:create_file_with_runtime_dependencies(/home/yzquality/vinerobot_example/install/mybot/share/colcon-core/packages/mybot)
[4.990s] Level 1:colcon.colcon_core.environment:checking '/home/yzquality/vinerobot_example/install/depth_obstacle_detector' for CMake module files
[4.993s] Level 1:colcon.colcon_core.environment:checking '/home/yzquality/vinerobot_example/install/depth_obstacle_detector' for CMake config files
[4.995s] Level 1:colcon.colcon_core.environment:checking '/home/yzquality/vinerobot_example/install/depth_obstacle_detector/lib'
[4.995s] Level 1:colcon.colcon_core.environment:checking '/home/yzquality/vinerobot_example/install/depth_obstacle_detector/bin'
[4.995s] Level 1:colcon.colcon_core.environment:checking '/home/yzquality/vinerobot_example/install/depth_obstacle_detector/lib/pkgconfig/depth_obstacle_detector.pc'
[4.995s] Level 1:colcon.colcon_core.environment:checking '/home/yzquality/vinerobot_example/install/depth_obstacle_detector/lib/python3.10/site-packages'
[4.995s] Level 1:colcon.colcon_core.shell:create_environment_hook('depth_obstacle_detector', 'pythonpath')
[4.997s] INFO:colcon.colcon_core.shell:Creating environment hook '/home/yzquality/vinerobot_example/install/depth_obstacle_detector/share/depth_obstacle_detector/hook/pythonpath.ps1'
[5.009s] INFO:colcon.colcon_core.shell:Creating environment descriptor '/home/yzquality/vinerobot_example/install/depth_obstacle_detector/share/depth_obstacle_detector/hook/pythonpath.dsv'
[5.039s] DEBUG:colcon.colcon_core.event_handler.log_command:Invoked command in '/home/yzquality/vinerobot_example/src/depth_obstacle_detector' returned '0': PYTHONPATH=/home/yzquality/vinerobot_example/build/depth_obstacle_detector/prefix_override:/usr/lib/python3/dist-packages/colcon_core/task/python/colcon_distutils_commands:/home/yzquality/vinerobot_example/install/depth_obstacle_detector/lib/python3.10/site-packages:${PYTHONPATH} /usr/bin/python3 -W ignore:setup.py install is deprecated -W ignore:easy_install command is deprecated setup.py egg_info --egg-base ../../build/depth_obstacle_detector build --build-base /home/yzquality/vinerobot_example/build/depth_obstacle_detector/build install --record /home/yzquality/vinerobot_example/build/depth_obstacle_detector/install.log --single-version-externally-managed install_data
[5.039s] INFO:colcon.colcon_core.shell:Creating environment hook '/home/yzquality/vinerobot_example/install/depth_obstacle_detector/share/depth_obstacle_detector/hook/pythonpath.sh'
[5.040s] Level 1:colcon.colcon_core.environment:checking '/home/yzquality/vinerobot_example/install/depth_obstacle_detector/bin'
[5.041s] Level 1:colcon.colcon_core.environment:create_environment_scripts_only(depth_obstacle_detector)
[5.041s] INFO:colcon.colcon_core.shell:Creating package script '/home/yzquality/vinerobot_example/install/depth_obstacle_detector/share/depth_obstacle_detector/package.ps1'
[5.042s] INFO:colcon.colcon_core.shell:Creating package descriptor '/home/yzquality/vinerobot_example/install/depth_obstacle_detector/share/depth_obstacle_detector/package.dsv'
[5.043s] INFO:colcon.colcon_core.shell:Creating package script '/home/yzquality/vinerobot_example/install/depth_obstacle_detector/share/depth_obstacle_detector/package.sh'
[5.045s] INFO:colcon.colcon_core.shell:Creating package script '/home/yzquality/vinerobot_example/install/depth_obstacle_detector/share/depth_obstacle_detector/package.bash'
[5.045s] INFO:colcon.colcon_core.shell:Creating package script '/home/yzquality/vinerobot_example/install/depth_obstacle_detector/share/depth_obstacle_detector/package.zsh'
[5.046s] Level 1:colcon.colcon_core.environment:create_file_with_runtime_dependencies(/home/yzquality/vinerobot_example/install/depth_obstacle_detector/share/colcon-core/packages/depth_obstacle_detector)
[5.047s] DEBUG:colcon.colcon_parallel_executor.executor.parallel:closing loop
[5.047s] DEBUG:colcon.colcon_parallel_executor.executor.parallel:loop closed
[5.047s] DEBUG:colcon.colcon_parallel_executor.executor.parallel:run_until_complete finished with '0'
[5.047s] DEBUG:colcon.colcon_core.event_reactor:joining thread
[5.053s] INFO:colcon.colcon_core.plugin_system:Skipping extension 'colcon_notification.desktop_notification.terminal_notifier': Not used on non-Darwin systems
[5.054s] INFO:colcon.colcon_core.plugin_system:Skipping extension 'colcon_notification.desktop_notification.win32': Not used on non-Windows systems
[5.054s] INFO:colcon.colcon_notification.desktop_notification:Sending desktop notification using 'notify2'
[5.112s] DEBUG:colcon.colcon_core.event_reactor:joined thread
[5.114s] INFO:colcon.colcon_core.shell:Creating prefix script '/home/yzquality/vinerobot_example/install/local_setup.ps1'
[5.117s] INFO:colcon.colcon_core.shell:Creating prefix util module '/home/yzquality/vinerobot_example/install/_local_setup_util_ps1.py'
[5.121s] INFO:colcon.colcon_core.shell:Creating prefix chain script '/home/yzquality/vinerobot_example/install/setup.ps1'
[5.126s] INFO:colcon.colcon_core.shell:Creating prefix script '/home/yzquality/vinerobot_example/install/local_setup.sh'
[5.127s] INFO:colcon.colcon_core.shell:Creating prefix util module '/home/yzquality/vinerobot_example/install/_local_setup_util_sh.py'
[5.128s] INFO:colcon.colcon_core.shell:Creating prefix chain script '/home/yzquality/vinerobot_example/install/setup.sh'
[5.130s] INFO:colcon.colcon_core.shell:Creating prefix script '/home/yzquality/vinerobot_example/install/local_setup.bash'
[5.130s] INFO:colcon.colcon_core.shell:Creating prefix chain script '/home/yzquality/vinerobot_example/install/setup.bash'
[5.132s] INFO:colcon.colcon_core.shell:Creating prefix script '/home/yzquality/vinerobot_example/install/local_setup.zsh'
[5.133s] INFO:colcon.colcon_core.shell:Creating prefix chain script '/home/yzquality/vinerobot_example/install/setup.zsh'
