[1.192s] Invoking command in '/home/yzquality/vinerobot_example/build/kinect_v2': CMAKE_PREFIX_PATH=${CMAKE_PREFIX_PATH}:/home/yzquality/vinerobot_example/install/mybot_description:/home/yzquality/vinerobot_example/install/depth_obstacle_detector:/home/yzquality/vinerobot_prp/install/mybot_description:/home/yzquality/vinerobot_prp/install/motion_controller:/home/yzquality/ros2_turtle/install/turtlesim_controller:/home/yzquality/ros2_ex1/install/mybot_description:/opt/ros/humble /usr/bin/cmake --build /home/yzquality/vinerobot_example/build/kinect_v2 -- -j4 -l4
[1.584s] Invoked command in '/home/yzquality/vinerobot_example/build/kinect_v2' returned '0': CMAKE_PREFIX_PATH=${CMAKE_PREFIX_PATH}:/home/yzquality/vinerobot_example/install/mybot_description:/home/yzquality/vinerobot_example/install/depth_obstacle_detector:/home/yzquality/vinerobot_prp/install/mybot_description:/home/yzquality/vinerobot_prp/install/motion_controller:/home/yzquality/ros2_turtle/install/turtlesim_controller:/home/yzquality/ros2_ex1/install/mybot_description:/opt/ros/humble /usr/bin/cmake --build /home/yzquality/vinerobot_example/build/kinect_v2 -- -j4 -l4
[1.652s] Invoking command in '/home/yzquality/vinerobot_example/build/kinect_v2': CMAKE_PREFIX_PATH=${CMAKE_PREFIX_PATH}:/home/yzquality/vinerobot_example/install/mybot_description:/home/yzquality/vinerobot_example/install/depth_obstacle_detector:/home/yzquality/vinerobot_prp/install/mybot_description:/home/yzquality/vinerobot_prp/install/motion_controller:/home/yzquality/ros2_turtle/install/turtlesim_controller:/home/yzquality/ros2_ex1/install/mybot_description:/opt/ros/humble /usr/bin/cmake --install /home/yzquality/vinerobot_example/build/kinect_v2
[1.657s] -- Install configuration: ""
[1.661s] -- Up-to-date: /home/yzquality/vinerobot_example/install/kinect_v2/share/kinect_v2/launch
[1.665s] -- Up-to-date: /home/yzquality/vinerobot_example/install/kinect_v2/share/kinect_v2/launch/display.launch
[1.665s] -- Up-to-date: /home/yzquality/vinerobot_example/install/kinect_v2/share/kinect_v2/launch/gazebo.launch
[1.666s] -- Up-to-date: /home/yzquality/vinerobot_example/install/kinect_v2/share/kinect_v2/meshes
[1.669s] -- Up-to-date: /home/yzquality/vinerobot_example/install/kinect_v2/share/kinect_v2/meshes/kinect2.STL
[1.670s] -- Up-to-date: /home/yzquality/vinerobot_example/install/kinect_v2/share/kinect_v2/urdf
[1.671s] -- Up-to-date: /home/yzquality/vinerobot_example/install/kinect_v2/share/kinect_v2/urdf/kinect_v2.urdf.xacro
[1.671s] -- Up-to-date: /home/yzquality/vinerobot_example/install/kinect_v2/share/kinect_v2/urdf/kinect_v2_standalong.urdf.xacro
[1.672s] -- Up-to-date: /home/yzquality/vinerobot_example/install/kinect_v2/share/kinect_v2/urdf/kinect_v2.gazebo.xacro
[1.672s] -- Up-to-date: /home/yzquality/vinerobot_example/install/kinect_v2/share/ament_index/resource_index/package_run_dependencies/kinect_v2
[1.674s] -- Up-to-date: /home/yzquality/vinerobot_example/install/kinect_v2/share/ament_index/resource_index/parent_prefix_path/kinect_v2
[1.675s] -- Up-to-date: /home/yzquality/vinerobot_example/install/kinect_v2/share/kinect_v2/environment/ament_prefix_path.sh
[1.675s] -- Up-to-date: /home/yzquality/vinerobot_example/install/kinect_v2/share/kinect_v2/environment/ament_prefix_path.dsv
[1.676s] -- Up-to-date: /home/yzquality/vinerobot_example/install/kinect_v2/share/kinect_v2/environment/path.sh
[1.676s] -- Up-to-date: /home/yzquality/vinerobot_example/install/kinect_v2/share/kinect_v2/environment/path.dsv
[1.677s] -- Up-to-date: /home/yzquality/vinerobot_example/install/kinect_v2/share/kinect_v2/local_setup.bash
[1.677s] -- Up-to-date: /home/yzquality/vinerobot_example/install/kinect_v2/share/kinect_v2/local_setup.sh
[1.678s] -- Up-to-date: /home/yzquality/vinerobot_example/install/kinect_v2/share/kinect_v2/local_setup.zsh
[1.678s] -- Up-to-date: /home/yzquality/vinerobot_example/install/kinect_v2/share/kinect_v2/local_setup.dsv
[1.678s] -- Installing: /home/yzquality/vinerobot_example/install/kinect_v2/share/kinect_v2/package.dsv
[1.682s] -- Up-to-date: /home/yzquality/vinerobot_example/install/kinect_v2/share/ament_index/resource_index/packages/kinect_v2
[1.685s] -- Up-to-date: /home/yzquality/vinerobot_example/install/kinect_v2/share/kinect_v2/cmake/kinect_v2Config.cmake
[1.686s] -- Up-to-date: /home/yzquality/vinerobot_example/install/kinect_v2/share/kinect_v2/cmake/kinect_v2Config-version.cmake
[1.686s] -- Up-to-date: /home/yzquality/vinerobot_example/install/kinect_v2/share/kinect_v2/package.xml
[1.727s] Invoked command in '/home/yzquality/vinerobot_example/build/kinect_v2' returned '0': CMAKE_PREFIX_PATH=${CMAKE_PREFIX_PATH}:/home/yzquality/vinerobot_example/install/mybot_description:/home/yzquality/vinerobot_example/install/depth_obstacle_detector:/home/yzquality/vinerobot_prp/install/mybot_description:/home/yzquality/vinerobot_prp/install/motion_controller:/home/yzquality/ros2_turtle/install/turtlesim_controller:/home/yzquality/ros2_ex1/install/mybot_description:/opt/ros/humble /usr/bin/cmake --install /home/yzquality/vinerobot_example/build/kinect_v2
