[0.176s] DEBUG:colcon:Command line arguments: ['/usr/bin/colcon', 'build']
[0.176s] DEBUG:colcon:Parsed command line arguments: Namespace(log_base=None, log_level=None, verb_name='build', build_base='build', install_base='install', merge_install=False, symlink_install=False, test_result_base=None, continue_on_error=False, executor='parallel', parallel_workers=4, event_handlers=None, ignore_user_meta=False, metas=['./colcon.meta'], base_paths=['.'], packages_ignore=None, packages_ignore_regex=None, paths=None, packages_up_to=None, packages_up_to_regex=None, packages_above=None, packages_above_and_dependencies=None, packages_above_depth=None, packages_select_by_dep=None, packages_skip_by_dep=None, packages_skip_up_to=None, packages_select_build_failed=False, packages_skip_build_finished=False, packages_select_test_failures=False, packages_skip_test_passed=False, packages_select=None, packages_skip=None, packages_select_regex=None, packages_skip_regex=None, packages_start=None, packages_end=None, allow_overriding=[], cmake_args=None, cmake_target=None, cmake_target_skip_unavailable=False, cmake_clean_cache=False, cmake_clean_first=False, cmake_force_configure=False, ament_cmake_args=None, catkin_cmake_args=None, catkin_skip_building_tests=False, verb_parser=<colcon_defaults.argument_parser.defaults.DefaultArgumentsDecorator object at 0x77c82adf45b0>, verb_extension=<colcon_core.verb.build.BuildVerb object at 0x77c82adf4160>, main=<bound method BuildVerb.main of <colcon_core.verb.build.BuildVerb object at 0x77c82adf4160>>)
[0.504s] Level 1:colcon.colcon_core.package_discovery:discover_packages(colcon_meta) check parameters
[0.504s] Level 1:colcon.colcon_core.package_discovery:discover_packages(recursive) check parameters
[0.504s] Level 1:colcon.colcon_core.package_discovery:discover_packages(ignore) check parameters
[0.504s] Level 1:colcon.colcon_core.package_discovery:discover_packages(path) check parameters
[0.504s] Level 1:colcon.colcon_core.package_discovery:discover_packages(colcon_meta) discover
[0.504s] Level 1:colcon.colcon_core.package_discovery:discover_packages(recursive) discover
[0.504s] INFO:colcon.colcon_core.package_discovery:Crawling recursively for packages in '/home/yzquality/vinerobot_example'
[0.504s] Level 1:colcon.colcon_core.package_identification:_identify(.) by extensions ['ignore', 'ignore_ament_install']
[0.505s] Level 1:colcon.colcon_core.package_identification:_identify(.) by extension 'ignore'
[0.505s] Level 1:colcon.colcon_core.package_identification:_identify(.) by extension 'ignore_ament_install'
[0.505s] Level 1:colcon.colcon_core.package_identification:_identify(.) by extensions ['colcon_pkg']
[0.505s] Level 1:colcon.colcon_core.package_identification:_identify(.) by extension 'colcon_pkg'
[0.505s] Level 1:colcon.colcon_core.package_identification:_identify(.) by extensions ['colcon_meta']
[0.505s] Level 1:colcon.colcon_core.package_identification:_identify(.) by extension 'colcon_meta'
[0.505s] Level 1:colcon.colcon_core.package_identification:_identify(.) by extensions ['ros']
[0.505s] Level 1:colcon.colcon_core.package_identification:_identify(.) by extension 'ros'
[0.517s] Level 1:colcon.colcon_core.package_identification:_identify(.) by extensions ['cmake', 'python']
[0.517s] Level 1:colcon.colcon_core.package_identification:_identify(.) by extension 'cmake'
[0.517s] Level 1:colcon.colcon_core.package_identification:_identify(.) by extension 'python'
[0.517s] Level 1:colcon.colcon_core.package_identification:_identify(.) by extensions ['python_setup_py']
[0.517s] Level 1:colcon.colcon_core.package_identification:_identify(.) by extension 'python_setup_py'
[0.517s] Level 1:colcon.colcon_core.package_identification:_identify(build) by extensions ['ignore', 'ignore_ament_install']
[0.518s] Level 1:colcon.colcon_core.package_identification:_identify(build) by extension 'ignore'
[0.518s] Level 1:colcon.colcon_core.package_identification:_identify(build) ignored
[0.518s] Level 1:colcon.colcon_core.package_identification:_identify(install) by extensions ['ignore', 'ignore_ament_install']
[0.518s] Level 1:colcon.colcon_core.package_identification:_identify(install) by extension 'ignore'
[0.518s] Level 1:colcon.colcon_core.package_identification:_identify(install) ignored
[0.518s] Level 1:colcon.colcon_core.package_identification:_identify(log) by extensions ['ignore', 'ignore_ament_install']
[0.518s] Level 1:colcon.colcon_core.package_identification:_identify(log) by extension 'ignore'
[0.518s] Level 1:colcon.colcon_core.package_identification:_identify(log) ignored
[0.518s] Level 1:colcon.colcon_core.package_identification:_identify(src) by extensions ['ignore', 'ignore_ament_install']
[0.518s] Level 1:colcon.colcon_core.package_identification:_identify(src) by extension 'ignore'
[0.518s] Level 1:colcon.colcon_core.package_identification:_identify(src) by extension 'ignore_ament_install'
[0.519s] Level 1:colcon.colcon_core.package_identification:_identify(src) by extensions ['colcon_pkg']
[0.519s] Level 1:colcon.colcon_core.package_identification:_identify(src) by extension 'colcon_pkg'
[0.519s] Level 1:colcon.colcon_core.package_identification:_identify(src) by extensions ['colcon_meta']
[0.519s] Level 1:colcon.colcon_core.package_identification:_identify(src) by extension 'colcon_meta'
[0.519s] Level 1:colcon.colcon_core.package_identification:_identify(src) by extensions ['ros']
[0.519s] Level 1:colcon.colcon_core.package_identification:_identify(src) by extension 'ros'
[0.519s] Level 1:colcon.colcon_core.package_identification:_identify(src) by extensions ['cmake', 'python']
[0.519s] Level 1:colcon.colcon_core.package_identification:_identify(src) by extension 'cmake'
[0.519s] Level 1:colcon.colcon_core.package_identification:_identify(src) by extension 'python'
[0.519s] Level 1:colcon.colcon_core.package_identification:_identify(src) by extensions ['python_setup_py']
[0.519s] Level 1:colcon.colcon_core.package_identification:_identify(src) by extension 'python_setup_py'
[0.519s] Level 1:colcon.colcon_core.package_identification:_identify(src/depth_obstacle_detector) by extensions ['ignore', 'ignore_ament_install']
[0.519s] Level 1:colcon.colcon_core.package_identification:_identify(src/depth_obstacle_detector) by extension 'ignore'
[0.519s] Level 1:colcon.colcon_core.package_identification:_identify(src/depth_obstacle_detector) by extension 'ignore_ament_install'
[0.519s] Level 1:colcon.colcon_core.package_identification:_identify(src/depth_obstacle_detector) by extensions ['colcon_pkg']
[0.519s] Level 1:colcon.colcon_core.package_identification:_identify(src/depth_obstacle_detector) by extension 'colcon_pkg'
[0.519s] Level 1:colcon.colcon_core.package_identification:_identify(src/depth_obstacle_detector) by extensions ['colcon_meta']
[0.519s] Level 1:colcon.colcon_core.package_identification:_identify(src/depth_obstacle_detector) by extension 'colcon_meta'
[0.519s] Level 1:colcon.colcon_core.package_identification:_identify(src/depth_obstacle_detector) by extensions ['ros']
[0.520s] Level 1:colcon.colcon_core.package_identification:_identify(src/depth_obstacle_detector) by extension 'ros'
[0.522s] DEBUG:colcon.colcon_core.package_identification:Package 'src/depth_obstacle_detector' with type 'ros.ament_python' and name 'depth_obstacle_detector'
[0.522s] Level 1:colcon.colcon_core.package_identification:_identify(src/kinect_v2_urdf) by extensions ['ignore', 'ignore_ament_install']
[0.522s] Level 1:colcon.colcon_core.package_identification:_identify(src/kinect_v2_urdf) by extension 'ignore'
[0.523s] Level 1:colcon.colcon_core.package_identification:_identify(src/kinect_v2_urdf) by extension 'ignore_ament_install'
[0.523s] Level 1:colcon.colcon_core.package_identification:_identify(src/kinect_v2_urdf) by extensions ['colcon_pkg']
[0.523s] Level 1:colcon.colcon_core.package_identification:_identify(src/kinect_v2_urdf) by extension 'colcon_pkg'
[0.523s] Level 1:colcon.colcon_core.package_identification:_identify(src/kinect_v2_urdf) by extensions ['colcon_meta']
[0.523s] Level 1:colcon.colcon_core.package_identification:_identify(src/kinect_v2_urdf) by extension 'colcon_meta'
[0.523s] Level 1:colcon.colcon_core.package_identification:_identify(src/kinect_v2_urdf) by extensions ['ros']
[0.523s] Level 1:colcon.colcon_core.package_identification:_identify(src/kinect_v2_urdf) by extension 'ros'
[0.523s] Level 1:colcon.colcon_core.package_identification:_identify(src/kinect_v2_urdf) by extensions ['cmake', 'python']
[0.523s] Level 1:colcon.colcon_core.package_identification:_identify(src/kinect_v2_urdf) by extension 'cmake'
[0.523s] Level 1:colcon.colcon_core.package_identification:_identify(src/kinect_v2_urdf) by extension 'python'
[0.523s] Level 1:colcon.colcon_core.package_identification:_identify(src/kinect_v2_urdf) by extensions ['python_setup_py']
[0.523s] Level 1:colcon.colcon_core.package_identification:_identify(src/kinect_v2_urdf) by extension 'python_setup_py'
[0.523s] Level 1:colcon.colcon_core.package_identification:_identify(src/kinect_v2_urdf/kinect_v2) by extensions ['ignore', 'ignore_ament_install']
[0.523s] Level 1:colcon.colcon_core.package_identification:_identify(src/kinect_v2_urdf/kinect_v2) by extension 'ignore'
[0.523s] Level 1:colcon.colcon_core.package_identification:_identify(src/kinect_v2_urdf/kinect_v2) by extension 'ignore_ament_install'
[0.523s] Level 1:colcon.colcon_core.package_identification:_identify(src/kinect_v2_urdf/kinect_v2) by extensions ['colcon_pkg']
[0.523s] Level 1:colcon.colcon_core.package_identification:_identify(src/kinect_v2_urdf/kinect_v2) by extension 'colcon_pkg'
[0.523s] Level 1:colcon.colcon_core.package_identification:_identify(src/kinect_v2_urdf/kinect_v2) by extensions ['colcon_meta']
[0.523s] Level 1:colcon.colcon_core.package_identification:_identify(src/kinect_v2_urdf/kinect_v2) by extension 'colcon_meta'
[0.524s] Level 1:colcon.colcon_core.package_identification:_identify(src/kinect_v2_urdf/kinect_v2) by extensions ['ros']
[0.524s] Level 1:colcon.colcon_core.package_identification:_identify(src/kinect_v2_urdf/kinect_v2) by extension 'ros'
[0.524s] DEBUG:colcon.colcon_core.package_identification:Package 'src/kinect_v2_urdf/kinect_v2' with type 'ros.ament_cmake' and name 'kinect_v2'
[0.524s] Level 1:colcon.colcon_core.package_identification:_identify(src/mybot) by extensions ['ignore', 'ignore_ament_install']
[0.525s] Level 1:colcon.colcon_core.package_identification:_identify(src/mybot) by extension 'ignore'
[0.525s] Level 1:colcon.colcon_core.package_identification:_identify(src/mybot) by extension 'ignore_ament_install'
[0.525s] Level 1:colcon.colcon_core.package_identification:_identify(src/mybot) by extensions ['colcon_pkg']
[0.525s] Level 1:colcon.colcon_core.package_identification:_identify(src/mybot) by extension 'colcon_pkg'
[0.525s] Level 1:colcon.colcon_core.package_identification:_identify(src/mybot) by extensions ['colcon_meta']
[0.525s] Level 1:colcon.colcon_core.package_identification:_identify(src/mybot) by extension 'colcon_meta'
[0.525s] Level 1:colcon.colcon_core.package_identification:_identify(src/mybot) by extensions ['ros']
[0.525s] Level 1:colcon.colcon_core.package_identification:_identify(src/mybot) by extension 'ros'
[0.526s] DEBUG:colcon.colcon_core.package_identification:Package 'src/mybot' with type 'ros.ament_cmake' and name 'mybot'
[0.526s] Level 1:colcon.colcon_core.package_identification:_identify(src/mybot_description) by extensions ['ignore', 'ignore_ament_install']
[0.526s] Level 1:colcon.colcon_core.package_identification:_identify(src/mybot_description) by extension 'ignore'
[0.526s] Level 1:colcon.colcon_core.package_identification:_identify(src/mybot_description) by extension 'ignore_ament_install'
[0.526s] Level 1:colcon.colcon_core.package_identification:_identify(src/mybot_description) by extensions ['colcon_pkg']
[0.526s] Level 1:colcon.colcon_core.package_identification:_identify(src/mybot_description) by extension 'colcon_pkg'
[0.526s] Level 1:colcon.colcon_core.package_identification:_identify(src/mybot_description) by extensions ['colcon_meta']
[0.526s] Level 1:colcon.colcon_core.package_identification:_identify(src/mybot_description) by extension 'colcon_meta'
[0.526s] Level 1:colcon.colcon_core.package_identification:_identify(src/mybot_description) by extensions ['ros']
[0.526s] Level 1:colcon.colcon_core.package_identification:_identify(src/mybot_description) by extension 'ros'
[0.527s] DEBUG:colcon.colcon_core.package_identification:Package 'src/mybot_description' with type 'ros.ament_python' and name 'mybot_description'
[0.527s] Level 1:colcon.colcon_core.package_discovery:discover_packages(recursive) using defaults
[0.527s] Level 1:colcon.colcon_core.package_discovery:discover_packages(ignore) discover
[0.527s] Level 1:colcon.colcon_core.package_discovery:discover_packages(ignore) using defaults
[0.527s] Level 1:colcon.colcon_core.package_discovery:discover_packages(path) discover
[0.527s] Level 1:colcon.colcon_core.package_discovery:discover_packages(path) using defaults
[0.550s] Level 1:colcon.colcon_core.package_discovery:discover_packages(prefix_path) check parameters
[0.550s] Level 1:colcon.colcon_core.package_discovery:discover_packages(prefix_path) discover
[0.552s] DEBUG:colcon.colcon_installed_package_information.package_discovery:Found 4 installed packages in /home/yzquality/vinerobot_example/install
[0.553s] DEBUG:colcon.colcon_installed_package_information.package_discovery:Found 3 installed packages in /home/yzquality/vinerobot_prp/install
[0.553s] DEBUG:colcon.colcon_installed_package_information.package_discovery:Found 1 installed packages in /home/yzquality/ros2_turtle/install
[0.554s] DEBUG:colcon.colcon_installed_package_information.package_discovery:Found 2 installed packages in /home/yzquality/ros2_ex1/install
[0.555s] DEBUG:colcon.colcon_installed_package_information.package_discovery:Found 337 installed packages in /opt/ros/humble
[0.566s] Level 1:colcon.colcon_core.package_discovery:discover_packages(prefix_path) using defaults
[0.700s] Level 5:colcon.colcon_core.verb:set package 'depth_obstacle_detector' build argument 'cmake_args' from command line to 'None'
[0.700s] Level 5:colcon.colcon_core.verb:set package 'depth_obstacle_detector' build argument 'cmake_target' from command line to 'None'
[0.700s] Level 5:colcon.colcon_core.verb:set package 'depth_obstacle_detector' build argument 'cmake_target_skip_unavailable' from command line to 'False'
[0.700s] Level 5:colcon.colcon_core.verb:set package 'depth_obstacle_detector' build argument 'cmake_clean_cache' from command line to 'False'
[0.700s] Level 5:colcon.colcon_core.verb:set package 'depth_obstacle_detector' build argument 'cmake_clean_first' from command line to 'False'
[0.700s] Level 5:colcon.colcon_core.verb:set package 'depth_obstacle_detector' build argument 'cmake_force_configure' from command line to 'False'
[0.700s] Level 5:colcon.colcon_core.verb:set package 'depth_obstacle_detector' build argument 'ament_cmake_args' from command line to 'None'
[0.700s] Level 5:colcon.colcon_core.verb:set package 'depth_obstacle_detector' build argument 'catkin_cmake_args' from command line to 'None'
[0.700s] Level 5:colcon.colcon_core.verb:set package 'depth_obstacle_detector' build argument 'catkin_skip_building_tests' from command line to 'False'
[0.700s] DEBUG:colcon.colcon_core.verb:Building package 'depth_obstacle_detector' with the following arguments: {'ament_cmake_args': None, 'build_base': '/home/yzquality/vinerobot_example/build/depth_obstacle_detector', 'catkin_cmake_args': None, 'catkin_skip_building_tests': False, 'cmake_args': None, 'cmake_clean_cache': False, 'cmake_clean_first': False, 'cmake_force_configure': False, 'cmake_target': None, 'cmake_target_skip_unavailable': False, 'install_base': '/home/yzquality/vinerobot_example/install/depth_obstacle_detector', 'merge_install': False, 'path': '/home/yzquality/vinerobot_example/src/depth_obstacle_detector', 'symlink_install': False, 'test_result_base': None}
[0.700s] Level 5:colcon.colcon_core.verb:set package 'kinect_v2' build argument 'cmake_args' from command line to 'None'
[0.700s] Level 5:colcon.colcon_core.verb:set package 'kinect_v2' build argument 'cmake_target' from command line to 'None'
[0.700s] Level 5:colcon.colcon_core.verb:set package 'kinect_v2' build argument 'cmake_target_skip_unavailable' from command line to 'False'
[0.700s] Level 5:colcon.colcon_core.verb:set package 'kinect_v2' build argument 'cmake_clean_cache' from command line to 'False'
[0.700s] Level 5:colcon.colcon_core.verb:set package 'kinect_v2' build argument 'cmake_clean_first' from command line to 'False'
[0.701s] Level 5:colcon.colcon_core.verb:set package 'kinect_v2' build argument 'cmake_force_configure' from command line to 'False'
[0.701s] Level 5:colcon.colcon_core.verb:set package 'kinect_v2' build argument 'ament_cmake_args' from command line to 'None'
[0.701s] Level 5:colcon.colcon_core.verb:set package 'kinect_v2' build argument 'catkin_cmake_args' from command line to 'None'
[0.701s] Level 5:colcon.colcon_core.verb:set package 'kinect_v2' build argument 'catkin_skip_building_tests' from command line to 'False'
[0.701s] DEBUG:colcon.colcon_core.verb:Building package 'kinect_v2' with the following arguments: {'ament_cmake_args': None, 'build_base': '/home/yzquality/vinerobot_example/build/kinect_v2', 'catkin_cmake_args': None, 'catkin_skip_building_tests': False, 'cmake_args': None, 'cmake_clean_cache': False, 'cmake_clean_first': False, 'cmake_force_configure': False, 'cmake_target': None, 'cmake_target_skip_unavailable': False, 'install_base': '/home/yzquality/vinerobot_example/install/kinect_v2', 'merge_install': False, 'path': '/home/yzquality/vinerobot_example/src/kinect_v2_urdf/kinect_v2', 'symlink_install': False, 'test_result_base': None}
[0.701s] Level 5:colcon.colcon_core.verb:set package 'mybot_description' build argument 'cmake_args' from command line to 'None'
[0.701s] Level 5:colcon.colcon_core.verb:set package 'mybot_description' build argument 'cmake_target' from command line to 'None'
[0.701s] Level 5:colcon.colcon_core.verb:set package 'mybot_description' build argument 'cmake_target_skip_unavailable' from command line to 'False'
[0.701s] Level 5:colcon.colcon_core.verb:set package 'mybot_description' build argument 'cmake_clean_cache' from command line to 'False'
[0.701s] Level 5:colcon.colcon_core.verb:set package 'mybot_description' build argument 'cmake_clean_first' from command line to 'False'
[0.701s] Level 5:colcon.colcon_core.verb:set package 'mybot_description' build argument 'cmake_force_configure' from command line to 'False'
[0.701s] Level 5:colcon.colcon_core.verb:set package 'mybot_description' build argument 'ament_cmake_args' from command line to 'None'
[0.701s] Level 5:colcon.colcon_core.verb:set package 'mybot_description' build argument 'catkin_cmake_args' from command line to 'None'
[0.702s] Level 5:colcon.colcon_core.verb:set package 'mybot_description' build argument 'catkin_skip_building_tests' from command line to 'False'
[0.702s] DEBUG:colcon.colcon_core.verb:Building package 'mybot_description' with the following arguments: {'ament_cmake_args': None, 'build_base': '/home/yzquality/vinerobot_example/build/mybot_description', 'catkin_cmake_args': None, 'catkin_skip_building_tests': False, 'cmake_args': None, 'cmake_clean_cache': False, 'cmake_clean_first': False, 'cmake_force_configure': False, 'cmake_target': None, 'cmake_target_skip_unavailable': False, 'install_base': '/home/yzquality/vinerobot_example/install/mybot_description', 'merge_install': False, 'path': '/home/yzquality/vinerobot_example/src/mybot_description', 'symlink_install': False, 'test_result_base': None}
[0.702s] Level 5:colcon.colcon_core.verb:set package 'mybot' build argument 'cmake_args' from command line to 'None'
[0.702s] Level 5:colcon.colcon_core.verb:set package 'mybot' build argument 'cmake_target' from command line to 'None'
[0.702s] Level 5:colcon.colcon_core.verb:set package 'mybot' build argument 'cmake_target_skip_unavailable' from command line to 'False'
[0.702s] Level 5:colcon.colcon_core.verb:set package 'mybot' build argument 'cmake_clean_cache' from command line to 'False'
[0.702s] Level 5:colcon.colcon_core.verb:set package 'mybot' build argument 'cmake_clean_first' from command line to 'False'
[0.702s] Level 5:colcon.colcon_core.verb:set package 'mybot' build argument 'cmake_force_configure' from command line to 'False'
[0.702s] Level 5:colcon.colcon_core.verb:set package 'mybot' build argument 'ament_cmake_args' from command line to 'None'
[0.702s] Level 5:colcon.colcon_core.verb:set package 'mybot' build argument 'catkin_cmake_args' from command line to 'None'
[0.702s] Level 5:colcon.colcon_core.verb:set package 'mybot' build argument 'catkin_skip_building_tests' from command line to 'False'
[0.702s] DEBUG:colcon.colcon_core.verb:Building package 'mybot' with the following arguments: {'ament_cmake_args': None, 'build_base': '/home/yzquality/vinerobot_example/build/mybot', 'catkin_cmake_args': None, 'catkin_skip_building_tests': False, 'cmake_args': None, 'cmake_clean_cache': False, 'cmake_clean_first': False, 'cmake_force_configure': False, 'cmake_target': None, 'cmake_target_skip_unavailable': False, 'install_base': '/home/yzquality/vinerobot_example/install/mybot', 'merge_install': False, 'path': '/home/yzquality/vinerobot_example/src/mybot', 'symlink_install': False, 'test_result_base': None}
[0.702s] INFO:colcon.colcon_core.executor:Executing jobs using 'parallel' executor
[0.704s] DEBUG:colcon.colcon_parallel_executor.executor.parallel:run_until_complete
[0.704s] INFO:colcon.colcon_ros.task.ament_python.build:Building ROS package in '/home/yzquality/vinerobot_example/src/mybot_description' with build type 'ament_python'
[0.704s] Level 1:colcon.colcon_core.shell:create_environment_hook('mybot_description', 'ament_prefix_path')
[0.708s] INFO:colcon.colcon_core.plugin_system:Skipping extension 'colcon_core.shell.bat': Not used on non-Windows systems
[0.709s] INFO:colcon.colcon_core.shell:Creating environment hook '/home/yzquality/vinerobot_example/install/mybot_description/share/mybot_description/hook/ament_prefix_path.ps1'
[0.710s] INFO:colcon.colcon_core.shell:Creating environment descriptor '/home/yzquality/vinerobot_example/install/mybot_description/share/mybot_description/hook/ament_prefix_path.dsv'
[0.714s] INFO:colcon.colcon_core.shell:Creating environment hook '/home/yzquality/vinerobot_example/install/mybot_description/share/mybot_description/hook/ament_prefix_path.sh'
[0.723s] INFO:colcon.colcon_core.shell:Skip shell extension 'powershell' for command environment: Not usable outside of PowerShell
[0.724s] DEBUG:colcon.colcon_core.shell:Skip shell extension 'dsv' for command environment
[0.738s] INFO:colcon.colcon_ros.task.ament_python.build:Building ROS package in '/home/yzquality/vinerobot_example/src/depth_obstacle_detector' with build type 'ament_python'
[0.738s] Level 1:colcon.colcon_core.shell:create_environment_hook('depth_obstacle_detector', 'ament_prefix_path')
[0.739s] INFO:colcon.colcon_core.shell:Creating environment hook '/home/yzquality/vinerobot_example/install/depth_obstacle_detector/share/depth_obstacle_detector/hook/ament_prefix_path.ps1'
[0.740s] INFO:colcon.colcon_core.shell:Creating environment descriptor '/home/yzquality/vinerobot_example/install/depth_obstacle_detector/share/depth_obstacle_detector/hook/ament_prefix_path.dsv'
[0.741s] INFO:colcon.colcon_core.shell:Creating environment hook '/home/yzquality/vinerobot_example/install/depth_obstacle_detector/share/depth_obstacle_detector/hook/ament_prefix_path.sh'
[0.743s] INFO:colcon.colcon_core.shell:Skip shell extension 'powershell' for command environment: Not usable outside of PowerShell
[0.743s] DEBUG:colcon.colcon_core.shell:Skip shell extension 'dsv' for command environment
[0.755s] INFO:colcon.colcon_ros.task.ament_cmake.build:Building ROS package in '/home/yzquality/vinerobot_example/src/kinect_v2_urdf/kinect_v2' with build type 'ament_cmake'
[0.755s] INFO:colcon.colcon_cmake.task.cmake.build:Building CMake package in '/home/yzquality/vinerobot_example/src/kinect_v2_urdf/kinect_v2'
[0.755s] INFO:colcon.colcon_core.shell:Skip shell extension 'powershell' for command environment: Not usable outside of PowerShell
[0.755s] DEBUG:colcon.colcon_core.shell:Skip shell extension 'dsv' for command environment
[1.438s] INFO:colcon.colcon_core.task.python.build:Building Python package in '/home/yzquality/vinerobot_example/src/mybot_description'
[1.439s] INFO:colcon.colcon_core.shell:Skip shell extension 'powershell' for command environment: Not usable outside of PowerShell
[1.439s] DEBUG:colcon.colcon_core.shell:Skip shell extension 'dsv' for command environment
[2.018s] INFO:colcon.colcon_core.task.python.build:Building Python package in '/home/yzquality/vinerobot_example/src/depth_obstacle_detector'
[2.018s] INFO:colcon.colcon_core.shell:Skip shell extension 'powershell' for command environment: Not usable outside of PowerShell
[2.018s] DEBUG:colcon.colcon_core.shell:Skip shell extension 'dsv' for command environment
[2.085s] DEBUG:colcon.colcon_core.event_handler.log_command:Invoking command in '/home/yzquality/vinerobot_example/build/kinect_v2': CMAKE_PREFIX_PATH=${CMAKE_PREFIX_PATH}:/home/yzquality/vinerobot_example/install/mybot_description:/home/yzquality/vinerobot_example/install/depth_obstacle_detector:/home/yzquality/vinerobot_prp/install/mybot_description:/home/yzquality/vinerobot_prp/install/motion_controller:/home/yzquality/ros2_turtle/install/turtlesim_controller:/home/yzquality/ros2_ex1/install/mybot_description:/opt/ros/humble /usr/bin/cmake --build /home/yzquality/vinerobot_example/build/kinect_v2 -- -j4 -l4
[2.437s] DEBUG:colcon.colcon_core.event_handler.log_command:Invoked command in '/home/yzquality/vinerobot_example/build/kinect_v2' returned '0': CMAKE_PREFIX_PATH=${CMAKE_PREFIX_PATH}:/home/yzquality/vinerobot_example/install/mybot_description:/home/yzquality/vinerobot_example/install/depth_obstacle_detector:/home/yzquality/vinerobot_prp/install/mybot_description:/home/yzquality/vinerobot_prp/install/motion_controller:/home/yzquality/ros2_turtle/install/turtlesim_controller:/home/yzquality/ros2_ex1/install/mybot_description:/opt/ros/humble /usr/bin/cmake --build /home/yzquality/vinerobot_example/build/kinect_v2 -- -j4 -l4
[2.520s] DEBUG:colcon.colcon_core.event_handler.log_command:Invoking command in '/home/yzquality/vinerobot_example/build/kinect_v2': CMAKE_PREFIX_PATH=${CMAKE_PREFIX_PATH}:/home/yzquality/vinerobot_example/install/mybot_description:/home/yzquality/vinerobot_example/install/depth_obstacle_detector:/home/yzquality/vinerobot_prp/install/mybot_description:/home/yzquality/vinerobot_prp/install/motion_controller:/home/yzquality/ros2_turtle/install/turtlesim_controller:/home/yzquality/ros2_ex1/install/mybot_description:/opt/ros/humble /usr/bin/cmake --install /home/yzquality/vinerobot_example/build/kinect_v2
[2.606s] Level 1:colcon.colcon_core.environment:create_environment_scripts_only(kinect_v2)
[2.615s] DEBUG:colcon.colcon_core.event_handler.log_command:Invoked command in '/home/yzquality/vinerobot_example/build/kinect_v2' returned '0': CMAKE_PREFIX_PATH=${CMAKE_PREFIX_PATH}:/home/yzquality/vinerobot_example/install/mybot_description:/home/yzquality/vinerobot_example/install/depth_obstacle_detector:/home/yzquality/vinerobot_prp/install/mybot_description:/home/yzquality/vinerobot_prp/install/motion_controller:/home/yzquality/ros2_turtle/install/turtlesim_controller:/home/yzquality/ros2_ex1/install/mybot_description:/opt/ros/humble /usr/bin/cmake --install /home/yzquality/vinerobot_example/build/kinect_v2
[2.624s] Level 1:colcon.colcon_core.environment:checking '/home/yzquality/vinerobot_example/install/kinect_v2' for CMake module files
[2.624s] Level 1:colcon.colcon_core.environment:checking '/home/yzquality/vinerobot_example/install/kinect_v2' for CMake config files
[2.624s] Level 1:colcon.colcon_core.shell:create_environment_hook('kinect_v2', 'cmake_prefix_path')
[2.625s] INFO:colcon.colcon_core.shell:Creating environment hook '/home/yzquality/vinerobot_example/install/kinect_v2/share/kinect_v2/hook/cmake_prefix_path.ps1'
[2.625s] INFO:colcon.colcon_core.shell:Creating environment descriptor '/home/yzquality/vinerobot_example/install/kinect_v2/share/kinect_v2/hook/cmake_prefix_path.dsv'
[2.626s] INFO:colcon.colcon_core.shell:Creating environment hook '/home/yzquality/vinerobot_example/install/kinect_v2/share/kinect_v2/hook/cmake_prefix_path.sh'
[2.627s] Level 1:colcon.colcon_core.environment:checking '/home/yzquality/vinerobot_example/install/kinect_v2/bin'
[2.628s] Level 1:colcon.colcon_core.environment:checking '/home/yzquality/vinerobot_example/install/kinect_v2/lib/pkgconfig/kinect_v2.pc'
[2.628s] Level 1:colcon.colcon_core.environment:checking '/home/yzquality/vinerobot_example/install/kinect_v2/lib/python3.10/site-packages'
[2.628s] Level 1:colcon.colcon_core.environment:checking '/home/yzquality/vinerobot_example/install/kinect_v2/bin'
[2.628s] INFO:colcon.colcon_core.shell:Creating package script '/home/yzquality/vinerobot_example/install/kinect_v2/share/kinect_v2/package.ps1'
[2.629s] INFO:colcon.colcon_core.shell:Creating package descriptor '/home/yzquality/vinerobot_example/install/kinect_v2/share/kinect_v2/package.dsv'
[2.630s] INFO:colcon.colcon_core.shell:Creating package script '/home/yzquality/vinerobot_example/install/kinect_v2/share/kinect_v2/package.sh'
[2.632s] INFO:colcon.colcon_core.shell:Creating package script '/home/yzquality/vinerobot_example/install/kinect_v2/share/kinect_v2/package.bash'
[2.633s] INFO:colcon.colcon_core.shell:Creating package script '/home/yzquality/vinerobot_example/install/kinect_v2/share/kinect_v2/package.zsh'
[2.635s] Level 1:colcon.colcon_core.environment:create_file_with_runtime_dependencies(/home/yzquality/vinerobot_example/install/kinect_v2/share/colcon-core/packages/kinect_v2)
[2.636s] Level 1:colcon.colcon_core.environment:create_environment_scripts_only(kinect_v2)
[2.636s] Level 1:colcon.colcon_core.environment:checking '/home/yzquality/vinerobot_example/install/kinect_v2' for CMake module files
[2.637s] Level 1:colcon.colcon_core.environment:checking '/home/yzquality/vinerobot_example/install/kinect_v2' for CMake config files
[2.637s] Level 1:colcon.colcon_core.shell:create_environment_hook('kinect_v2', 'cmake_prefix_path')
[2.637s] INFO:colcon.colcon_core.shell:Creating environment hook '/home/yzquality/vinerobot_example/install/kinect_v2/share/kinect_v2/hook/cmake_prefix_path.ps1'
[2.638s] INFO:colcon.colcon_core.shell:Creating environment descriptor '/home/yzquality/vinerobot_example/install/kinect_v2/share/kinect_v2/hook/cmake_prefix_path.dsv'
[2.639s] INFO:colcon.colcon_core.shell:Creating environment hook '/home/yzquality/vinerobot_example/install/kinect_v2/share/kinect_v2/hook/cmake_prefix_path.sh'
[2.640s] Level 1:colcon.colcon_core.environment:checking '/home/yzquality/vinerobot_example/install/kinect_v2/bin'
[2.640s] Level 1:colcon.colcon_core.environment:checking '/home/yzquality/vinerobot_example/install/kinect_v2/lib/pkgconfig/kinect_v2.pc'
[2.640s] Level 1:colcon.colcon_core.environment:checking '/home/yzquality/vinerobot_example/install/kinect_v2/lib/python3.10/site-packages'
[2.641s] Level 1:colcon.colcon_core.environment:checking '/home/yzquality/vinerobot_example/install/kinect_v2/bin'
[2.641s] INFO:colcon.colcon_core.shell:Creating package script '/home/yzquality/vinerobot_example/install/kinect_v2/share/kinect_v2/package.ps1'
[2.642s] INFO:colcon.colcon_core.shell:Creating package descriptor '/home/yzquality/vinerobot_example/install/kinect_v2/share/kinect_v2/package.dsv'
[2.643s] INFO:colcon.colcon_core.shell:Creating package script '/home/yzquality/vinerobot_example/install/kinect_v2/share/kinect_v2/package.sh'
[2.644s] INFO:colcon.colcon_core.shell:Creating package script '/home/yzquality/vinerobot_example/install/kinect_v2/share/kinect_v2/package.bash'
[2.645s] INFO:colcon.colcon_core.shell:Creating package script '/home/yzquality/vinerobot_example/install/kinect_v2/share/kinect_v2/package.zsh'
[2.645s] Level 1:colcon.colcon_core.environment:create_file_with_runtime_dependencies(/home/yzquality/vinerobot_example/install/kinect_v2/share/colcon-core/packages/kinect_v2)
[3.494s] DEBUG:colcon.colcon_core.event_handler.log_command:Invoking command in '/home/yzquality/vinerobot_example/src/mybot_description': PYTHONPATH=/home/yzquality/vinerobot_example/build/mybot_description/prefix_override:/usr/lib/python3/dist-packages/colcon_core/task/python/colcon_distutils_commands:/home/yzquality/vinerobot_example/install/mybot_description/lib/python3.10/site-packages:${PYTHONPATH} /usr/bin/python3 -W ignore:setup.py install is deprecated -W ignore:easy_install command is deprecated setup.py egg_info --egg-base ../../build/mybot_description build --build-base /home/yzquality/vinerobot_example/build/mybot_description/build install --record /home/yzquality/vinerobot_example/build/mybot_description/install.log --single-version-externally-managed install_data
[3.548s] DEBUG:colcon.colcon_core.event_handler.log_command:Invoking command in '/home/yzquality/vinerobot_example/src/depth_obstacle_detector': PYTHONPATH=/home/yzquality/vinerobot_example/build/depth_obstacle_detector/prefix_override:/usr/lib/python3/dist-packages/colcon_core/task/python/colcon_distutils_commands:/home/yzquality/vinerobot_example/install/depth_obstacle_detector/lib/python3.10/site-packages:${PYTHONPATH} /usr/bin/python3 -W ignore:setup.py install is deprecated -W ignore:easy_install command is deprecated setup.py egg_info --egg-base ../../build/depth_obstacle_detector build --build-base /home/yzquality/vinerobot_example/build/depth_obstacle_detector/build install --record /home/yzquality/vinerobot_example/build/depth_obstacle_detector/install.log --single-version-externally-managed install_data
[4.539s] Level 1:colcon.colcon_core.environment:checking '/home/yzquality/vinerobot_example/install/mybot_description' for CMake module files
[4.541s] Level 1:colcon.colcon_core.environment:checking '/home/yzquality/vinerobot_example/install/mybot_description' for CMake config files
[4.542s] DEBUG:colcon.colcon_core.event_handler.log_command:Invoked command in '/home/yzquality/vinerobot_example/src/mybot_description' returned '0': PYTHONPATH=/home/yzquality/vinerobot_example/build/mybot_description/prefix_override:/usr/lib/python3/dist-packages/colcon_core/task/python/colcon_distutils_commands:/home/yzquality/vinerobot_example/install/mybot_description/lib/python3.10/site-packages:${PYTHONPATH} /usr/bin/python3 -W ignore:setup.py install is deprecated -W ignore:easy_install command is deprecated setup.py egg_info --egg-base ../../build/mybot_description build --build-base /home/yzquality/vinerobot_example/build/mybot_description/build install --record /home/yzquality/vinerobot_example/build/mybot_description/install.log --single-version-externally-managed install_data
[4.544s] Level 1:colcon.colcon_core.environment:checking '/home/yzquality/vinerobot_example/install/mybot_description/lib'
[4.545s] Level 1:colcon.colcon_core.environment:checking '/home/yzquality/vinerobot_example/install/mybot_description/bin'
[4.545s] Level 1:colcon.colcon_core.environment:checking '/home/yzquality/vinerobot_example/install/mybot_description/lib/pkgconfig/mybot_description.pc'
[4.545s] Level 1:colcon.colcon_core.environment:checking '/home/yzquality/vinerobot_example/install/mybot_description/lib/python3.10/site-packages'
[4.548s] Level 1:colcon.colcon_core.shell:create_environment_hook('mybot_description', 'pythonpath')
[4.548s] INFO:colcon.colcon_core.shell:Creating environment hook '/home/yzquality/vinerobot_example/install/mybot_description/share/mybot_description/hook/pythonpath.ps1'
[4.549s] INFO:colcon.colcon_core.shell:Creating environment descriptor '/home/yzquality/vinerobot_example/install/mybot_description/share/mybot_description/hook/pythonpath.dsv'
[4.553s] INFO:colcon.colcon_core.shell:Creating environment hook '/home/yzquality/vinerobot_example/install/mybot_description/share/mybot_description/hook/pythonpath.sh'
[4.555s] Level 1:colcon.colcon_core.environment:checking '/home/yzquality/vinerobot_example/install/mybot_description/bin'
[4.555s] Level 1:colcon.colcon_core.environment:create_environment_scripts_only(mybot_description)
[4.556s] INFO:colcon.colcon_core.shell:Creating package script '/home/yzquality/vinerobot_example/install/mybot_description/share/mybot_description/package.ps1'
[4.557s] INFO:colcon.colcon_core.shell:Creating package descriptor '/home/yzquality/vinerobot_example/install/mybot_description/share/mybot_description/package.dsv'
[4.562s] INFO:colcon.colcon_core.shell:Creating package script '/home/yzquality/vinerobot_example/install/mybot_description/share/mybot_description/package.sh'
[4.563s] INFO:colcon.colcon_core.shell:Creating package script '/home/yzquality/vinerobot_example/install/mybot_description/share/mybot_description/package.bash'
[4.565s] INFO:colcon.colcon_core.shell:Creating package script '/home/yzquality/vinerobot_example/install/mybot_description/share/mybot_description/package.zsh'
[4.566s] Level 1:colcon.colcon_core.environment:create_file_with_runtime_dependencies(/home/yzquality/vinerobot_example/install/mybot_description/share/colcon-core/packages/mybot_description)
[4.569s] INFO:colcon.colcon_ros.task.ament_cmake.build:Building ROS package in '/home/yzquality/vinerobot_example/src/mybot' with build type 'ament_cmake'
[4.569s] INFO:colcon.colcon_cmake.task.cmake.build:Building CMake package in '/home/yzquality/vinerobot_example/src/mybot'
[4.569s] INFO:colcon.colcon_core.shell:Skip shell extension 'powershell' for command environment: Not usable outside of PowerShell
[4.570s] DEBUG:colcon.colcon_core.shell:Skip shell extension 'dsv' for command environment
[4.602s] Level 1:colcon.colcon_core.environment:checking '/home/yzquality/vinerobot_example/install/depth_obstacle_detector' for CMake module files
[4.603s] Level 1:colcon.colcon_core.environment:checking '/home/yzquality/vinerobot_example/install/depth_obstacle_detector' for CMake config files
[4.604s] DEBUG:colcon.colcon_core.event_handler.log_command:Invoked command in '/home/yzquality/vinerobot_example/src/depth_obstacle_detector' returned '0': PYTHONPATH=/home/yzquality/vinerobot_example/build/depth_obstacle_detector/prefix_override:/usr/lib/python3/dist-packages/colcon_core/task/python/colcon_distutils_commands:/home/yzquality/vinerobot_example/install/depth_obstacle_detector/lib/python3.10/site-packages:${PYTHONPATH} /usr/bin/python3 -W ignore:setup.py install is deprecated -W ignore:easy_install command is deprecated setup.py egg_info --egg-base ../../build/depth_obstacle_detector build --build-base /home/yzquality/vinerobot_example/build/depth_obstacle_detector/build install --record /home/yzquality/vinerobot_example/build/depth_obstacle_detector/install.log --single-version-externally-managed install_data
[4.606s] Level 1:colcon.colcon_core.environment:checking '/home/yzquality/vinerobot_example/install/depth_obstacle_detector/lib'
[4.607s] Level 1:colcon.colcon_core.environment:checking '/home/yzquality/vinerobot_example/install/depth_obstacle_detector/bin'
[4.607s] Level 1:colcon.colcon_core.environment:checking '/home/yzquality/vinerobot_example/install/depth_obstacle_detector/lib/pkgconfig/depth_obstacle_detector.pc'
[4.608s] Level 1:colcon.colcon_core.environment:checking '/home/yzquality/vinerobot_example/install/depth_obstacle_detector/lib/python3.10/site-packages'
[4.608s] Level 1:colcon.colcon_core.shell:create_environment_hook('depth_obstacle_detector', 'pythonpath')
[4.608s] INFO:colcon.colcon_core.shell:Creating environment hook '/home/yzquality/vinerobot_example/install/depth_obstacle_detector/share/depth_obstacle_detector/hook/pythonpath.ps1'
[4.609s] INFO:colcon.colcon_core.shell:Creating environment descriptor '/home/yzquality/vinerobot_example/install/depth_obstacle_detector/share/depth_obstacle_detector/hook/pythonpath.dsv'
[4.622s] INFO:colcon.colcon_core.shell:Creating environment hook '/home/yzquality/vinerobot_example/install/depth_obstacle_detector/share/depth_obstacle_detector/hook/pythonpath.sh'
[4.626s] Level 1:colcon.colcon_core.environment:checking '/home/yzquality/vinerobot_example/install/depth_obstacle_detector/bin'
[4.626s] Level 1:colcon.colcon_core.environment:create_environment_scripts_only(depth_obstacle_detector)
[4.626s] INFO:colcon.colcon_core.shell:Creating package script '/home/yzquality/vinerobot_example/install/depth_obstacle_detector/share/depth_obstacle_detector/package.ps1'
[4.644s] INFO:colcon.colcon_core.shell:Creating package descriptor '/home/yzquality/vinerobot_example/install/depth_obstacle_detector/share/depth_obstacle_detector/package.dsv'
[4.653s] INFO:colcon.colcon_core.shell:Creating package script '/home/yzquality/vinerobot_example/install/depth_obstacle_detector/share/depth_obstacle_detector/package.sh'
[4.666s] INFO:colcon.colcon_core.shell:Creating package script '/home/yzquality/vinerobot_example/install/depth_obstacle_detector/share/depth_obstacle_detector/package.bash'
[4.671s] INFO:colcon.colcon_core.shell:Creating package script '/home/yzquality/vinerobot_example/install/depth_obstacle_detector/share/depth_obstacle_detector/package.zsh'
[4.672s] Level 1:colcon.colcon_core.environment:create_file_with_runtime_dependencies(/home/yzquality/vinerobot_example/install/depth_obstacle_detector/share/colcon-core/packages/depth_obstacle_detector)
[4.698s] DEBUG:colcon.colcon_core.event_handler.log_command:Invoking command in '/home/yzquality/vinerobot_example/build/mybot': AMENT_PREFIX_PATH=/home/yzquality/vinerobot_example/install/mybot_description:/home/yzquality/vinerobot_example/install/mybot:/home/yzquality/vinerobot_example/install/kinect_v2:/home/yzquality/vinerobot_example/install/depth_obstacle_detector:/home/yzquality/vinerobot_prp/install/mybot:/home/yzquality/vinerobot_prp/install/mybot_description:/home/yzquality/vinerobot_prp/install/motion_controller:/home/yzquality/ros2_turtle/install/turtlesim_controller:/home/yzquality/ros2_ex1/install/mybot:/home/yzquality/ros2_ex1/install/mybot_description:/opt/ros/humble CMAKE_PREFIX_PATH=${CMAKE_PREFIX_PATH}:/home/yzquality/vinerobot_example/install/mybot_description:/home/yzquality/vinerobot_example/install/depth_obstacle_detector:/home/yzquality/vinerobot_prp/install/mybot_description:/home/yzquality/vinerobot_prp/install/motion_controller:/home/yzquality/ros2_turtle/install/turtlesim_controller:/home/yzquality/ros2_ex1/install/mybot_description:/opt/ros/humble /usr/bin/cmake --build /home/yzquality/vinerobot_example/build/mybot -- -j4 -l4
[4.927s] DEBUG:colcon.colcon_core.event_handler.log_command:Invoked command in '/home/yzquality/vinerobot_example/build/mybot' returned '0': AMENT_PREFIX_PATH=/home/yzquality/vinerobot_example/install/mybot_description:/home/yzquality/vinerobot_example/install/mybot:/home/yzquality/vinerobot_example/install/kinect_v2:/home/yzquality/vinerobot_example/install/depth_obstacle_detector:/home/yzquality/vinerobot_prp/install/mybot:/home/yzquality/vinerobot_prp/install/mybot_description:/home/yzquality/vinerobot_prp/install/motion_controller:/home/yzquality/ros2_turtle/install/turtlesim_controller:/home/yzquality/ros2_ex1/install/mybot:/home/yzquality/ros2_ex1/install/mybot_description:/opt/ros/humble CMAKE_PREFIX_PATH=${CMAKE_PREFIX_PATH}:/home/yzquality/vinerobot_example/install/mybot_description:/home/yzquality/vinerobot_example/install/depth_obstacle_detector:/home/yzquality/vinerobot_prp/install/mybot_description:/home/yzquality/vinerobot_prp/install/motion_controller:/home/yzquality/ros2_turtle/install/turtlesim_controller:/home/yzquality/ros2_ex1/install/mybot_description:/opt/ros/humble /usr/bin/cmake --build /home/yzquality/vinerobot_example/build/mybot -- -j4 -l4
[4.927s] DEBUG:colcon.colcon_core.event_handler.log_command:Invoking command in '/home/yzquality/vinerobot_example/build/mybot': AMENT_PREFIX_PATH=/home/yzquality/vinerobot_example/install/mybot_description:/home/yzquality/vinerobot_example/install/mybot:/home/yzquality/vinerobot_example/install/kinect_v2:/home/yzquality/vinerobot_example/install/depth_obstacle_detector:/home/yzquality/vinerobot_prp/install/mybot:/home/yzquality/vinerobot_prp/install/mybot_description:/home/yzquality/vinerobot_prp/install/motion_controller:/home/yzquality/ros2_turtle/install/turtlesim_controller:/home/yzquality/ros2_ex1/install/mybot:/home/yzquality/ros2_ex1/install/mybot_description:/opt/ros/humble CMAKE_PREFIX_PATH=${CMAKE_PREFIX_PATH}:/home/yzquality/vinerobot_example/install/mybot_description:/home/yzquality/vinerobot_example/install/depth_obstacle_detector:/home/yzquality/vinerobot_prp/install/mybot_description:/home/yzquality/vinerobot_prp/install/motion_controller:/home/yzquality/ros2_turtle/install/turtlesim_controller:/home/yzquality/ros2_ex1/install/mybot_description:/opt/ros/humble /usr/bin/cmake --install /home/yzquality/vinerobot_example/build/mybot
[5.029s] Level 1:colcon.colcon_core.environment:create_environment_scripts_only(mybot)
[5.029s] Level 1:colcon.colcon_core.environment:checking '/home/yzquality/vinerobot_example/install/mybot' for CMake module files
[5.030s] Level 1:colcon.colcon_core.environment:checking '/home/yzquality/vinerobot_example/install/mybot' for CMake config files
[5.030s] Level 1:colcon.colcon_core.shell:create_environment_hook('mybot', 'cmake_prefix_path')
[5.030s] INFO:colcon.colcon_core.shell:Creating environment hook '/home/yzquality/vinerobot_example/install/mybot/share/mybot/hook/cmake_prefix_path.ps1'
[5.031s] INFO:colcon.colcon_core.shell:Creating environment descriptor '/home/yzquality/vinerobot_example/install/mybot/share/mybot/hook/cmake_prefix_path.dsv'
[5.032s] INFO:colcon.colcon_core.shell:Creating environment hook '/home/yzquality/vinerobot_example/install/mybot/share/mybot/hook/cmake_prefix_path.sh'
[5.034s] DEBUG:colcon.colcon_core.event_handler.log_command:Invoked command in '/home/yzquality/vinerobot_example/build/mybot' returned '0': AMENT_PREFIX_PATH=/home/yzquality/vinerobot_example/install/mybot_description:/home/yzquality/vinerobot_example/install/mybot:/home/yzquality/vinerobot_example/install/kinect_v2:/home/yzquality/vinerobot_example/install/depth_obstacle_detector:/home/yzquality/vinerobot_prp/install/mybot:/home/yzquality/vinerobot_prp/install/mybot_description:/home/yzquality/vinerobot_prp/install/motion_controller:/home/yzquality/ros2_turtle/install/turtlesim_controller:/home/yzquality/ros2_ex1/install/mybot:/home/yzquality/ros2_ex1/install/mybot_description:/opt/ros/humble CMAKE_PREFIX_PATH=${CMAKE_PREFIX_PATH}:/home/yzquality/vinerobot_example/install/mybot_description:/home/yzquality/vinerobot_example/install/depth_obstacle_detector:/home/yzquality/vinerobot_prp/install/mybot_description:/home/yzquality/vinerobot_prp/install/motion_controller:/home/yzquality/ros2_turtle/install/turtlesim_controller:/home/yzquality/ros2_ex1/install/mybot_description:/opt/ros/humble /usr/bin/cmake --install /home/yzquality/vinerobot_example/build/mybot
[5.041s] Level 1:colcon.colcon_core.environment:checking '/home/yzquality/vinerobot_example/install/mybot/bin'
[5.041s] Level 1:colcon.colcon_core.environment:checking '/home/yzquality/vinerobot_example/install/mybot/lib/pkgconfig/mybot.pc'
[5.041s] Level 1:colcon.colcon_core.environment:checking '/home/yzquality/vinerobot_example/install/mybot/lib/python3.10/site-packages'
[5.041s] Level 1:colcon.colcon_core.environment:checking '/home/yzquality/vinerobot_example/install/mybot/bin'
[5.042s] INFO:colcon.colcon_core.shell:Creating package script '/home/yzquality/vinerobot_example/install/mybot/share/mybot/package.ps1'
[5.044s] INFO:colcon.colcon_core.shell:Creating package descriptor '/home/yzquality/vinerobot_example/install/mybot/share/mybot/package.dsv'
[5.052s] INFO:colcon.colcon_core.shell:Creating package script '/home/yzquality/vinerobot_example/install/mybot/share/mybot/package.sh'
[5.063s] INFO:colcon.colcon_core.shell:Creating package script '/home/yzquality/vinerobot_example/install/mybot/share/mybot/package.bash'
[5.075s] INFO:colcon.colcon_core.shell:Creating package script '/home/yzquality/vinerobot_example/install/mybot/share/mybot/package.zsh'
[5.082s] Level 1:colcon.colcon_core.environment:create_file_with_runtime_dependencies(/home/yzquality/vinerobot_example/install/mybot/share/colcon-core/packages/mybot)
[5.095s] Level 1:colcon.colcon_core.environment:create_environment_scripts_only(mybot)
[5.097s] Level 1:colcon.colcon_core.environment:checking '/home/yzquality/vinerobot_example/install/mybot' for CMake module files
[5.097s] Level 1:colcon.colcon_core.environment:checking '/home/yzquality/vinerobot_example/install/mybot' for CMake config files
[5.098s] Level 1:colcon.colcon_core.shell:create_environment_hook('mybot', 'cmake_prefix_path')
[5.098s] INFO:colcon.colcon_core.shell:Creating environment hook '/home/yzquality/vinerobot_example/install/mybot/share/mybot/hook/cmake_prefix_path.ps1'
[5.099s] INFO:colcon.colcon_core.shell:Creating environment descriptor '/home/yzquality/vinerobot_example/install/mybot/share/mybot/hook/cmake_prefix_path.dsv'
[5.100s] INFO:colcon.colcon_core.shell:Creating environment hook '/home/yzquality/vinerobot_example/install/mybot/share/mybot/hook/cmake_prefix_path.sh'
[5.102s] Level 1:colcon.colcon_core.environment:checking '/home/yzquality/vinerobot_example/install/mybot/bin'
[5.102s] Level 1:colcon.colcon_core.environment:checking '/home/yzquality/vinerobot_example/install/mybot/lib/pkgconfig/mybot.pc'
[5.102s] Level 1:colcon.colcon_core.environment:checking '/home/yzquality/vinerobot_example/install/mybot/lib/python3.10/site-packages'
[5.103s] Level 1:colcon.colcon_core.environment:checking '/home/yzquality/vinerobot_example/install/mybot/bin'
[5.103s] INFO:colcon.colcon_core.shell:Creating package script '/home/yzquality/vinerobot_example/install/mybot/share/mybot/package.ps1'
[5.104s] INFO:colcon.colcon_core.shell:Creating package descriptor '/home/yzquality/vinerobot_example/install/mybot/share/mybot/package.dsv'
[5.105s] INFO:colcon.colcon_core.shell:Creating package script '/home/yzquality/vinerobot_example/install/mybot/share/mybot/package.sh'
[5.107s] INFO:colcon.colcon_core.shell:Creating package script '/home/yzquality/vinerobot_example/install/mybot/share/mybot/package.bash'
[5.108s] INFO:colcon.colcon_core.shell:Creating package script '/home/yzquality/vinerobot_example/install/mybot/share/mybot/package.zsh'
[5.109s] Level 1:colcon.colcon_core.environment:create_file_with_runtime_dependencies(/home/yzquality/vinerobot_example/install/mybot/share/colcon-core/packages/mybot)
[5.110s] DEBUG:colcon.colcon_parallel_executor.executor.parallel:closing loop
[5.111s] DEBUG:colcon.colcon_parallel_executor.executor.parallel:loop closed
[5.111s] DEBUG:colcon.colcon_parallel_executor.executor.parallel:run_until_complete finished with '0'
[5.111s] DEBUG:colcon.colcon_core.event_reactor:joining thread
[5.124s] INFO:colcon.colcon_core.plugin_system:Skipping extension 'colcon_notification.desktop_notification.terminal_notifier': Not used on non-Darwin systems
[5.124s] INFO:colcon.colcon_core.plugin_system:Skipping extension 'colcon_notification.desktop_notification.win32': Not used on non-Windows systems
[5.124s] INFO:colcon.colcon_notification.desktop_notification:Sending desktop notification using 'notify2'
[5.162s] DEBUG:colcon.colcon_core.event_reactor:joined thread
[5.162s] INFO:colcon.colcon_core.shell:Creating prefix script '/home/yzquality/vinerobot_example/install/local_setup.ps1'
[5.165s] INFO:colcon.colcon_core.shell:Creating prefix util module '/home/yzquality/vinerobot_example/install/_local_setup_util_ps1.py'
[5.169s] INFO:colcon.colcon_core.shell:Creating prefix chain script '/home/yzquality/vinerobot_example/install/setup.ps1'
[5.174s] INFO:colcon.colcon_core.shell:Creating prefix script '/home/yzquality/vinerobot_example/install/local_setup.sh'
[5.175s] INFO:colcon.colcon_core.shell:Creating prefix util module '/home/yzquality/vinerobot_example/install/_local_setup_util_sh.py'
[5.176s] INFO:colcon.colcon_core.shell:Creating prefix chain script '/home/yzquality/vinerobot_example/install/setup.sh'
[5.179s] INFO:colcon.colcon_core.shell:Creating prefix script '/home/yzquality/vinerobot_example/install/local_setup.bash'
[5.180s] INFO:colcon.colcon_core.shell:Creating prefix chain script '/home/yzquality/vinerobot_example/install/setup.bash'
[5.182s] INFO:colcon.colcon_core.shell:Creating prefix script '/home/yzquality/vinerobot_example/install/local_setup.zsh'
[5.184s] INFO:colcon.colcon_core.shell:Creating prefix chain script '/home/yzquality/vinerobot_example/install/setup.zsh'
