[2.479s] Invoking command in '/home/yzquality/vinerobot_example/src/depth_obstacle_detector': PYTHONPATH=/home/yzquality/vinerobot_example/build/depth_obstacle_detector/prefix_override:/usr/lib/python3/dist-packages/colcon_core/task/python/colcon_distutils_commands:/home/yzquality/vinerobot_example/install/depth_obstacle_detector/lib/python3.10/site-packages:${PYTHONPATH} /usr/bin/python3 -W ignore:setup.py install is deprecated -W ignore:easy_install command is deprecated setup.py egg_info --egg-base ../../build/depth_obstacle_detector build --build-base /home/yzquality/vinerobot_example/build/depth_obstacle_detector/build install --record /home/yzquality/vinerobot_example/build/depth_obstacle_detector/install.log --single-version-externally-managed install_data
[2.939s] running egg_info
[2.940s] writing ../../build/depth_obstacle_detector/depth_obstacle_detector.egg-info/PKG-INFO
[2.959s] writing dependency_links to ../../build/depth_obstacle_detector/depth_obstacle_detector.egg-info/dependency_links.txt
[2.983s] writing entry points to ../../build/depth_obstacle_detector/depth_obstacle_detector.egg-info/entry_points.txt
[2.983s] writing requirements to ../../build/depth_obstacle_detector/depth_obstacle_detector.egg-info/requires.txt
[2.991s] writing top-level names to ../../build/depth_obstacle_detector/depth_obstacle_detector.egg-info/top_level.txt
[2.996s] reading manifest file '../../build/depth_obstacle_detector/depth_obstacle_detector.egg-info/SOURCES.txt'
[3.010s] writing manifest file '../../build/depth_obstacle_detector/depth_obstacle_detector.egg-info/SOURCES.txt'
[3.010s] running build
[3.011s] running build_py
[3.011s] copying depth_obstacle_detector/depth_detector.py -> /home/yzquality/vinerobot_example/build/depth_obstacle_detector/build/lib/depth_obstacle_detector
[3.011s] running install
[3.011s] running install_lib
[3.011s] copying /home/yzquality/vinerobot_example/build/depth_obstacle_detector/build/lib/depth_obstacle_detector/depth_detector.py -> /home/yzquality/vinerobot_example/install/depth_obstacle_detector/lib/python3.10/site-packages/depth_obstacle_detector
[3.011s] byte-compiling /home/yzquality/vinerobot_example/install/depth_obstacle_detector/lib/python3.10/site-packages/depth_obstacle_detector/depth_detector.py to depth_detector.cpython-310.pyc
[3.019s] running install_data
[3.020s] Sorry: TabError: inconsistent use of tabs and spaces in indentation (depth_detector.py, line 128)
[3.020s] running install_egg_info
[3.020s] removing '/home/yzquality/vinerobot_example/install/depth_obstacle_detector/lib/python3.10/site-packages/depth_obstacle_detector-0.0.0-py3.10.egg-info' (and everything under it)
[3.020s] Copying ../../build/depth_obstacle_detector/depth_obstacle_detector.egg-info to /home/yzquality/vinerobot_example/install/depth_obstacle_detector/lib/python3.10/site-packages/depth_obstacle_detector-0.0.0-py3.10.egg-info
[3.020s] running install_scripts
[3.064s] Installing depth_detector script to /home/yzquality/vinerobot_example/install/depth_obstacle_detector/lib/depth_obstacle_detector
[3.098s] writing list of installed files to '/home/yzquality/vinerobot_example/build/depth_obstacle_detector/install.log'
[3.161s] Invoked command in '/home/yzquality/vinerobot_example/src/depth_obstacle_detector' returned '0': PYTHONPATH=/home/yzquality/vinerobot_example/build/depth_obstacle_detector/prefix_override:/usr/lib/python3/dist-packages/colcon_core/task/python/colcon_distutils_commands:/home/yzquality/vinerobot_example/install/depth_obstacle_detector/lib/python3.10/site-packages:${PYTHONPATH} /usr/bin/python3 -W ignore:setup.py install is deprecated -W ignore:easy_install command is deprecated setup.py egg_info --egg-base ../../build/depth_obstacle_detector build --build-base /home/yzquality/vinerobot_example/build/depth_obstacle_detector/build install --record /home/yzquality/vinerobot_example/build/depth_obstacle_detector/install.log --single-version-externally-managed install_data
