[0.650s] DEBUG:colcon:Command line arguments: ['/usr/bin/colcon', 'build']
[0.650s] DEBUG:colcon:Parsed command line arguments: Namespace(log_base=None, log_level=None, verb_name='build', build_base='build', install_base='install', merge_install=False, symlink_install=False, test_result_base=None, continue_on_error=False, executor='parallel', parallel_workers=4, event_handlers=None, ignore_user_meta=False, metas=['./colcon.meta'], base_paths=['.'], packages_ignore=None, packages_ignore_regex=None, paths=None, packages_up_to=None, packages_up_to_regex=None, packages_above=None, packages_above_and_dependencies=None, packages_above_depth=None, packages_select_by_dep=None, packages_skip_by_dep=None, packages_skip_up_to=None, packages_select_build_failed=False, packages_skip_build_finished=False, packages_select_test_failures=False, packages_skip_test_passed=False, packages_select=None, packages_skip=None, packages_select_regex=None, packages_skip_regex=None, packages_start=None, packages_end=None, allow_overriding=[], cmake_args=None, cmake_target=None, cmake_target_skip_unavailable=False, cmake_clean_cache=False, cmake_clean_first=False, cmake_force_configure=False, ament_cmake_args=None, catkin_cmake_args=None, catkin_skip_building_tests=False, verb_parser=<colcon_defaults.argument_parser.defaults.DefaultArgumentsDecorator object at 0x7182b6b5c5b0>, verb_extension=<colcon_core.verb.build.BuildVerb object at 0x7182b6b5c160>, main=<bound method BuildVerb.main of <colcon_core.verb.build.BuildVerb object at 0x7182b6b5c160>>)
[1.323s] Level 1:colcon.colcon_core.package_discovery:discover_packages(colcon_meta) check parameters
[1.323s] Level 1:colcon.colcon_core.package_discovery:discover_packages(recursive) check parameters
[1.323s] Level 1:colcon.colcon_core.package_discovery:discover_packages(ignore) check parameters
[1.323s] Level 1:colcon.colcon_core.package_discovery:discover_packages(path) check parameters
[1.323s] Level 1:colcon.colcon_core.package_discovery:discover_packages(colcon_meta) discover
[1.323s] Level 1:colcon.colcon_core.package_discovery:discover_packages(recursive) discover
[1.323s] INFO:colcon.colcon_core.package_discovery:Crawling recursively for packages in '/home/yzquality/vinerobot_example'
[1.324s] Level 1:colcon.colcon_core.package_identification:_identify(.) by extensions ['ignore', 'ignore_ament_install']
[1.324s] Level 1:colcon.colcon_core.package_identification:_identify(.) by extension 'ignore'
[1.324s] Level 1:colcon.colcon_core.package_identification:_identify(.) by extension 'ignore_ament_install'
[1.324s] Level 1:colcon.colcon_core.package_identification:_identify(.) by extensions ['colcon_pkg']
[1.324s] Level 1:colcon.colcon_core.package_identification:_identify(.) by extension 'colcon_pkg'
[1.324s] Level 1:colcon.colcon_core.package_identification:_identify(.) by extensions ['colcon_meta']
[1.324s] Level 1:colcon.colcon_core.package_identification:_identify(.) by extension 'colcon_meta'
[1.324s] Level 1:colcon.colcon_core.package_identification:_identify(.) by extensions ['ros']
[1.324s] Level 1:colcon.colcon_core.package_identification:_identify(.) by extension 'ros'
[1.336s] Level 1:colcon.colcon_core.package_identification:_identify(.) by extensions ['cmake', 'python']
[1.336s] Level 1:colcon.colcon_core.package_identification:_identify(.) by extension 'cmake'
[1.336s] Level 1:colcon.colcon_core.package_identification:_identify(.) by extension 'python'
[1.336s] Level 1:colcon.colcon_core.package_identification:_identify(.) by extensions ['python_setup_py']
[1.337s] Level 1:colcon.colcon_core.package_identification:_identify(.) by extension 'python_setup_py'
[1.338s] Level 1:colcon.colcon_core.package_identification:_identify(build) by extensions ['ignore', 'ignore_ament_install']
[1.338s] Level 1:colcon.colcon_core.package_identification:_identify(build) by extension 'ignore'
[1.338s] Level 1:colcon.colcon_core.package_identification:_identify(build) ignored
[1.339s] Level 1:colcon.colcon_core.package_identification:_identify(install) by extensions ['ignore', 'ignore_ament_install']
[1.339s] Level 1:colcon.colcon_core.package_identification:_identify(install) by extension 'ignore'
[1.339s] Level 1:colcon.colcon_core.package_identification:_identify(install) ignored
[1.339s] Level 1:colcon.colcon_core.package_identification:_identify(log) by extensions ['ignore', 'ignore_ament_install']
[1.339s] Level 1:colcon.colcon_core.package_identification:_identify(log) by extension 'ignore'
[1.339s] Level 1:colcon.colcon_core.package_identification:_identify(log) ignored
[1.340s] Level 1:colcon.colcon_core.package_identification:_identify(src) by extensions ['ignore', 'ignore_ament_install']
[1.340s] Level 1:colcon.colcon_core.package_identification:_identify(src) by extension 'ignore'
[1.340s] Level 1:colcon.colcon_core.package_identification:_identify(src) by extension 'ignore_ament_install'
[1.340s] Level 1:colcon.colcon_core.package_identification:_identify(src) by extensions ['colcon_pkg']
[1.340s] Level 1:colcon.colcon_core.package_identification:_identify(src) by extension 'colcon_pkg'
[1.340s] Level 1:colcon.colcon_core.package_identification:_identify(src) by extensions ['colcon_meta']
[1.340s] Level 1:colcon.colcon_core.package_identification:_identify(src) by extension 'colcon_meta'
[1.341s] Level 1:colcon.colcon_core.package_identification:_identify(src) by extensions ['ros']
[1.341s] Level 1:colcon.colcon_core.package_identification:_identify(src) by extension 'ros'
[1.341s] Level 1:colcon.colcon_core.package_identification:_identify(src) by extensions ['cmake', 'python']
[1.341s] Level 1:colcon.colcon_core.package_identification:_identify(src) by extension 'cmake'
[1.341s] Level 1:colcon.colcon_core.package_identification:_identify(src) by extension 'python'
[1.341s] Level 1:colcon.colcon_core.package_identification:_identify(src) by extensions ['python_setup_py']
[1.341s] Level 1:colcon.colcon_core.package_identification:_identify(src) by extension 'python_setup_py'
[1.342s] Level 1:colcon.colcon_core.package_identification:_identify(src/depth_obstacle_detector) by extensions ['ignore', 'ignore_ament_install']
[1.342s] Level 1:colcon.colcon_core.package_identification:_identify(src/depth_obstacle_detector) by extension 'ignore'
[1.342s] Level 1:colcon.colcon_core.package_identification:_identify(src/depth_obstacle_detector) by extension 'ignore_ament_install'
[1.342s] Level 1:colcon.colcon_core.package_identification:_identify(src/depth_obstacle_detector) by extensions ['colcon_pkg']
[1.342s] Level 1:colcon.colcon_core.package_identification:_identify(src/depth_obstacle_detector) by extension 'colcon_pkg'
[1.342s] Level 1:colcon.colcon_core.package_identification:_identify(src/depth_obstacle_detector) by extensions ['colcon_meta']
[1.342s] Level 1:colcon.colcon_core.package_identification:_identify(src/depth_obstacle_detector) by extension 'colcon_meta'
[1.342s] Level 1:colcon.colcon_core.package_identification:_identify(src/depth_obstacle_detector) by extensions ['ros']
[1.342s] Level 1:colcon.colcon_core.package_identification:_identify(src/depth_obstacle_detector) by extension 'ros'
[1.348s] DEBUG:colcon.colcon_core.package_identification:Package 'src/depth_obstacle_detector' with type 'ros.ament_python' and name 'depth_obstacle_detector'
[1.349s] Level 1:colcon.colcon_core.package_identification:_identify(src/kinect_v2_urdf) by extensions ['ignore', 'ignore_ament_install']
[1.349s] Level 1:colcon.colcon_core.package_identification:_identify(src/kinect_v2_urdf) by extension 'ignore'
[1.349s] Level 1:colcon.colcon_core.package_identification:_identify(src/kinect_v2_urdf) by extension 'ignore_ament_install'
[1.349s] Level 1:colcon.colcon_core.package_identification:_identify(src/kinect_v2_urdf) by extensions ['colcon_pkg']
[1.349s] Level 1:colcon.colcon_core.package_identification:_identify(src/kinect_v2_urdf) by extension 'colcon_pkg'
[1.349s] Level 1:colcon.colcon_core.package_identification:_identify(src/kinect_v2_urdf) by extensions ['colcon_meta']
[1.350s] Level 1:colcon.colcon_core.package_identification:_identify(src/kinect_v2_urdf) by extension 'colcon_meta'
[1.350s] Level 1:colcon.colcon_core.package_identification:_identify(src/kinect_v2_urdf) by extensions ['ros']
[1.350s] Level 1:colcon.colcon_core.package_identification:_identify(src/kinect_v2_urdf) by extension 'ros'
[1.350s] Level 1:colcon.colcon_core.package_identification:_identify(src/kinect_v2_urdf) by extensions ['cmake', 'python']
[1.350s] Level 1:colcon.colcon_core.package_identification:_identify(src/kinect_v2_urdf) by extension 'cmake'
[1.350s] Level 1:colcon.colcon_core.package_identification:_identify(src/kinect_v2_urdf) by extension 'python'
[1.350s] Level 1:colcon.colcon_core.package_identification:_identify(src/kinect_v2_urdf) by extensions ['python_setup_py']
[1.350s] Level 1:colcon.colcon_core.package_identification:_identify(src/kinect_v2_urdf) by extension 'python_setup_py'
[1.351s] Level 1:colcon.colcon_core.package_identification:_identify(src/kinect_v2_urdf/kinect_v2) by extensions ['ignore', 'ignore_ament_install']
[1.351s] Level 1:colcon.colcon_core.package_identification:_identify(src/kinect_v2_urdf/kinect_v2) by extension 'ignore'
[1.351s] Level 1:colcon.colcon_core.package_identification:_identify(src/kinect_v2_urdf/kinect_v2) by extension 'ignore_ament_install'
[1.351s] Level 1:colcon.colcon_core.package_identification:_identify(src/kinect_v2_urdf/kinect_v2) by extensions ['colcon_pkg']
[1.351s] Level 1:colcon.colcon_core.package_identification:_identify(src/kinect_v2_urdf/kinect_v2) by extension 'colcon_pkg'
[1.351s] Level 1:colcon.colcon_core.package_identification:_identify(src/kinect_v2_urdf/kinect_v2) by extensions ['colcon_meta']
[1.351s] Level 1:colcon.colcon_core.package_identification:_identify(src/kinect_v2_urdf/kinect_v2) by extension 'colcon_meta'
[1.351s] Level 1:colcon.colcon_core.package_identification:_identify(src/kinect_v2_urdf/kinect_v2) by extensions ['ros']
[1.351s] Level 1:colcon.colcon_core.package_identification:_identify(src/kinect_v2_urdf/kinect_v2) by extension 'ros'
[1.353s] DEBUG:colcon.colcon_core.package_identification:Package 'src/kinect_v2_urdf/kinect_v2' with type 'ros.ament_cmake' and name 'kinect_v2'
[1.354s] Level 1:colcon.colcon_core.package_identification:_identify(src/mybot) by extensions ['ignore', 'ignore_ament_install']
[1.354s] Level 1:colcon.colcon_core.package_identification:_identify(src/mybot) by extension 'ignore'
[1.354s] Level 1:colcon.colcon_core.package_identification:_identify(src/mybot) by extension 'ignore_ament_install'
[1.354s] Level 1:colcon.colcon_core.package_identification:_identify(src/mybot) by extensions ['colcon_pkg']
[1.354s] Level 1:colcon.colcon_core.package_identification:_identify(src/mybot) by extension 'colcon_pkg'
[1.354s] Level 1:colcon.colcon_core.package_identification:_identify(src/mybot) by extensions ['colcon_meta']
[1.354s] Level 1:colcon.colcon_core.package_identification:_identify(src/mybot) by extension 'colcon_meta'
[1.354s] Level 1:colcon.colcon_core.package_identification:_identify(src/mybot) by extensions ['ros']
[1.354s] Level 1:colcon.colcon_core.package_identification:_identify(src/mybot) by extension 'ros'
[1.356s] DEBUG:colcon.colcon_core.package_identification:Package 'src/mybot' with type 'ros.ament_cmake' and name 'mybot'
[1.357s] Level 1:colcon.colcon_core.package_identification:_identify(src/mybot_description) by extensions ['ignore', 'ignore_ament_install']
[1.357s] Level 1:colcon.colcon_core.package_identification:_identify(src/mybot_description) by extension 'ignore'
[1.357s] Level 1:colcon.colcon_core.package_identification:_identify(src/mybot_description) by extension 'ignore_ament_install'
[1.357s] Level 1:colcon.colcon_core.package_identification:_identify(src/mybot_description) by extensions ['colcon_pkg']
[1.357s] Level 1:colcon.colcon_core.package_identification:_identify(src/mybot_description) by extension 'colcon_pkg'
[1.357s] Level 1:colcon.colcon_core.package_identification:_identify(src/mybot_description) by extensions ['colcon_meta']
[1.357s] Level 1:colcon.colcon_core.package_identification:_identify(src/mybot_description) by extension 'colcon_meta'
[1.357s] Level 1:colcon.colcon_core.package_identification:_identify(src/mybot_description) by extensions ['ros']
[1.358s] Level 1:colcon.colcon_core.package_identification:_identify(src/mybot_description) by extension 'ros'
[1.359s] DEBUG:colcon.colcon_core.package_identification:Package 'src/mybot_description' with type 'ros.ament_python' and name 'mybot_description'
[1.359s] Level 1:colcon.colcon_core.package_discovery:discover_packages(recursive) using defaults
[1.359s] Level 1:colcon.colcon_core.package_discovery:discover_packages(ignore) discover
[1.359s] Level 1:colcon.colcon_core.package_discovery:discover_packages(ignore) using defaults
[1.359s] Level 1:colcon.colcon_core.package_discovery:discover_packages(path) discover
[1.359s] Level 1:colcon.colcon_core.package_discovery:discover_packages(path) using defaults
[1.407s] Level 1:colcon.colcon_core.package_discovery:discover_packages(prefix_path) check parameters
[1.407s] Level 1:colcon.colcon_core.package_discovery:discover_packages(prefix_path) discover
[1.426s] DEBUG:colcon.colcon_installed_package_information.package_discovery:Found 4 installed packages in /home/yzquality/vinerobot_example/install
[1.428s] DEBUG:colcon.colcon_installed_package_information.package_discovery:Found 3 installed packages in /home/yzquality/vinerobot_prp/install
[1.429s] DEBUG:colcon.colcon_installed_package_information.package_discovery:Found 1 installed packages in /home/yzquality/ros2_turtle/install
[1.430s] DEBUG:colcon.colcon_installed_package_information.package_discovery:Found 2 installed packages in /home/yzquality/ros2_ex1/install
[1.434s] DEBUG:colcon.colcon_installed_package_information.package_discovery:Found 337 installed packages in /opt/ros/humble
[1.444s] Level 1:colcon.colcon_core.package_discovery:discover_packages(prefix_path) using defaults
[1.494s] Level 5:colcon.colcon_core.verb:set package 'depth_obstacle_detector' build argument 'cmake_args' from command line to 'None'
[1.494s] Level 5:colcon.colcon_core.verb:set package 'depth_obstacle_detector' build argument 'cmake_target' from command line to 'None'
[1.494s] Level 5:colcon.colcon_core.verb:set package 'depth_obstacle_detector' build argument 'cmake_target_skip_unavailable' from command line to 'False'
[1.494s] Level 5:colcon.colcon_core.verb:set package 'depth_obstacle_detector' build argument 'cmake_clean_cache' from command line to 'False'
[1.494s] Level 5:colcon.colcon_core.verb:set package 'depth_obstacle_detector' build argument 'cmake_clean_first' from command line to 'False'
[1.494s] Level 5:colcon.colcon_core.verb:set package 'depth_obstacle_detector' build argument 'cmake_force_configure' from command line to 'False'
[1.494s] Level 5:colcon.colcon_core.verb:set package 'depth_obstacle_detector' build argument 'ament_cmake_args' from command line to 'None'
[1.494s] Level 5:colcon.colcon_core.verb:set package 'depth_obstacle_detector' build argument 'catkin_cmake_args' from command line to 'None'
[1.494s] Level 5:colcon.colcon_core.verb:set package 'depth_obstacle_detector' build argument 'catkin_skip_building_tests' from command line to 'False'
[1.494s] DEBUG:colcon.colcon_core.verb:Building package 'depth_obstacle_detector' with the following arguments: {'ament_cmake_args': None, 'build_base': '/home/yzquality/vinerobot_example/build/depth_obstacle_detector', 'catkin_cmake_args': None, 'catkin_skip_building_tests': False, 'cmake_args': None, 'cmake_clean_cache': False, 'cmake_clean_first': False, 'cmake_force_configure': False, 'cmake_target': None, 'cmake_target_skip_unavailable': False, 'install_base': '/home/yzquality/vinerobot_example/install/depth_obstacle_detector', 'merge_install': False, 'path': '/home/yzquality/vinerobot_example/src/depth_obstacle_detector', 'symlink_install': False, 'test_result_base': None}
[1.494s] Level 5:colcon.colcon_core.verb:set package 'kinect_v2' build argument 'cmake_args' from command line to 'None'
[1.494s] Level 5:colcon.colcon_core.verb:set package 'kinect_v2' build argument 'cmake_target' from command line to 'None'
[1.494s] Level 5:colcon.colcon_core.verb:set package 'kinect_v2' build argument 'cmake_target_skip_unavailable' from command line to 'False'
[1.494s] Level 5:colcon.colcon_core.verb:set package 'kinect_v2' build argument 'cmake_clean_cache' from command line to 'False'
[1.494s] Level 5:colcon.colcon_core.verb:set package 'kinect_v2' build argument 'cmake_clean_first' from command line to 'False'
[1.494s] Level 5:colcon.colcon_core.verb:set package 'kinect_v2' build argument 'cmake_force_configure' from command line to 'False'
[1.494s] Level 5:colcon.colcon_core.verb:set package 'kinect_v2' build argument 'ament_cmake_args' from command line to 'None'
[1.494s] Level 5:colcon.colcon_core.verb:set package 'kinect_v2' build argument 'catkin_cmake_args' from command line to 'None'
[1.494s] Level 5:colcon.colcon_core.verb:set package 'kinect_v2' build argument 'catkin_skip_building_tests' from command line to 'False'
[1.494s] DEBUG:colcon.colcon_core.verb:Building package 'kinect_v2' with the following arguments: {'ament_cmake_args': None, 'build_base': '/home/yzquality/vinerobot_example/build/kinect_v2', 'catkin_cmake_args': None, 'catkin_skip_building_tests': False, 'cmake_args': None, 'cmake_clean_cache': False, 'cmake_clean_first': False, 'cmake_force_configure': False, 'cmake_target': None, 'cmake_target_skip_unavailable': False, 'install_base': '/home/yzquality/vinerobot_example/install/kinect_v2', 'merge_install': False, 'path': '/home/yzquality/vinerobot_example/src/kinect_v2_urdf/kinect_v2', 'symlink_install': False, 'test_result_base': None}
[1.495s] Level 5:colcon.colcon_core.verb:set package 'mybot_description' build argument 'cmake_args' from command line to 'None'
[1.495s] Level 5:colcon.colcon_core.verb:set package 'mybot_description' build argument 'cmake_target' from command line to 'None'
[1.495s] Level 5:colcon.colcon_core.verb:set package 'mybot_description' build argument 'cmake_target_skip_unavailable' from command line to 'False'
[1.495s] Level 5:colcon.colcon_core.verb:set package 'mybot_description' build argument 'cmake_clean_cache' from command line to 'False'
[1.495s] Level 5:colcon.colcon_core.verb:set package 'mybot_description' build argument 'cmake_clean_first' from command line to 'False'
[1.495s] Level 5:colcon.colcon_core.verb:set package 'mybot_description' build argument 'cmake_force_configure' from command line to 'False'
[1.495s] Level 5:colcon.colcon_core.verb:set package 'mybot_description' build argument 'ament_cmake_args' from command line to 'None'
[1.495s] Level 5:colcon.colcon_core.verb:set package 'mybot_description' build argument 'catkin_cmake_args' from command line to 'None'
[1.495s] Level 5:colcon.colcon_core.verb:set package 'mybot_description' build argument 'catkin_skip_building_tests' from command line to 'False'
[1.495s] DEBUG:colcon.colcon_core.verb:Building package 'mybot_description' with the following arguments: {'ament_cmake_args': None, 'build_base': '/home/yzquality/vinerobot_example/build/mybot_description', 'catkin_cmake_args': None, 'catkin_skip_building_tests': False, 'cmake_args': None, 'cmake_clean_cache': False, 'cmake_clean_first': False, 'cmake_force_configure': False, 'cmake_target': None, 'cmake_target_skip_unavailable': False, 'install_base': '/home/yzquality/vinerobot_example/install/mybot_description', 'merge_install': False, 'path': '/home/yzquality/vinerobot_example/src/mybot_description', 'symlink_install': False, 'test_result_base': None}
[1.495s] Level 5:colcon.colcon_core.verb:set package 'mybot' build argument 'cmake_args' from command line to 'None'
[1.495s] Level 5:colcon.colcon_core.verb:set package 'mybot' build argument 'cmake_target' from command line to 'None'
[1.495s] Level 5:colcon.colcon_core.verb:set package 'mybot' build argument 'cmake_target_skip_unavailable' from command line to 'False'
[1.495s] Level 5:colcon.colcon_core.verb:set package 'mybot' build argument 'cmake_clean_cache' from command line to 'False'
[1.495s] Level 5:colcon.colcon_core.verb:set package 'mybot' build argument 'cmake_clean_first' from command line to 'False'
[1.495s] Level 5:colcon.colcon_core.verb:set package 'mybot' build argument 'cmake_force_configure' from command line to 'False'
[1.495s] Level 5:colcon.colcon_core.verb:set package 'mybot' build argument 'ament_cmake_args' from command line to 'None'
[1.495s] Level 5:colcon.colcon_core.verb:set package 'mybot' build argument 'catkin_cmake_args' from command line to 'None'
[1.495s] Level 5:colcon.colcon_core.verb:set package 'mybot' build argument 'catkin_skip_building_tests' from command line to 'False'
[1.496s] DEBUG:colcon.colcon_core.verb:Building package 'mybot' with the following arguments: {'ament_cmake_args': None, 'build_base': '/home/yzquality/vinerobot_example/build/mybot', 'catkin_cmake_args': None, 'catkin_skip_building_tests': False, 'cmake_args': None, 'cmake_clean_cache': False, 'cmake_clean_first': False, 'cmake_force_configure': False, 'cmake_target': None, 'cmake_target_skip_unavailable': False, 'install_base': '/home/yzquality/vinerobot_example/install/mybot', 'merge_install': False, 'path': '/home/yzquality/vinerobot_example/src/mybot', 'symlink_install': False, 'test_result_base': None}
[1.496s] INFO:colcon.colcon_core.executor:Executing jobs using 'parallel' executor
[1.498s] DEBUG:colcon.colcon_parallel_executor.executor.parallel:run_until_complete
[1.498s] INFO:colcon.colcon_ros.task.ament_python.build:Building ROS package in '/home/yzquality/vinerobot_example/src/mybot_description' with build type 'ament_python'
[1.498s] Level 1:colcon.colcon_core.shell:create_environment_hook('mybot_description', 'ament_prefix_path')
[1.514s] INFO:colcon.colcon_core.plugin_system:Skipping extension 'colcon_core.shell.bat': Not used on non-Windows systems
[1.514s] INFO:colcon.colcon_core.shell:Creating environment hook '/home/yzquality/vinerobot_example/install/mybot_description/share/mybot_description/hook/ament_prefix_path.ps1'
[1.516s] INFO:colcon.colcon_core.shell:Creating environment descriptor '/home/yzquality/vinerobot_example/install/mybot_description/share/mybot_description/hook/ament_prefix_path.dsv'
[1.517s] INFO:colcon.colcon_core.shell:Creating environment hook '/home/yzquality/vinerobot_example/install/mybot_description/share/mybot_description/hook/ament_prefix_path.sh'
[1.520s] INFO:colcon.colcon_core.shell:Skip shell extension 'powershell' for command environment: Not usable outside of PowerShell
[1.520s] DEBUG:colcon.colcon_core.shell:Skip shell extension 'dsv' for command environment
[1.526s] INFO:colcon.colcon_ros.task.ament_python.build:Building ROS package in '/home/yzquality/vinerobot_example/src/depth_obstacle_detector' with build type 'ament_python'
[1.526s] Level 1:colcon.colcon_core.shell:create_environment_hook('depth_obstacle_detector', 'ament_prefix_path')
[1.527s] INFO:colcon.colcon_core.shell:Creating environment hook '/home/yzquality/vinerobot_example/install/depth_obstacle_detector/share/depth_obstacle_detector/hook/ament_prefix_path.ps1'
[1.528s] INFO:colcon.colcon_core.shell:Creating environment descriptor '/home/yzquality/vinerobot_example/install/depth_obstacle_detector/share/depth_obstacle_detector/hook/ament_prefix_path.dsv'
[1.529s] INFO:colcon.colcon_core.shell:Creating environment hook '/home/yzquality/vinerobot_example/install/depth_obstacle_detector/share/depth_obstacle_detector/hook/ament_prefix_path.sh'
[1.534s] INFO:colcon.colcon_core.shell:Skip shell extension 'powershell' for command environment: Not usable outside of PowerShell
[1.534s] DEBUG:colcon.colcon_core.shell:Skip shell extension 'dsv' for command environment
[1.545s] INFO:colcon.colcon_ros.task.ament_cmake.build:Building ROS package in '/home/yzquality/vinerobot_example/src/kinect_v2_urdf/kinect_v2' with build type 'ament_cmake'
[1.545s] INFO:colcon.colcon_cmake.task.cmake.build:Building CMake package in '/home/yzquality/vinerobot_example/src/kinect_v2_urdf/kinect_v2'
[1.546s] INFO:colcon.colcon_core.shell:Skip shell extension 'powershell' for command environment: Not usable outside of PowerShell
[1.547s] DEBUG:colcon.colcon_core.shell:Skip shell extension 'dsv' for command environment
[1.914s] INFO:colcon.colcon_core.task.python.build:Building Python package in '/home/yzquality/vinerobot_example/src/mybot_description'
[1.914s] INFO:colcon.colcon_core.shell:Skip shell extension 'powershell' for command environment: Not usable outside of PowerShell
[1.914s] DEBUG:colcon.colcon_core.shell:Skip shell extension 'dsv' for command environment
[2.191s] INFO:colcon.colcon_core.task.python.build:Building Python package in '/home/yzquality/vinerobot_example/src/depth_obstacle_detector'
[2.192s] INFO:colcon.colcon_core.shell:Skip shell extension 'powershell' for command environment: Not usable outside of PowerShell
[2.192s] DEBUG:colcon.colcon_core.shell:Skip shell extension 'dsv' for command environment
[2.231s] DEBUG:colcon.colcon_core.event_handler.log_command:Invoking command in '/home/yzquality/vinerobot_example/build/kinect_v2': CMAKE_PREFIX_PATH=${CMAKE_PREFIX_PATH}:/home/yzquality/vinerobot_example/install/mybot_description:/home/yzquality/vinerobot_example/install/depth_obstacle_detector:/home/yzquality/vinerobot_prp/install/mybot_description:/home/yzquality/vinerobot_prp/install/motion_controller:/home/yzquality/ros2_turtle/install/turtlesim_controller:/home/yzquality/ros2_ex1/install/mybot_description:/opt/ros/humble /usr/bin/cmake --build /home/yzquality/vinerobot_example/build/kinect_v2 -- -j4 -l4
[2.407s] DEBUG:colcon.colcon_core.event_handler.log_command:Invoked command in '/home/yzquality/vinerobot_example/build/kinect_v2' returned '0': CMAKE_PREFIX_PATH=${CMAKE_PREFIX_PATH}:/home/yzquality/vinerobot_example/install/mybot_description:/home/yzquality/vinerobot_example/install/depth_obstacle_detector:/home/yzquality/vinerobot_prp/install/mybot_description:/home/yzquality/vinerobot_prp/install/motion_controller:/home/yzquality/ros2_turtle/install/turtlesim_controller:/home/yzquality/ros2_ex1/install/mybot_description:/opt/ros/humble /usr/bin/cmake --build /home/yzquality/vinerobot_example/build/kinect_v2 -- -j4 -l4
[2.432s] DEBUG:colcon.colcon_core.event_handler.log_command:Invoking command in '/home/yzquality/vinerobot_example/build/kinect_v2': CMAKE_PREFIX_PATH=${CMAKE_PREFIX_PATH}:/home/yzquality/vinerobot_example/install/mybot_description:/home/yzquality/vinerobot_example/install/depth_obstacle_detector:/home/yzquality/vinerobot_prp/install/mybot_description:/home/yzquality/vinerobot_prp/install/motion_controller:/home/yzquality/ros2_turtle/install/turtlesim_controller:/home/yzquality/ros2_ex1/install/mybot_description:/opt/ros/humble /usr/bin/cmake --install /home/yzquality/vinerobot_example/build/kinect_v2
[2.451s] Level 1:colcon.colcon_core.environment:create_environment_scripts_only(kinect_v2)
[2.452s] DEBUG:colcon.colcon_core.event_handler.log_command:Invoked command in '/home/yzquality/vinerobot_example/build/kinect_v2' returned '0': CMAKE_PREFIX_PATH=${CMAKE_PREFIX_PATH}:/home/yzquality/vinerobot_example/install/mybot_description:/home/yzquality/vinerobot_example/install/depth_obstacle_detector:/home/yzquality/vinerobot_prp/install/mybot_description:/home/yzquality/vinerobot_prp/install/motion_controller:/home/yzquality/ros2_turtle/install/turtlesim_controller:/home/yzquality/ros2_ex1/install/mybot_description:/opt/ros/humble /usr/bin/cmake --install /home/yzquality/vinerobot_example/build/kinect_v2
[2.468s] Level 1:colcon.colcon_core.environment:checking '/home/yzquality/vinerobot_example/install/kinect_v2' for CMake module files
[2.468s] Level 1:colcon.colcon_core.environment:checking '/home/yzquality/vinerobot_example/install/kinect_v2' for CMake config files
[2.469s] Level 1:colcon.colcon_core.shell:create_environment_hook('kinect_v2', 'cmake_prefix_path')
[2.469s] INFO:colcon.colcon_core.shell:Creating environment hook '/home/yzquality/vinerobot_example/install/kinect_v2/share/kinect_v2/hook/cmake_prefix_path.ps1'
[2.470s] INFO:colcon.colcon_core.shell:Creating environment descriptor '/home/yzquality/vinerobot_example/install/kinect_v2/share/kinect_v2/hook/cmake_prefix_path.dsv'
[2.471s] INFO:colcon.colcon_core.shell:Creating environment hook '/home/yzquality/vinerobot_example/install/kinect_v2/share/kinect_v2/hook/cmake_prefix_path.sh'
[2.472s] Level 1:colcon.colcon_core.environment:checking '/home/yzquality/vinerobot_example/install/kinect_v2/bin'
[2.472s] Level 1:colcon.colcon_core.environment:checking '/home/yzquality/vinerobot_example/install/kinect_v2/lib/pkgconfig/kinect_v2.pc'
[2.472s] Level 1:colcon.colcon_core.environment:checking '/home/yzquality/vinerobot_example/install/kinect_v2/lib/python3.10/site-packages'
[2.472s] Level 1:colcon.colcon_core.environment:checking '/home/yzquality/vinerobot_example/install/kinect_v2/bin'
[2.473s] INFO:colcon.colcon_core.shell:Creating package script '/home/yzquality/vinerobot_example/install/kinect_v2/share/kinect_v2/package.ps1'
[2.475s] INFO:colcon.colcon_core.shell:Creating package descriptor '/home/yzquality/vinerobot_example/install/kinect_v2/share/kinect_v2/package.dsv'
[2.477s] INFO:colcon.colcon_core.shell:Creating package script '/home/yzquality/vinerobot_example/install/kinect_v2/share/kinect_v2/package.sh'
[2.479s] INFO:colcon.colcon_core.shell:Creating package script '/home/yzquality/vinerobot_example/install/kinect_v2/share/kinect_v2/package.bash'
[2.482s] INFO:colcon.colcon_core.shell:Creating package script '/home/yzquality/vinerobot_example/install/kinect_v2/share/kinect_v2/package.zsh'
[2.485s] Level 1:colcon.colcon_core.environment:create_file_with_runtime_dependencies(/home/yzquality/vinerobot_example/install/kinect_v2/share/colcon-core/packages/kinect_v2)
[2.486s] Level 1:colcon.colcon_core.environment:create_environment_scripts_only(kinect_v2)
[2.486s] Level 1:colcon.colcon_core.environment:checking '/home/yzquality/vinerobot_example/install/kinect_v2' for CMake module files
[2.487s] Level 1:colcon.colcon_core.environment:checking '/home/yzquality/vinerobot_example/install/kinect_v2' for CMake config files
[2.487s] Level 1:colcon.colcon_core.shell:create_environment_hook('kinect_v2', 'cmake_prefix_path')
[2.487s] INFO:colcon.colcon_core.shell:Creating environment hook '/home/yzquality/vinerobot_example/install/kinect_v2/share/kinect_v2/hook/cmake_prefix_path.ps1'
[2.488s] INFO:colcon.colcon_core.shell:Creating environment descriptor '/home/yzquality/vinerobot_example/install/kinect_v2/share/kinect_v2/hook/cmake_prefix_path.dsv'
[2.488s] INFO:colcon.colcon_core.shell:Creating environment hook '/home/yzquality/vinerobot_example/install/kinect_v2/share/kinect_v2/hook/cmake_prefix_path.sh'
[2.490s] Level 1:colcon.colcon_core.environment:checking '/home/yzquality/vinerobot_example/install/kinect_v2/bin'
[2.490s] Level 1:colcon.colcon_core.environment:checking '/home/yzquality/vinerobot_example/install/kinect_v2/lib/pkgconfig/kinect_v2.pc'
[2.490s] Level 1:colcon.colcon_core.environment:checking '/home/yzquality/vinerobot_example/install/kinect_v2/lib/python3.10/site-packages'
[2.490s] Level 1:colcon.colcon_core.environment:checking '/home/yzquality/vinerobot_example/install/kinect_v2/bin'
[2.490s] INFO:colcon.colcon_core.shell:Creating package script '/home/yzquality/vinerobot_example/install/kinect_v2/share/kinect_v2/package.ps1'
[2.491s] INFO:colcon.colcon_core.shell:Creating package descriptor '/home/yzquality/vinerobot_example/install/kinect_v2/share/kinect_v2/package.dsv'
[2.492s] INFO:colcon.colcon_core.shell:Creating package script '/home/yzquality/vinerobot_example/install/kinect_v2/share/kinect_v2/package.sh'
[2.493s] INFO:colcon.colcon_core.shell:Creating package script '/home/yzquality/vinerobot_example/install/kinect_v2/share/kinect_v2/package.bash'
[2.495s] INFO:colcon.colcon_core.shell:Creating package script '/home/yzquality/vinerobot_example/install/kinect_v2/share/kinect_v2/package.zsh'
[2.495s] Level 1:colcon.colcon_core.environment:create_file_with_runtime_dependencies(/home/yzquality/vinerobot_example/install/kinect_v2/share/colcon-core/packages/kinect_v2)
[3.383s] DEBUG:colcon.colcon_core.event_handler.log_command:Invoking command in '/home/yzquality/vinerobot_example/src/mybot_description': PYTHONPATH=/home/yzquality/vinerobot_example/build/mybot_description/prefix_override:/usr/lib/python3/dist-packages/colcon_core/task/python/colcon_distutils_commands:/home/yzquality/vinerobot_example/install/mybot_description/lib/python3.10/site-packages:${PYTHONPATH} /usr/bin/python3 -W ignore:setup.py install is deprecated -W ignore:easy_install command is deprecated setup.py egg_info --egg-base ../../build/mybot_description build --build-base /home/yzquality/vinerobot_example/build/mybot_description/build install --record /home/yzquality/vinerobot_example/build/mybot_description/install.log --single-version-externally-managed install_data
[3.387s] DEBUG:colcon.colcon_core.event_handler.log_command:Invoking command in '/home/yzquality/vinerobot_example/src/depth_obstacle_detector': PYTHONPATH=/home/yzquality/vinerobot_example/build/depth_obstacle_detector/prefix_override:/usr/lib/python3/dist-packages/colcon_core/task/python/colcon_distutils_commands:/home/yzquality/vinerobot_example/install/depth_obstacle_detector/lib/python3.10/site-packages:${PYTHONPATH} /usr/bin/python3 -W ignore:setup.py install is deprecated -W ignore:easy_install command is deprecated setup.py egg_info --egg-base ../../build/depth_obstacle_detector build --build-base /home/yzquality/vinerobot_example/build/depth_obstacle_detector/build install --record /home/yzquality/vinerobot_example/build/depth_obstacle_detector/install.log --single-version-externally-managed install_data
[3.855s] Level 1:colcon.colcon_core.environment:checking '/home/yzquality/vinerobot_example/install/mybot_description' for CMake module files
[3.856s] DEBUG:colcon.colcon_core.event_handler.log_command:Invoked command in '/home/yzquality/vinerobot_example/src/mybot_description' returned '0': PYTHONPATH=/home/yzquality/vinerobot_example/build/mybot_description/prefix_override:/usr/lib/python3/dist-packages/colcon_core/task/python/colcon_distutils_commands:/home/yzquality/vinerobot_example/install/mybot_description/lib/python3.10/site-packages:${PYTHONPATH} /usr/bin/python3 -W ignore:setup.py install is deprecated -W ignore:easy_install command is deprecated setup.py egg_info --egg-base ../../build/mybot_description build --build-base /home/yzquality/vinerobot_example/build/mybot_description/build install --record /home/yzquality/vinerobot_example/build/mybot_description/install.log --single-version-externally-managed install_data
[3.857s] Level 1:colcon.colcon_core.environment:checking '/home/yzquality/vinerobot_example/install/mybot_description' for CMake config files
[3.858s] Level 1:colcon.colcon_core.environment:checking '/home/yzquality/vinerobot_example/install/mybot_description/lib'
[3.859s] Level 1:colcon.colcon_core.environment:checking '/home/yzquality/vinerobot_example/install/mybot_description/bin'
[3.859s] Level 1:colcon.colcon_core.environment:checking '/home/yzquality/vinerobot_example/install/mybot_description/lib/pkgconfig/mybot_description.pc'
[3.859s] Level 1:colcon.colcon_core.environment:checking '/home/yzquality/vinerobot_example/install/mybot_description/lib/python3.10/site-packages'
[3.859s] Level 1:colcon.colcon_core.shell:create_environment_hook('mybot_description', 'pythonpath')
[3.859s] INFO:colcon.colcon_core.shell:Creating environment hook '/home/yzquality/vinerobot_example/install/mybot_description/share/mybot_description/hook/pythonpath.ps1'
[3.860s] INFO:colcon.colcon_core.shell:Creating environment descriptor '/home/yzquality/vinerobot_example/install/mybot_description/share/mybot_description/hook/pythonpath.dsv'
[3.861s] INFO:colcon.colcon_core.shell:Creating environment hook '/home/yzquality/vinerobot_example/install/mybot_description/share/mybot_description/hook/pythonpath.sh'
[3.862s] Level 1:colcon.colcon_core.environment:checking '/home/yzquality/vinerobot_example/install/mybot_description/bin'
[3.862s] Level 1:colcon.colcon_core.environment:create_environment_scripts_only(mybot_description)
[3.863s] INFO:colcon.colcon_core.shell:Creating package script '/home/yzquality/vinerobot_example/install/mybot_description/share/mybot_description/package.ps1'
[3.863s] INFO:colcon.colcon_core.shell:Creating package descriptor '/home/yzquality/vinerobot_example/install/mybot_description/share/mybot_description/package.dsv'
[3.865s] INFO:colcon.colcon_core.shell:Creating package script '/home/yzquality/vinerobot_example/install/mybot_description/share/mybot_description/package.sh'
[3.866s] INFO:colcon.colcon_core.shell:Creating package script '/home/yzquality/vinerobot_example/install/mybot_description/share/mybot_description/package.bash'
[3.867s] INFO:colcon.colcon_core.shell:Creating package script '/home/yzquality/vinerobot_example/install/mybot_description/share/mybot_description/package.zsh'
[3.868s] Level 1:colcon.colcon_core.environment:create_file_with_runtime_dependencies(/home/yzquality/vinerobot_example/install/mybot_description/share/colcon-core/packages/mybot_description)
[3.869s] INFO:colcon.colcon_ros.task.ament_cmake.build:Building ROS package in '/home/yzquality/vinerobot_example/src/mybot' with build type 'ament_cmake'
[3.869s] INFO:colcon.colcon_cmake.task.cmake.build:Building CMake package in '/home/yzquality/vinerobot_example/src/mybot'
[3.869s] INFO:colcon.colcon_core.shell:Skip shell extension 'powershell' for command environment: Not usable outside of PowerShell
[3.869s] DEBUG:colcon.colcon_core.shell:Skip shell extension 'dsv' for command environment
[3.900s] Level 1:colcon.colcon_core.environment:checking '/home/yzquality/vinerobot_example/install/depth_obstacle_detector' for CMake module files
[3.905s] Level 1:colcon.colcon_core.environment:checking '/home/yzquality/vinerobot_example/install/depth_obstacle_detector' for CMake config files
[3.911s] DEBUG:colcon.colcon_core.event_handler.log_command:Invoked command in '/home/yzquality/vinerobot_example/src/depth_obstacle_detector' returned '0': PYTHONPATH=/home/yzquality/vinerobot_example/build/depth_obstacle_detector/prefix_override:/usr/lib/python3/dist-packages/colcon_core/task/python/colcon_distutils_commands:/home/yzquality/vinerobot_example/install/depth_obstacle_detector/lib/python3.10/site-packages:${PYTHONPATH} /usr/bin/python3 -W ignore:setup.py install is deprecated -W ignore:easy_install command is deprecated setup.py egg_info --egg-base ../../build/depth_obstacle_detector build --build-base /home/yzquality/vinerobot_example/build/depth_obstacle_detector/build install --record /home/yzquality/vinerobot_example/build/depth_obstacle_detector/install.log --single-version-externally-managed install_data
[3.912s] Level 1:colcon.colcon_core.environment:checking '/home/yzquality/vinerobot_example/install/depth_obstacle_detector/lib'
[3.912s] Level 1:colcon.colcon_core.environment:checking '/home/yzquality/vinerobot_example/install/depth_obstacle_detector/bin'
[3.912s] Level 1:colcon.colcon_core.environment:checking '/home/yzquality/vinerobot_example/install/depth_obstacle_detector/lib/pkgconfig/depth_obstacle_detector.pc'
[3.913s] Level 1:colcon.colcon_core.environment:checking '/home/yzquality/vinerobot_example/install/depth_obstacle_detector/lib/python3.10/site-packages'
[3.913s] Level 1:colcon.colcon_core.shell:create_environment_hook('depth_obstacle_detector', 'pythonpath')
[3.913s] INFO:colcon.colcon_core.shell:Creating environment hook '/home/yzquality/vinerobot_example/install/depth_obstacle_detector/share/depth_obstacle_detector/hook/pythonpath.ps1'
[3.915s] INFO:colcon.colcon_core.shell:Creating environment descriptor '/home/yzquality/vinerobot_example/install/depth_obstacle_detector/share/depth_obstacle_detector/hook/pythonpath.dsv'
[3.915s] INFO:colcon.colcon_core.shell:Creating environment hook '/home/yzquality/vinerobot_example/install/depth_obstacle_detector/share/depth_obstacle_detector/hook/pythonpath.sh'
[3.917s] Level 1:colcon.colcon_core.environment:checking '/home/yzquality/vinerobot_example/install/depth_obstacle_detector/bin'
[3.917s] Level 1:colcon.colcon_core.environment:create_environment_scripts_only(depth_obstacle_detector)
[3.917s] INFO:colcon.colcon_core.shell:Creating package script '/home/yzquality/vinerobot_example/install/depth_obstacle_detector/share/depth_obstacle_detector/package.ps1'
[3.918s] INFO:colcon.colcon_core.shell:Creating package descriptor '/home/yzquality/vinerobot_example/install/depth_obstacle_detector/share/depth_obstacle_detector/package.dsv'
[3.919s] INFO:colcon.colcon_core.shell:Creating package script '/home/yzquality/vinerobot_example/install/depth_obstacle_detector/share/depth_obstacle_detector/package.sh'
[3.920s] INFO:colcon.colcon_core.shell:Creating package script '/home/yzquality/vinerobot_example/install/depth_obstacle_detector/share/depth_obstacle_detector/package.bash'
[3.921s] INFO:colcon.colcon_core.shell:Creating package script '/home/yzquality/vinerobot_example/install/depth_obstacle_detector/share/depth_obstacle_detector/package.zsh'
[3.922s] Level 1:colcon.colcon_core.environment:create_file_with_runtime_dependencies(/home/yzquality/vinerobot_example/install/depth_obstacle_detector/share/colcon-core/packages/depth_obstacle_detector)
[3.933s] DEBUG:colcon.colcon_core.event_handler.log_command:Invoking command in '/home/yzquality/vinerobot_example/build/mybot': AMENT_PREFIX_PATH=/home/yzquality/vinerobot_example/install/mybot_description:/home/yzquality/vinerobot_example/install/mybot:/home/yzquality/vinerobot_example/install/kinect_v2:/home/yzquality/vinerobot_example/install/depth_obstacle_detector:/home/yzquality/vinerobot_prp/install/mybot:/home/yzquality/vinerobot_prp/install/mybot_description:/home/yzquality/vinerobot_prp/install/motion_controller:/home/yzquality/ros2_turtle/install/turtlesim_controller:/home/yzquality/ros2_ex1/install/mybot:/home/yzquality/ros2_ex1/install/mybot_description:/opt/ros/humble CMAKE_PREFIX_PATH=${CMAKE_PREFIX_PATH}:/home/yzquality/vinerobot_example/install/mybot_description:/home/yzquality/vinerobot_example/install/depth_obstacle_detector:/home/yzquality/vinerobot_prp/install/mybot_description:/home/yzquality/vinerobot_prp/install/motion_controller:/home/yzquality/ros2_turtle/install/turtlesim_controller:/home/yzquality/ros2_ex1/install/mybot_description:/opt/ros/humble /usr/bin/cmake --build /home/yzquality/vinerobot_example/build/mybot -- -j4 -l4
[4.039s] DEBUG:colcon.colcon_core.event_handler.log_command:Invoked command in '/home/yzquality/vinerobot_example/build/mybot' returned '0': AMENT_PREFIX_PATH=/home/yzquality/vinerobot_example/install/mybot_description:/home/yzquality/vinerobot_example/install/mybot:/home/yzquality/vinerobot_example/install/kinect_v2:/home/yzquality/vinerobot_example/install/depth_obstacle_detector:/home/yzquality/vinerobot_prp/install/mybot:/home/yzquality/vinerobot_prp/install/mybot_description:/home/yzquality/vinerobot_prp/install/motion_controller:/home/yzquality/ros2_turtle/install/turtlesim_controller:/home/yzquality/ros2_ex1/install/mybot:/home/yzquality/ros2_ex1/install/mybot_description:/opt/ros/humble CMAKE_PREFIX_PATH=${CMAKE_PREFIX_PATH}:/home/yzquality/vinerobot_example/install/mybot_description:/home/yzquality/vinerobot_example/install/depth_obstacle_detector:/home/yzquality/vinerobot_prp/install/mybot_description:/home/yzquality/vinerobot_prp/install/motion_controller:/home/yzquality/ros2_turtle/install/turtlesim_controller:/home/yzquality/ros2_ex1/install/mybot_description:/opt/ros/humble /usr/bin/cmake --build /home/yzquality/vinerobot_example/build/mybot -- -j4 -l4
[4.052s] DEBUG:colcon.colcon_core.event_handler.log_command:Invoking command in '/home/yzquality/vinerobot_example/build/mybot': AMENT_PREFIX_PATH=/home/yzquality/vinerobot_example/install/mybot_description:/home/yzquality/vinerobot_example/install/mybot:/home/yzquality/vinerobot_example/install/kinect_v2:/home/yzquality/vinerobot_example/install/depth_obstacle_detector:/home/yzquality/vinerobot_prp/install/mybot:/home/yzquality/vinerobot_prp/install/mybot_description:/home/yzquality/vinerobot_prp/install/motion_controller:/home/yzquality/ros2_turtle/install/turtlesim_controller:/home/yzquality/ros2_ex1/install/mybot:/home/yzquality/ros2_ex1/install/mybot_description:/opt/ros/humble CMAKE_PREFIX_PATH=${CMAKE_PREFIX_PATH}:/home/yzquality/vinerobot_example/install/mybot_description:/home/yzquality/vinerobot_example/install/depth_obstacle_detector:/home/yzquality/vinerobot_prp/install/mybot_description:/home/yzquality/vinerobot_prp/install/motion_controller:/home/yzquality/ros2_turtle/install/turtlesim_controller:/home/yzquality/ros2_ex1/install/mybot_description:/opt/ros/humble /usr/bin/cmake --install /home/yzquality/vinerobot_example/build/mybot
[4.091s] Level 1:colcon.colcon_core.environment:create_environment_scripts_only(mybot)
[4.091s] DEBUG:colcon.colcon_core.event_handler.log_command:Invoked command in '/home/yzquality/vinerobot_example/build/mybot' returned '0': AMENT_PREFIX_PATH=/home/yzquality/vinerobot_example/install/mybot_description:/home/yzquality/vinerobot_example/install/mybot:/home/yzquality/vinerobot_example/install/kinect_v2:/home/yzquality/vinerobot_example/install/depth_obstacle_detector:/home/yzquality/vinerobot_prp/install/mybot:/home/yzquality/vinerobot_prp/install/mybot_description:/home/yzquality/vinerobot_prp/install/motion_controller:/home/yzquality/ros2_turtle/install/turtlesim_controller:/home/yzquality/ros2_ex1/install/mybot:/home/yzquality/ros2_ex1/install/mybot_description:/opt/ros/humble CMAKE_PREFIX_PATH=${CMAKE_PREFIX_PATH}:/home/yzquality/vinerobot_example/install/mybot_description:/home/yzquality/vinerobot_example/install/depth_obstacle_detector:/home/yzquality/vinerobot_prp/install/mybot_description:/home/yzquality/vinerobot_prp/install/motion_controller:/home/yzquality/ros2_turtle/install/turtlesim_controller:/home/yzquality/ros2_ex1/install/mybot_description:/opt/ros/humble /usr/bin/cmake --install /home/yzquality/vinerobot_example/build/mybot
[4.092s] Level 1:colcon.colcon_core.environment:checking '/home/yzquality/vinerobot_example/install/mybot' for CMake module files
[4.094s] Level 1:colcon.colcon_core.environment:checking '/home/yzquality/vinerobot_example/install/mybot' for CMake config files
[4.098s] Level 1:colcon.colcon_core.shell:create_environment_hook('mybot', 'cmake_prefix_path')
[4.099s] INFO:colcon.colcon_core.shell:Creating environment hook '/home/yzquality/vinerobot_example/install/mybot/share/mybot/hook/cmake_prefix_path.ps1'
[4.099s] INFO:colcon.colcon_core.shell:Creating environment descriptor '/home/yzquality/vinerobot_example/install/mybot/share/mybot/hook/cmake_prefix_path.dsv'
[4.100s] INFO:colcon.colcon_core.shell:Creating environment hook '/home/yzquality/vinerobot_example/install/mybot/share/mybot/hook/cmake_prefix_path.sh'
[4.101s] Level 1:colcon.colcon_core.environment:checking '/home/yzquality/vinerobot_example/install/mybot/bin'
[4.102s] Level 1:colcon.colcon_core.environment:checking '/home/yzquality/vinerobot_example/install/mybot/lib/pkgconfig/mybot.pc'
[4.102s] Level 1:colcon.colcon_core.environment:checking '/home/yzquality/vinerobot_example/install/mybot/lib/python3.10/site-packages'
[4.102s] Level 1:colcon.colcon_core.environment:checking '/home/yzquality/vinerobot_example/install/mybot/bin'
[4.102s] INFO:colcon.colcon_core.shell:Creating package script '/home/yzquality/vinerobot_example/install/mybot/share/mybot/package.ps1'
[4.103s] INFO:colcon.colcon_core.shell:Creating package descriptor '/home/yzquality/vinerobot_example/install/mybot/share/mybot/package.dsv'
[4.104s] INFO:colcon.colcon_core.shell:Creating package script '/home/yzquality/vinerobot_example/install/mybot/share/mybot/package.sh'
[4.105s] INFO:colcon.colcon_core.shell:Creating package script '/home/yzquality/vinerobot_example/install/mybot/share/mybot/package.bash'
[4.106s] INFO:colcon.colcon_core.shell:Creating package script '/home/yzquality/vinerobot_example/install/mybot/share/mybot/package.zsh'
[4.107s] Level 1:colcon.colcon_core.environment:create_file_with_runtime_dependencies(/home/yzquality/vinerobot_example/install/mybot/share/colcon-core/packages/mybot)
[4.109s] Level 1:colcon.colcon_core.environment:create_environment_scripts_only(mybot)
[4.109s] Level 1:colcon.colcon_core.environment:checking '/home/yzquality/vinerobot_example/install/mybot' for CMake module files
[4.109s] Level 1:colcon.colcon_core.environment:checking '/home/yzquality/vinerobot_example/install/mybot' for CMake config files
[4.110s] Level 1:colcon.colcon_core.shell:create_environment_hook('mybot', 'cmake_prefix_path')
[4.110s] INFO:colcon.colcon_core.shell:Creating environment hook '/home/yzquality/vinerobot_example/install/mybot/share/mybot/hook/cmake_prefix_path.ps1'
[4.111s] INFO:colcon.colcon_core.shell:Creating environment descriptor '/home/yzquality/vinerobot_example/install/mybot/share/mybot/hook/cmake_prefix_path.dsv'
[4.111s] INFO:colcon.colcon_core.shell:Creating environment hook '/home/yzquality/vinerobot_example/install/mybot/share/mybot/hook/cmake_prefix_path.sh'
[4.113s] Level 1:colcon.colcon_core.environment:checking '/home/yzquality/vinerobot_example/install/mybot/bin'
[4.113s] Level 1:colcon.colcon_core.environment:checking '/home/yzquality/vinerobot_example/install/mybot/lib/pkgconfig/mybot.pc'
[4.113s] Level 1:colcon.colcon_core.environment:checking '/home/yzquality/vinerobot_example/install/mybot/lib/python3.10/site-packages'
[4.113s] Level 1:colcon.colcon_core.environment:checking '/home/yzquality/vinerobot_example/install/mybot/bin'
[4.113s] INFO:colcon.colcon_core.shell:Creating package script '/home/yzquality/vinerobot_example/install/mybot/share/mybot/package.ps1'
[4.114s] INFO:colcon.colcon_core.shell:Creating package descriptor '/home/yzquality/vinerobot_example/install/mybot/share/mybot/package.dsv'
[4.115s] INFO:colcon.colcon_core.shell:Creating package script '/home/yzquality/vinerobot_example/install/mybot/share/mybot/package.sh'
[4.116s] INFO:colcon.colcon_core.shell:Creating package script '/home/yzquality/vinerobot_example/install/mybot/share/mybot/package.bash'
[4.116s] INFO:colcon.colcon_core.shell:Creating package script '/home/yzquality/vinerobot_example/install/mybot/share/mybot/package.zsh'
[4.117s] Level 1:colcon.colcon_core.environment:create_file_with_runtime_dependencies(/home/yzquality/vinerobot_example/install/mybot/share/colcon-core/packages/mybot)
[4.119s] DEBUG:colcon.colcon_parallel_executor.executor.parallel:closing loop
[4.119s] DEBUG:colcon.colcon_parallel_executor.executor.parallel:loop closed
[4.119s] DEBUG:colcon.colcon_parallel_executor.executor.parallel:run_until_complete finished with '0'
[4.120s] DEBUG:colcon.colcon_core.event_reactor:joining thread
[4.141s] INFO:colcon.colcon_core.plugin_system:Skipping extension 'colcon_notification.desktop_notification.terminal_notifier': Not used on non-Darwin systems
[4.141s] INFO:colcon.colcon_core.plugin_system:Skipping extension 'colcon_notification.desktop_notification.win32': Not used on non-Windows systems
[4.141s] INFO:colcon.colcon_notification.desktop_notification:Sending desktop notification using 'notify2'
[4.229s] DEBUG:colcon.colcon_core.event_reactor:joined thread
[4.229s] INFO:colcon.colcon_core.shell:Creating prefix script '/home/yzquality/vinerobot_example/install/local_setup.ps1'
[4.232s] INFO:colcon.colcon_core.shell:Creating prefix util module '/home/yzquality/vinerobot_example/install/_local_setup_util_ps1.py'
[4.235s] INFO:colcon.colcon_core.shell:Creating prefix chain script '/home/yzquality/vinerobot_example/install/setup.ps1'
[4.244s] INFO:colcon.colcon_core.shell:Creating prefix script '/home/yzquality/vinerobot_example/install/local_setup.sh'
[4.246s] INFO:colcon.colcon_core.shell:Creating prefix util module '/home/yzquality/vinerobot_example/install/_local_setup_util_sh.py'
[4.247s] INFO:colcon.colcon_core.shell:Creating prefix chain script '/home/yzquality/vinerobot_example/install/setup.sh'
[4.257s] INFO:colcon.colcon_core.shell:Creating prefix script '/home/yzquality/vinerobot_example/install/local_setup.bash'
[4.295s] INFO:colcon.colcon_core.shell:Creating prefix chain script '/home/yzquality/vinerobot_example/install/setup.bash'
[4.298s] INFO:colcon.colcon_core.shell:Creating prefix script '/home/yzquality/vinerobot_example/install/local_setup.zsh'
[4.301s] INFO:colcon.colcon_core.shell:Creating prefix chain script '/home/yzquality/vinerobot_example/install/setup.zsh'
