[3.510s] Invoking command in '/home/yzquality/vinerobot_example/src/mybot_description': PYTHONPATH=/home/yzquality/vinerobot_example/build/mybot_description/prefix_override:/usr/lib/python3/dist-packages/colcon_core/task/python/colcon_distutils_commands:/home/yzquality/vinerobot_example/install/mybot_description/lib/python3.10/site-packages:${PYTHONPATH} /usr/bin/python3 -W ignore:setup.py install is deprecated -W ignore:easy_install command is deprecated setup.py egg_info --egg-base ../../build/mybot_description build --build-base /home/yzquality/vinerobot_example/build/mybot_description/build install --record /home/yzquality/vinerobot_example/build/mybot_description/install.log --single-version-externally-managed install_data
[3.869s] running egg_info
[3.896s] writing ../../build/mybot_description/mybot_description.egg-info/PKG-INFO
[3.922s] writing dependency_links to ../../build/mybot_description/mybot_description.egg-info/dependency_links.txt
[3.965s] writing entry points to ../../build/mybot_description/mybot_description.egg-info/entry_points.txt
[3.978s] writing requirements to ../../build/mybot_description/mybot_description.egg-info/requires.txt
[3.978s] writing top-level names to ../../build/mybot_description/mybot_description.egg-info/top_level.txt
[4.035s] reading manifest file '../../build/mybot_description/mybot_description.egg-info/SOURCES.txt'
[4.129s] writing manifest file '../../build/mybot_description/mybot_description.egg-info/SOURCES.txt'
[4.129s] running build
[4.129s] running build_py
[4.133s] running install
[4.133s] running install_lib
[4.133s] running install_data
[4.151s] copying urdf/vinerobot.urdf -> /home/yzquality/vinerobot_example/install/mybot_description/share/mybot_description/urdf
[4.152s] running install_egg_info
[4.152s] removing '/home/yzquality/vinerobot_example/install/mybot_description/lib/python3.10/site-packages/mybot_description-0.0.0-py3.10.egg-info' (and everything under it)
[4.162s] Copying ../../build/mybot_description/mybot_description.egg-info to /home/yzquality/vinerobot_example/install/mybot_description/lib/python3.10/site-packages/mybot_description-0.0.0-py3.10.egg-info
[4.162s] running install_scripts
[4.184s] writing list of installed files to '/home/yzquality/vinerobot_example/build/mybot_description/install.log'
[4.318s] Invoked command in '/home/yzquality/vinerobot_example/src/mybot_description' returned '0': PYTHONPATH=/home/yzquality/vinerobot_example/build/mybot_description/prefix_override:/usr/lib/python3/dist-packages/colcon_core/task/python/colcon_distutils_commands:/home/yzquality/vinerobot_example/install/mybot_description/lib/python3.10/site-packages:${PYTHONPATH} /usr/bin/python3 -W ignore:setup.py install is deprecated -W ignore:easy_install command is deprecated setup.py egg_info --egg-base ../../build/mybot_description build --build-base /home/yzquality/vinerobot_example/build/mybot_description/build install --record /home/yzquality/vinerobot_example/build/mybot_description/install.log --single-version-externally-managed install_data
