[3.224s] Invoking command in '/home/yzquality/vinerobot_example/src/depth_obstacle_detector': PYTHONPATH=/home/yzquality/vinerobot_example/build/depth_obstacle_detector/prefix_override:/usr/lib/python3/dist-packages/colcon_core/task/python/colcon_distutils_commands:/home/yzquality/vinerobot_example/install/depth_obstacle_detector/lib/python3.10/site-packages:${PYTHONPATH} /usr/bin/python3 -W ignore:setup.py install is deprecated -W ignore:easy_install command is deprecated setup.py egg_info --egg-base ../../build/depth_obstacle_detector build --build-base /home/yzquality/vinerobot_example/build/depth_obstacle_detector/build install --record /home/yzquality/vinerobot_example/build/depth_obstacle_detector/install.log --single-version-externally-managed install_data
[3.723s] running egg_info
[3.729s] writing ../../build/depth_obstacle_detector/depth_obstacle_detector.egg-info/PKG-INFO
[3.730s] writing dependency_links to ../../build/depth_obstacle_detector/depth_obstacle_detector.egg-info/dependency_links.txt
[3.745s] writing entry points to ../../build/depth_obstacle_detector/depth_obstacle_detector.egg-info/entry_points.txt
[3.745s] writing requirements to ../../build/depth_obstacle_detector/depth_obstacle_detector.egg-info/requires.txt
[3.746s] writing top-level names to ../../build/depth_obstacle_detector/depth_obstacle_detector.egg-info/top_level.txt
[3.746s] reading manifest file '../../build/depth_obstacle_detector/depth_obstacle_detector.egg-info/SOURCES.txt'
[3.746s] writing manifest file '../../build/depth_obstacle_detector/depth_obstacle_detector.egg-info/SOURCES.txt'
[3.814s] running build
[3.850s] running build_py
[3.904s] copying depth_obstacle_detector/__init__.py -> /home/yzquality/vinerobot_example/build/depth_obstacle_detector/build/lib/depth_obstacle_detector
[3.904s] running install
[3.905s] running install_lib
[3.905s] copying /home/yzquality/vinerobot_example/build/depth_obstacle_detector/build/lib/depth_obstacle_detector/__init__.py -> /home/yzquality/vinerobot_example/install/depth_obstacle_detector/lib/python3.10/site-packages/depth_obstacle_detector
[3.906s] byte-compiling /home/yzquality/vinerobot_example/install/depth_obstacle_detector/lib/python3.10/site-packages/depth_obstacle_detector/__init__.py to __init__.cpython-310.pyc
[3.908s] running install_data
[3.909s] running install_egg_info
[3.909s] removing '/home/yzquality/vinerobot_example/install/depth_obstacle_detector/lib/python3.10/site-packages/depth_obstacle_detector-0.0.0-py3.10.egg-info' (and everything under it)
[3.909s] Copying ../../build/depth_obstacle_detector/depth_obstacle_detector.egg-info to /home/yzquality/vinerobot_example/install/depth_obstacle_detector/lib/python3.10/site-packages/depth_obstacle_detector-0.0.0-py3.10.egg-info
[3.919s] running install_scripts
[3.939s] Installing depth_detector script to /home/yzquality/vinerobot_example/install/depth_obstacle_detector/lib/depth_obstacle_detector
[3.939s] writing list of installed files to '/home/yzquality/vinerobot_example/build/depth_obstacle_detector/install.log'
[4.029s] Invoked command in '/home/yzquality/vinerobot_example/src/depth_obstacle_detector' returned '0': PYTHONPATH=/home/yzquality/vinerobot_example/build/depth_obstacle_detector/prefix_override:/usr/lib/python3/dist-packages/colcon_core/task/python/colcon_distutils_commands:/home/yzquality/vinerobot_example/install/depth_obstacle_detector/lib/python3.10/site-packages:${PYTHONPATH} /usr/bin/python3 -W ignore:setup.py install is deprecated -W ignore:easy_install command is deprecated setup.py egg_info --egg-base ../../build/depth_obstacle_detector build --build-base /home/yzquality/vinerobot_example/build/depth_obstacle_detector/build install --record /home/yzquality/vinerobot_example/build/depth_obstacle_detector/install.log --single-version-externally-managed install_data
