[0.683s] Invoking command in '/home/yzquality/vinerobot_example/build/kinect_v2': CMAKE_PREFIX_PATH=${CMAKE_PREFIX_PATH}:/home/yzquality/vinerobot_example/install/mybot_description:/home/yzquality/vinerobot_example/install/depth_obstacle_detector:/home/yzquality/vinerobot_prp/install/mybot_description:/home/yzquality/vinerobot_prp/install/motion_controller:/home/yzquality/ros2_turtle/install/turtlesim_controller:/home/yzquality/ros2_ex1/install/mybot_description:/opt/ros/humble /usr/bin/cmake --build /home/yzquality/vinerobot_example/build/kinect_v2 -- -j4 -l4
[0.859s] Invoked command in '/home/yzquality/vinerobot_example/build/kinect_v2' returned '0': CMAKE_PREFIX_PATH=${CMAKE_PREFIX_PATH}:/home/yzquality/vinerobot_example/install/mybot_description:/home/yzquality/vinerobot_example/install/depth_obstacle_detector:/home/yzquality/vinerobot_prp/install/mybot_description:/home/yzquality/vinerobot_prp/install/motion_controller:/home/yzquality/ros2_turtle/install/turtlesim_controller:/home/yzquality/ros2_ex1/install/mybot_description:/opt/ros/humble /usr/bin/cmake --build /home/yzquality/vinerobot_example/build/kinect_v2 -- -j4 -l4
[0.885s] Invoking command in '/home/yzquality/vinerobot_example/build/kinect_v2': CMAKE_PREFIX_PATH=${CMAKE_PREFIX_PATH}:/home/yzquality/vinerobot_example/install/mybot_description:/home/yzquality/vinerobot_example/install/depth_obstacle_detector:/home/yzquality/vinerobot_prp/install/mybot_description:/home/yzquality/vinerobot_prp/install/motion_controller:/home/yzquality/ros2_turtle/install/turtlesim_controller:/home/yzquality/ros2_ex1/install/mybot_description:/opt/ros/humble /usr/bin/cmake --install /home/yzquality/vinerobot_example/build/kinect_v2
[0.885s] -- Install configuration: ""
[0.886s] -- Up-to-date: /home/yzquality/vinerobot_example/install/kinect_v2/share/kinect_v2/launch
[0.888s] -- Up-to-date: /home/yzquality/vinerobot_example/install/kinect_v2/share/kinect_v2/launch/display.launch
[0.888s] -- Up-to-date: /home/yzquality/vinerobot_example/install/kinect_v2/share/kinect_v2/launch/gazebo.launch
[0.889s] -- Up-to-date: /home/yzquality/vinerobot_example/install/kinect_v2/share/kinect_v2/meshes
[0.891s] -- Up-to-date: /home/yzquality/vinerobot_example/install/kinect_v2/share/kinect_v2/meshes/kinect2.STL
[0.891s] -- Up-to-date: /home/yzquality/vinerobot_example/install/kinect_v2/share/kinect_v2/urdf
[0.892s] -- Up-to-date: /home/yzquality/vinerobot_example/install/kinect_v2/share/kinect_v2/urdf/kinect_v2.urdf.xacro
[0.892s] -- Up-to-date: /home/yzquality/vinerobot_example/install/kinect_v2/share/kinect_v2/urdf/kinect_v2_standalong.urdf.xacro
[0.892s] -- Up-to-date: /home/yzquality/vinerobot_example/install/kinect_v2/share/kinect_v2/urdf/kinect_v2.gazebo.xacro
[0.893s] -- Up-to-date: /home/yzquality/vinerobot_example/install/kinect_v2/share/ament_index/resource_index/package_run_dependencies/kinect_v2
[0.894s] -- Up-to-date: /home/yzquality/vinerobot_example/install/kinect_v2/share/ament_index/resource_index/parent_prefix_path/kinect_v2
[0.895s] -- Up-to-date: /home/yzquality/vinerobot_example/install/kinect_v2/share/kinect_v2/environment/ament_prefix_path.sh
[0.896s] -- Up-to-date: /home/yzquality/vinerobot_example/install/kinect_v2/share/kinect_v2/environment/ament_prefix_path.dsv
[0.896s] -- Up-to-date: /home/yzquality/vinerobot_example/install/kinect_v2/share/kinect_v2/environment/path.sh
[0.897s] -- Up-to-date: /home/yzquality/vinerobot_example/install/kinect_v2/share/kinect_v2/environment/path.dsv
[0.897s] -- Up-to-date: /home/yzquality/vinerobot_example/install/kinect_v2/share/kinect_v2/local_setup.bash
[0.897s] -- Up-to-date: /home/yzquality/vinerobot_example/install/kinect_v2/share/kinect_v2/local_setup.sh
[0.897s] -- Up-to-date: /home/yzquality/vinerobot_example/install/kinect_v2/share/kinect_v2/local_setup.zsh
[0.898s] -- Up-to-date: /home/yzquality/vinerobot_example/install/kinect_v2/share/kinect_v2/local_setup.dsv
[0.898s] -- Installing: /home/yzquality/vinerobot_example/install/kinect_v2/share/kinect_v2/package.dsv
[0.899s] -- Up-to-date: /home/yzquality/vinerobot_example/install/kinect_v2/share/ament_index/resource_index/packages/kinect_v2
[0.900s] -- Up-to-date: /home/yzquality/vinerobot_example/install/kinect_v2/share/kinect_v2/cmake/kinect_v2Config.cmake
[0.901s] -- Up-to-date: /home/yzquality/vinerobot_example/install/kinect_v2/share/kinect_v2/cmake/kinect_v2Config-version.cmake
[0.901s] -- Up-to-date: /home/yzquality/vinerobot_example/install/kinect_v2/share/kinect_v2/package.xml
[0.904s] Invoked command in '/home/yzquality/vinerobot_example/build/kinect_v2' returned '0': CMAKE_PREFIX_PATH=${CMAKE_PREFIX_PATH}:/home/yzquality/vinerobot_example/install/mybot_description:/home/yzquality/vinerobot_example/install/depth_obstacle_detector:/home/yzquality/vinerobot_prp/install/mybot_description:/home/yzquality/vinerobot_prp/install/motion_controller:/home/yzquality/ros2_turtle/install/turtlesim_controller:/home/yzquality/ros2_ex1/install/mybot_description:/opt/ros/humble /usr/bin/cmake --install /home/yzquality/vinerobot_example/build/kinect_v2
