[1.376s] Invoking command in '/home/yzquality/vinerobot_example/src/depth_obstacle_detector': PYTHONPATH=/home/yzquality/vinerobot_example/build/depth_obstacle_detector/prefix_override:/usr/lib/python3/dist-packages/colcon_core/task/python/colcon_distutils_commands:/home/yzquality/vinerobot_example/install/depth_obstacle_detector/lib/python3.10/site-packages:${PYTHONPATH} /usr/bin/python3 -W ignore:setup.py install is deprecated -W ignore:easy_install command is deprecated setup.py egg_info --egg-base ../../build/depth_obstacle_detector build --build-base /home/yzquality/vinerobot_example/build/depth_obstacle_detector/build install --record /home/yzquality/vinerobot_example/build/depth_obstacle_detector/install.log --single-version-externally-managed install_data
[1.780s] running egg_info
[1.780s] writing ../../build/depth_obstacle_detector/depth_obstacle_detector.egg-info/PKG-INFO
[1.782s] writing dependency_links to ../../build/depth_obstacle_detector/depth_obstacle_detector.egg-info/dependency_links.txt
[1.783s] writing entry points to ../../build/depth_obstacle_detector/depth_obstacle_detector.egg-info/entry_points.txt
[1.783s] writing requirements to ../../build/depth_obstacle_detector/depth_obstacle_detector.egg-info/requires.txt
[1.785s] writing top-level names to ../../build/depth_obstacle_detector/depth_obstacle_detector.egg-info/top_level.txt
[1.787s] reading manifest file '../../build/depth_obstacle_detector/depth_obstacle_detector.egg-info/SOURCES.txt'
[1.788s] writing manifest file '../../build/depth_obstacle_detector/depth_obstacle_detector.egg-info/SOURCES.txt'
[1.790s] running build
[1.790s] running build_py
[1.790s] running install
[1.791s] running install_lib
[1.791s] running install_data
[1.792s] running install_egg_info
[1.794s] removing '/home/yzquality/vinerobot_example/install/depth_obstacle_detector/lib/python3.10/site-packages/depth_obstacle_detector-0.0.0-py3.10.egg-info' (and everything under it)
[1.795s] Copying ../../build/depth_obstacle_detector/depth_obstacle_detector.egg-info to /home/yzquality/vinerobot_example/install/depth_obstacle_detector/lib/python3.10/site-packages/depth_obstacle_detector-0.0.0-py3.10.egg-info
[1.796s] running install_scripts
[1.819s] Installing depth_detector script to /home/yzquality/vinerobot_example/install/depth_obstacle_detector/lib/depth_obstacle_detector
[1.820s] writing list of installed files to '/home/yzquality/vinerobot_example/build/depth_obstacle_detector/install.log'
[1.855s] Invoked command in '/home/yzquality/vinerobot_example/src/depth_obstacle_detector' returned '0': PYTHONPATH=/home/yzquality/vinerobot_example/build/depth_obstacle_detector/prefix_override:/usr/lib/python3/dist-packages/colcon_core/task/python/colcon_distutils_commands:/home/yzquality/vinerobot_example/install/depth_obstacle_detector/lib/python3.10/site-packages:${PYTHONPATH} /usr/bin/python3 -W ignore:setup.py install is deprecated -W ignore:easy_install command is deprecated setup.py egg_info --egg-base ../../build/depth_obstacle_detector build --build-base /home/yzquality/vinerobot_example/build/depth_obstacle_detector/build install --record /home/yzquality/vinerobot_example/build/depth_obstacle_detector/install.log --single-version-externally-managed install_data
