[2.100s] Invoking command in '/home/yzquality/vinerobot_example/src/depth_obstacle_detector': PYTHONPATH=/home/yzquality/vinerobot_example/build/depth_obstacle_detector/prefix_override:/usr/lib/python3/dist-packages/colcon_core/task/python/colcon_distutils_commands:/home/yzquality/vinerobot_example/install/depth_obstacle_detector/lib/python3.10/site-packages:${PYTHONPATH} /usr/bin/python3 -W ignore:setup.py install is deprecated -W ignore:easy_install command is deprecated setup.py egg_info --egg-base ../../build/depth_obstacle_detector build --build-base /home/yzquality/vinerobot_example/build/depth_obstacle_detector/build install --record /home/yzquality/vinerobot_example/build/depth_obstacle_detector/install.log --single-version-externally-managed install_data
[3.054s] running egg_info
[3.054s] creating ../../build/depth_obstacle_detector/depth_obstacle_detector.egg-info
[3.054s] writing ../../build/depth_obstacle_detector/depth_obstacle_detector.egg-info/PKG-INFO
[3.054s] writing dependency_links to ../../build/depth_obstacle_detector/depth_obstacle_detector.egg-info/dependency_links.txt
[3.054s] writing entry points to ../../build/depth_obstacle_detector/depth_obstacle_detector.egg-info/entry_points.txt
[3.054s] writing requirements to ../../build/depth_obstacle_detector/depth_obstacle_detector.egg-info/requires.txt
[3.054s] writing top-level names to ../../build/depth_obstacle_detector/depth_obstacle_detector.egg-info/top_level.txt
[3.055s] writing manifest file '../../build/depth_obstacle_detector/depth_obstacle_detector.egg-info/SOURCES.txt'
[3.058s] reading manifest file '../../build/depth_obstacle_detector/depth_obstacle_detector.egg-info/SOURCES.txt'
[3.059s] writing manifest file '../../build/depth_obstacle_detector/depth_obstacle_detector.egg-info/SOURCES.txt'
[3.060s] running build
[3.062s] running build_py
[3.062s] creating /home/yzquality/vinerobot_example/build/depth_obstacle_detector/build
[3.062s] creating /home/yzquality/vinerobot_example/build/depth_obstacle_detector/build/lib
[3.062s] creating /home/yzquality/vinerobot_example/build/depth_obstacle_detector/build/lib/depth_obstacle_detector
[3.062s] copying depth_obstacle_detector/depth_detecter.py -> /home/yzquality/vinerobot_example/build/depth_obstacle_detector/build/lib/depth_obstacle_detector
[3.062s] copying depth_obstacle_detector/__init__.py -> /home/yzquality/vinerobot_example/build/depth_obstacle_detector/build/lib/depth_obstacle_detector
[3.063s] running install
[3.065s] running install_lib
[3.065s] creating /home/yzquality/vinerobot_example/install/depth_obstacle_detector/lib/python3.10/site-packages/depth_obstacle_detector
[3.066s] copying /home/yzquality/vinerobot_example/build/depth_obstacle_detector/build/lib/depth_obstacle_detector/depth_detecter.py -> /home/yzquality/vinerobot_example/install/depth_obstacle_detector/lib/python3.10/site-packages/depth_obstacle_detector
[3.066s] copying /home/yzquality/vinerobot_example/build/depth_obstacle_detector/build/lib/depth_obstacle_detector/__init__.py -> /home/yzquality/vinerobot_example/install/depth_obstacle_detector/lib/python3.10/site-packages/depth_obstacle_detector
[3.068s] byte-compiling /home/yzquality/vinerobot_example/install/depth_obstacle_detector/lib/python3.10/site-packages/depth_obstacle_detector/depth_detecter.py to depth_detecter.cpython-310.pyc
[3.070s] byte-compiling /home/yzquality/vinerobot_example/install/depth_obstacle_detector/lib/python3.10/site-packages/depth_obstacle_detector/__init__.py to __init__.cpython-310.pyc
[3.070s] running install_data
[3.070s] creating /home/yzquality/vinerobot_example/install/depth_obstacle_detector/share/ament_index
[3.071s] creating /home/yzquality/vinerobot_example/install/depth_obstacle_detector/share/ament_index/resource_index
[3.071s] creating /home/yzquality/vinerobot_example/install/depth_obstacle_detector/share/ament_index/resource_index/packages
[3.071s] copying resource/depth_obstacle_detector -> /home/yzquality/vinerobot_example/install/depth_obstacle_detector/share/ament_index/resource_index/packages
[3.071s] copying package.xml -> /home/yzquality/vinerobot_example/install/depth_obstacle_detector/share/depth_obstacle_detector
[3.071s] running install_egg_info
[3.071s] Copying ../../build/depth_obstacle_detector/depth_obstacle_detector.egg-info to /home/yzquality/vinerobot_example/install/depth_obstacle_detector/lib/python3.10/site-packages/depth_obstacle_detector-0.0.0-py3.10.egg-info
[3.074s] running install_scripts
[3.125s] Installing depth_detector script to /home/yzquality/vinerobot_example/install/depth_obstacle_detector/lib/depth_obstacle_detector
[3.127s] writing list of installed files to '/home/yzquality/vinerobot_example/build/depth_obstacle_detector/install.log'
[3.202s] Invoked command in '/home/yzquality/vinerobot_example/src/depth_obstacle_detector' returned '0': PYTHONPATH=/home/yzquality/vinerobot_example/build/depth_obstacle_detector/prefix_override:/usr/lib/python3/dist-packages/colcon_core/task/python/colcon_distutils_commands:/home/yzquality/vinerobot_example/install/depth_obstacle_detector/lib/python3.10/site-packages:${PYTHONPATH} /usr/bin/python3 -W ignore:setup.py install is deprecated -W ignore:easy_install command is deprecated setup.py egg_info --egg-base ../../build/depth_obstacle_detector build --build-base /home/yzquality/vinerobot_example/build/depth_obstacle_detector/build install --record /home/yzquality/vinerobot_example/build/depth_obstacle_detector/install.log --single-version-externally-managed install_data
