-- Install configuration: ""
-- Up-to-date: /home/yzquality/vinerobot_example/install/mybot/share/ament_index/resource_index/package_run_dependencies/mybot
-- Up-to-date: /home/yzquality/vinerobot_example/install/mybot/share/ament_index/resource_index/parent_prefix_path/mybot
-- Up-to-date: /home/yzquality/vinerobot_example/install/mybot/share/mybot/environment/ament_prefix_path.sh
-- Up-to-date: /home/yzquality/vinerobot_example/install/mybot/share/mybot/environment/ament_prefix_path.dsv
-- Up-to-date: /home/yzquality/vinerobot_example/install/mybot/share/mybot/environment/path.sh
-- Up-to-date: /home/yzquality/vinerobot_example/install/mybot/share/mybot/environment/path.dsv
-- Up-to-date: /home/yzquality/vinerobot_example/install/mybot/share/mybot/local_setup.bash
-- Up-to-date: /home/yzquality/vinerobot_example/install/mybot/share/mybot/local_setup.sh
-- Up-to-date: /home/yzquality/vinerobot_example/install/mybot/share/mybot/local_setup.zsh
-- Up-to-date: /home/yzquality/vinerobot_example/install/mybot/share/mybot/local_setup.dsv
-- Installing: /home/yzquality/vinerobot_example/install/mybot/share/mybot/package.dsv
-- Up-to-date: /home/yzquality/vinerobot_example/install/mybot/share/ament_index/resource_index/packages/mybot
-- Up-to-date: /home/yzquality/vinerobot_example/install/mybot/share/mybot/cmake/mybotConfig.cmake
-- Up-to-date: /home/yzquality/vinerobot_example/install/mybot/share/mybot/cmake/mybotConfig-version.cmake
-- Up-to-date: /home/yzquality/vinerobot_example/install/mybot/share/mybot/package.xml
-- Up-to-date: /home/yzquality/vinerobot_example/install/mybot/share/mybot/launch
-- Up-to-date: /home/yzquality/vinerobot_example/install/mybot/share/mybot/launch/gazebo.launch.py
-- Up-to-date: /home/yzquality/vinerobot_example/install/mybot/share/mybot/launch/moveit_rviz.launch.py
-- Up-to-date: /home/yzquality/vinerobot_example/install/mybot/share/mybot/launch/move_group.launch.py
-- Up-to-date: /home/yzquality/vinerobot_example/install/mybot/share/mybot/launch/warehouse_db.launch.py
-- Up-to-date: /home/yzquality/vinerobot_example/install/mybot/share/mybot/launch/setup_assistant.launch.py
-- Up-to-date: /home/yzquality/vinerobot_example/install/mybot/share/mybot/launch/static_virtual_joint_tfs.launch.py
-- Up-to-date: /home/yzquality/vinerobot_example/install/mybot/share/mybot/launch/rsp.launch.py
-- Up-to-date: /home/yzquality/vinerobot_example/install/mybot/share/mybot/launch/my_moveit_rviz.launch.py
-- Up-to-date: /home/yzquality/vinerobot_example/install/mybot/share/mybot/launch/demo.launch.py
-- Up-to-date: /home/yzquality/vinerobot_example/install/mybot/share/mybot/launch/spawn_controllers.launch.py
-- Up-to-date: /home/yzquality/vinerobot_example/install/mybot/share/mybot/config
-- Up-to-date: /home/yzquality/vinerobot_example/install/mybot/share/mybot/config/moveit.rviz
-- Up-to-date: /home/yzquality/vinerobot_example/install/mybot/share/mybot/config/initial_positions.yaml
-- Up-to-date: /home/yzquality/vinerobot_example/install/mybot/share/mybot/config/pilz_cartesian_limits.yaml
-- Up-to-date: /home/yzquality/vinerobot_example/install/mybot/share/mybot/config/RRP_Robot.urdf.xacro
-- Up-to-date: /home/yzquality/vinerobot_example/install/mybot/share/mybot/config/moveit_controllers.yaml
-- Up-to-date: /home/yzquality/vinerobot_example/install/mybot/share/mybot/config/kinematics.yaml
-- Up-to-date: /home/yzquality/vinerobot_example/install/mybot/share/mybot/config/RRP_Robot.srdf
-- Up-to-date: /home/yzquality/vinerobot_example/install/mybot/share/mybot/config/ros2_controllers.yaml
-- Up-to-date: /home/yzquality/vinerobot_example/install/mybot/share/mybot/config/joint_limits.yaml
-- Up-to-date: /home/yzquality/vinerobot_example/install/mybot/share/mybot/config/sensors_3d.yaml
-- Up-to-date: /home/yzquality/vinerobot_example/install/mybot/share/mybot/config/RRP_Robot.ros2_control.xacro
-- Up-to-date: /home/yzquality/vinerobot_example/install/mybot/share/mybot/.setup_assistant
