[1.293s] Invoking command in '/home/yzquality/vinerobot_example/src/mybot_description': PYTHONPATH=/home/yzquality/vinerobot_example/build/mybot_description/prefix_override:/usr/lib/python3/dist-packages/colcon_core/task/python/colcon_distutils_commands:/home/yzquality/vinerobot_example/install/mybot_description/lib/python3.10/site-packages:${PYTHONPATH} /usr/bin/python3 -W ignore:setup.py install is deprecated -W ignore:easy_install command is deprecated setup.py egg_info --egg-base ../../build/mybot_description build --build-base /home/yzquality/vinerobot_example/build/mybot_description/build install --record /home/yzquality/vinerobot_example/build/mybot_description/install.log --single-version-externally-managed install_data
[1.667s] running egg_info
[1.683s] writing ../../build/mybot_description/mybot_description.egg-info/PKG-INFO
[1.684s] writing dependency_links to ../../build/mybot_description/mybot_description.egg-info/dependency_links.txt
[1.685s] writing entry points to ../../build/mybot_description/mybot_description.egg-info/entry_points.txt
[1.685s] writing requirements to ../../build/mybot_description/mybot_description.egg-info/requires.txt
[1.687s] writing top-level names to ../../build/mybot_description/mybot_description.egg-info/top_level.txt
[1.688s] reading manifest file '../../build/mybot_description/mybot_description.egg-info/SOURCES.txt'
[1.691s] writing manifest file '../../build/mybot_description/mybot_description.egg-info/SOURCES.txt'
[1.691s] running build
[1.692s] running build_py
[1.692s] running install
[1.700s] running install_lib
[1.700s] running install_data
[1.701s] copying urdf/vinerobot.urdf -> /home/yzquality/vinerobot_example/install/mybot_description/share/mybot_description/urdf
[1.701s] running install_egg_info
[1.702s] removing '/home/yzquality/vinerobot_example/install/mybot_description/lib/python3.10/site-packages/mybot_description-0.0.0-py3.10.egg-info' (and everything under it)
[1.702s] Copying ../../build/mybot_description/mybot_description.egg-info to /home/yzquality/vinerobot_example/install/mybot_description/lib/python3.10/site-packages/mybot_description-0.0.0-py3.10.egg-info
[1.702s] running install_scripts
[1.722s] writing list of installed files to '/home/yzquality/vinerobot_example/build/mybot_description/install.log'
[1.795s] Invoked command in '/home/yzquality/vinerobot_example/src/mybot_description' returned '0': PYTHONPATH=/home/yzquality/vinerobot_example/build/mybot_description/prefix_override:/usr/lib/python3/dist-packages/colcon_core/task/python/colcon_distutils_commands:/home/yzquality/vinerobot_example/install/mybot_description/lib/python3.10/site-packages:${PYTHONPATH} /usr/bin/python3 -W ignore:setup.py install is deprecated -W ignore:easy_install command is deprecated setup.py egg_info --egg-base ../../build/mybot_description build --build-base /home/yzquality/vinerobot_example/build/mybot_description/build install --record /home/yzquality/vinerobot_example/build/mybot_description/install.log --single-version-externally-managed install_data
