[2.946s] Invoking command in '/home/yzquality/vinerobot_example/src/mybot_description': PYTHONPATH=/home/yzquality/vinerobot_example/build/mybot_description/prefix_override:/usr/lib/python3/dist-packages/colcon_core/task/python/colcon_distutils_commands:/home/yzquality/vinerobot_example/install/mybot_description/lib/python3.10/site-packages:${PYTHONPATH} /usr/bin/python3 -W ignore:setup.py install is deprecated -W ignore:easy_install command is deprecated setup.py egg_info --egg-base ../../build/mybot_description build --build-base /home/yzquality/vinerobot_example/build/mybot_description/build install --record /home/yzquality/vinerobot_example/build/mybot_description/install.log --single-version-externally-managed install_data
[3.419s] running egg_info
[3.424s] writing ../../build/mybot_description/mybot_description.egg-info/PKG-INFO
[3.426s] writing dependency_links to ../../build/mybot_description/mybot_description.egg-info/dependency_links.txt
[3.427s] writing entry points to ../../build/mybot_description/mybot_description.egg-info/entry_points.txt
[3.427s] writing requirements to ../../build/mybot_description/mybot_description.egg-info/requires.txt
[3.427s] writing top-level names to ../../build/mybot_description/mybot_description.egg-info/top_level.txt
[3.428s] reading manifest file '../../build/mybot_description/mybot_description.egg-info/SOURCES.txt'
[3.430s] writing manifest file '../../build/mybot_description/mybot_description.egg-info/SOURCES.txt'
[3.431s] running build
[3.431s] running build_py
[3.431s] running install
[3.433s] running install_lib
[3.456s] running install_data
[3.456s] copying urdf/vinerobot.urdf -> /home/yzquality/vinerobot_example/install/mybot_description/share/mybot_description/urdf
[3.456s] running install_egg_info
[3.463s] removing '/home/yzquality/vinerobot_example/install/mybot_description/lib/python3.10/site-packages/mybot_description-0.0.0-py3.10.egg-info' (and everything under it)
[3.463s] Copying ../../build/mybot_description/mybot_description.egg-info to /home/yzquality/vinerobot_example/install/mybot_description/lib/python3.10/site-packages/mybot_description-0.0.0-py3.10.egg-info
[3.463s] running install_scripts
[3.561s] writing list of installed files to '/home/yzquality/vinerobot_example/build/mybot_description/install.log'
[3.738s] Invoked command in '/home/yzquality/vinerobot_example/src/mybot_description' returned '0': PYTHONPATH=/home/yzquality/vinerobot_example/build/mybot_description/prefix_override:/usr/lib/python3/dist-packages/colcon_core/task/python/colcon_distutils_commands:/home/yzquality/vinerobot_example/install/mybot_description/lib/python3.10/site-packages:${PYTHONPATH} /usr/bin/python3 -W ignore:setup.py install is deprecated -W ignore:easy_install command is deprecated setup.py egg_info --egg-base ../../build/mybot_description build --build-base /home/yzquality/vinerobot_example/build/mybot_description/build install --record /home/yzquality/vinerobot_example/build/mybot_description/install.log --single-version-externally-managed install_data
