[2.681s] Invoking command in '/home/yzquality/vinerobot_example/src/depth_obstacle_detector': PYTHONPATH=/home/yzquality/vinerobot_example/build/depth_obstacle_detector/prefix_override:/usr/lib/python3/dist-packages/colcon_core/task/python/colcon_distutils_commands:/home/yzquality/vinerobot_example/install/depth_obstacle_detector/lib/python3.10/site-packages:${PYTHONPATH} /usr/bin/python3 -W ignore:setup.py install is deprecated -W ignore:easy_install command is deprecated setup.py egg_info --egg-base ../../build/depth_obstacle_detector build --build-base /home/yzquality/vinerobot_example/build/depth_obstacle_detector/build install --record /home/yzquality/vinerobot_example/build/depth_obstacle_detector/install.log --single-version-externally-managed install_data
[3.452s] running egg_info
[3.454s] writing ../../build/depth_obstacle_detector/depth_obstacle_detector.egg-info/PKG-INFO
[3.455s] writing dependency_links to ../../build/depth_obstacle_detector/depth_obstacle_detector.egg-info/dependency_links.txt
[3.455s] writing entry points to ../../build/depth_obstacle_detector/depth_obstacle_detector.egg-info/entry_points.txt
[3.455s] writing requirements to ../../build/depth_obstacle_detector/depth_obstacle_detector.egg-info/requires.txt
[3.456s] writing top-level names to ../../build/depth_obstacle_detector/depth_obstacle_detector.egg-info/top_level.txt
[3.464s] reading manifest file '../../build/depth_obstacle_detector/depth_obstacle_detector.egg-info/SOURCES.txt'
[3.464s] writing manifest file '../../build/depth_obstacle_detector/depth_obstacle_detector.egg-info/SOURCES.txt'
[3.464s] running build
[3.464s] running build_py
[3.467s] copying depth_obstacle_detector/depth_detector.py -> /home/yzquality/vinerobot_example/build/depth_obstacle_detector/build/lib/depth_obstacle_detector
[3.467s] running install
[3.467s] running install_lib
[3.470s] copying /home/yzquality/vinerobot_example/build/depth_obstacle_detector/build/lib/depth_obstacle_detector/depth_detector.py -> /home/yzquality/vinerobot_example/install/depth_obstacle_detector/lib/python3.10/site-packages/depth_obstacle_detector
[3.470s] byte-compiling /home/yzquality/vinerobot_example/install/depth_obstacle_detector/lib/python3.10/site-packages/depth_obstacle_detector/depth_detector.py to depth_detector.cpython-310.pyc
[3.470s] running install_data
[3.471s] running install_egg_info
[3.473s] removing '/home/yzquality/vinerobot_example/install/depth_obstacle_detector/lib/python3.10/site-packages/depth_obstacle_detector-0.0.0-py3.10.egg-info' (and everything under it)
[3.475s] Copying ../../build/depth_obstacle_detector/depth_obstacle_detector.egg-info to /home/yzquality/vinerobot_example/install/depth_obstacle_detector/lib/python3.10/site-packages/depth_obstacle_detector-0.0.0-py3.10.egg-info
[3.475s] running install_scripts
[3.533s] Installing depth_detector script to /home/yzquality/vinerobot_example/install/depth_obstacle_detector/lib/depth_obstacle_detector
[3.584s] writing list of installed files to '/home/yzquality/vinerobot_example/build/depth_obstacle_detector/install.log'
[3.650s] Invoked command in '/home/yzquality/vinerobot_example/src/depth_obstacle_detector' returned '0': PYTHONPATH=/home/yzquality/vinerobot_example/build/depth_obstacle_detector/prefix_override:/usr/lib/python3/dist-packages/colcon_core/task/python/colcon_distutils_commands:/home/yzquality/vinerobot_example/install/depth_obstacle_detector/lib/python3.10/site-packages:${PYTHONPATH} /usr/bin/python3 -W ignore:setup.py install is deprecated -W ignore:easy_install command is deprecated setup.py egg_info --egg-base ../../build/depth_obstacle_detector build --build-base /home/yzquality/vinerobot_example/build/depth_obstacle_detector/build install --record /home/yzquality/vinerobot_example/build/depth_obstacle_detector/install.log --single-version-externally-managed install_data
