[0.291s] DEBUG:colcon:Command line arguments: ['/usr/bin/colcon', 'build']
[0.291s] DEBUG:colcon:Parsed command line arguments: Namespace(log_base=None, log_level=None, verb_name='build', build_base='build', install_base='install', merge_install=False, symlink_install=False, test_result_base=None, continue_on_error=False, executor='parallel', parallel_workers=4, event_handlers=None, ignore_user_meta=False, metas=['./colcon.meta'], base_paths=['.'], packages_ignore=None, packages_ignore_regex=None, paths=None, packages_up_to=None, packages_up_to_regex=None, packages_above=None, packages_above_and_dependencies=None, packages_above_depth=None, packages_select_by_dep=None, packages_skip_by_dep=None, packages_skip_up_to=None, packages_select_build_failed=False, packages_skip_build_finished=False, packages_select_test_failures=False, packages_skip_test_passed=False, packages_select=None, packages_skip=None, packages_select_regex=None, packages_skip_regex=None, packages_start=None, packages_end=None, allow_overriding=[], cmake_args=None, cmake_target=None, cmake_target_skip_unavailable=False, cmake_clean_cache=False, cmake_clean_first=False, cmake_force_configure=False, ament_cmake_args=None, catkin_cmake_args=None, catkin_skip_building_tests=False, verb_parser=<colcon_defaults.argument_parser.defaults.DefaultArgumentsDecorator object at 0x7164a08f85b0>, verb_extension=<colcon_core.verb.build.BuildVerb object at 0x7164a08f8160>, main=<bound method BuildVerb.main of <colcon_core.verb.build.BuildVerb object at 0x7164a08f8160>>)
[0.531s] Level 1:colcon.colcon_core.package_discovery:discover_packages(colcon_meta) check parameters
[0.532s] Level 1:colcon.colcon_core.package_discovery:discover_packages(recursive) check parameters
[0.532s] Level 1:colcon.colcon_core.package_discovery:discover_packages(ignore) check parameters
[0.532s] Level 1:colcon.colcon_core.package_discovery:discover_packages(path) check parameters
[0.532s] Level 1:colcon.colcon_core.package_discovery:discover_packages(colcon_meta) discover
[0.532s] Level 1:colcon.colcon_core.package_discovery:discover_packages(recursive) discover
[0.532s] INFO:colcon.colcon_core.package_discovery:Crawling recursively for packages in '/home/yzquality/vinerobot_example'
[0.533s] Level 1:colcon.colcon_core.package_identification:_identify(.) by extensions ['ignore', 'ignore_ament_install']
[0.533s] Level 1:colcon.colcon_core.package_identification:_identify(.) by extension 'ignore'
[0.533s] Level 1:colcon.colcon_core.package_identification:_identify(.) by extension 'ignore_ament_install'
[0.533s] Level 1:colcon.colcon_core.package_identification:_identify(.) by extensions ['colcon_pkg']
[0.533s] Level 1:colcon.colcon_core.package_identification:_identify(.) by extension 'colcon_pkg'
[0.533s] Level 1:colcon.colcon_core.package_identification:_identify(.) by extensions ['colcon_meta']
[0.534s] Level 1:colcon.colcon_core.package_identification:_identify(.) by extension 'colcon_meta'
[0.534s] Level 1:colcon.colcon_core.package_identification:_identify(.) by extensions ['ros']
[0.534s] Level 1:colcon.colcon_core.package_identification:_identify(.) by extension 'ros'
[0.548s] Level 1:colcon.colcon_core.package_identification:_identify(.) by extensions ['cmake', 'python']
[0.548s] Level 1:colcon.colcon_core.package_identification:_identify(.) by extension 'cmake'
[0.548s] Level 1:colcon.colcon_core.package_identification:_identify(.) by extension 'python'
[0.548s] Level 1:colcon.colcon_core.package_identification:_identify(.) by extensions ['python_setup_py']
[0.548s] Level 1:colcon.colcon_core.package_identification:_identify(.) by extension 'python_setup_py'
[0.550s] Level 1:colcon.colcon_core.package_identification:_identify(build) by extensions ['ignore', 'ignore_ament_install']
[0.550s] Level 1:colcon.colcon_core.package_identification:_identify(build) by extension 'ignore'
[0.550s] Level 1:colcon.colcon_core.package_identification:_identify(build) ignored
[0.550s] Level 1:colcon.colcon_core.package_identification:_identify(install) by extensions ['ignore', 'ignore_ament_install']
[0.550s] Level 1:colcon.colcon_core.package_identification:_identify(install) by extension 'ignore'
[0.550s] Level 1:colcon.colcon_core.package_identification:_identify(install) ignored
[0.550s] Level 1:colcon.colcon_core.package_identification:_identify(log) by extensions ['ignore', 'ignore_ament_install']
[0.550s] Level 1:colcon.colcon_core.package_identification:_identify(log) by extension 'ignore'
[0.550s] Level 1:colcon.colcon_core.package_identification:_identify(log) ignored
[0.550s] Level 1:colcon.colcon_core.package_identification:_identify(src) by extensions ['ignore', 'ignore_ament_install']
[0.550s] Level 1:colcon.colcon_core.package_identification:_identify(src) by extension 'ignore'
[0.551s] Level 1:colcon.colcon_core.package_identification:_identify(src) by extension 'ignore_ament_install'
[0.551s] Level 1:colcon.colcon_core.package_identification:_identify(src) by extensions ['colcon_pkg']
[0.551s] Level 1:colcon.colcon_core.package_identification:_identify(src) by extension 'colcon_pkg'
[0.551s] Level 1:colcon.colcon_core.package_identification:_identify(src) by extensions ['colcon_meta']
[0.551s] Level 1:colcon.colcon_core.package_identification:_identify(src) by extension 'colcon_meta'
[0.551s] Level 1:colcon.colcon_core.package_identification:_identify(src) by extensions ['ros']
[0.551s] Level 1:colcon.colcon_core.package_identification:_identify(src) by extension 'ros'
[0.551s] Level 1:colcon.colcon_core.package_identification:_identify(src) by extensions ['cmake', 'python']
[0.551s] Level 1:colcon.colcon_core.package_identification:_identify(src) by extension 'cmake'
[0.551s] Level 1:colcon.colcon_core.package_identification:_identify(src) by extension 'python'
[0.551s] Level 1:colcon.colcon_core.package_identification:_identify(src) by extensions ['python_setup_py']
[0.551s] Level 1:colcon.colcon_core.package_identification:_identify(src) by extension 'python_setup_py'
[0.551s] Level 1:colcon.colcon_core.package_identification:_identify(src/depth_obstacle_detector) by extensions ['ignore', 'ignore_ament_install']
[0.551s] Level 1:colcon.colcon_core.package_identification:_identify(src/depth_obstacle_detector) by extension 'ignore'
[0.551s] Level 1:colcon.colcon_core.package_identification:_identify(src/depth_obstacle_detector) by extension 'ignore_ament_install'
[0.551s] Level 1:colcon.colcon_core.package_identification:_identify(src/depth_obstacle_detector) by extensions ['colcon_pkg']
[0.551s] Level 1:colcon.colcon_core.package_identification:_identify(src/depth_obstacle_detector) by extension 'colcon_pkg'
[0.551s] Level 1:colcon.colcon_core.package_identification:_identify(src/depth_obstacle_detector) by extensions ['colcon_meta']
[0.551s] Level 1:colcon.colcon_core.package_identification:_identify(src/depth_obstacle_detector) by extension 'colcon_meta'
[0.552s] Level 1:colcon.colcon_core.package_identification:_identify(src/depth_obstacle_detector) by extensions ['ros']
[0.552s] Level 1:colcon.colcon_core.package_identification:_identify(src/depth_obstacle_detector) by extension 'ros'
[0.560s] DEBUG:colcon.colcon_core.package_identification:Package 'src/depth_obstacle_detector' with type 'ros.ament_python' and name 'depth_obstacle_detector'
[0.560s] Level 1:colcon.colcon_core.package_identification:_identify(src/kinect_v2_urdf) by extensions ['ignore', 'ignore_ament_install']
[0.560s] Level 1:colcon.colcon_core.package_identification:_identify(src/kinect_v2_urdf) by extension 'ignore'
[0.560s] Level 1:colcon.colcon_core.package_identification:_identify(src/kinect_v2_urdf) by extension 'ignore_ament_install'
[0.560s] Level 1:colcon.colcon_core.package_identification:_identify(src/kinect_v2_urdf) by extensions ['colcon_pkg']
[0.560s] Level 1:colcon.colcon_core.package_identification:_identify(src/kinect_v2_urdf) by extension 'colcon_pkg'
[0.560s] Level 1:colcon.colcon_core.package_identification:_identify(src/kinect_v2_urdf) by extensions ['colcon_meta']
[0.560s] Level 1:colcon.colcon_core.package_identification:_identify(src/kinect_v2_urdf) by extension 'colcon_meta'
[0.561s] Level 1:colcon.colcon_core.package_identification:_identify(src/kinect_v2_urdf) by extensions ['ros']
[0.561s] Level 1:colcon.colcon_core.package_identification:_identify(src/kinect_v2_urdf) by extension 'ros'
[0.561s] Level 1:colcon.colcon_core.package_identification:_identify(src/kinect_v2_urdf) by extensions ['cmake', 'python']
[0.561s] Level 1:colcon.colcon_core.package_identification:_identify(src/kinect_v2_urdf) by extension 'cmake'
[0.561s] Level 1:colcon.colcon_core.package_identification:_identify(src/kinect_v2_urdf) by extension 'python'
[0.561s] Level 1:colcon.colcon_core.package_identification:_identify(src/kinect_v2_urdf) by extensions ['python_setup_py']
[0.561s] Level 1:colcon.colcon_core.package_identification:_identify(src/kinect_v2_urdf) by extension 'python_setup_py'
[0.561s] Level 1:colcon.colcon_core.package_identification:_identify(src/kinect_v2_urdf/kinect_v2) by extensions ['ignore', 'ignore_ament_install']
[0.561s] Level 1:colcon.colcon_core.package_identification:_identify(src/kinect_v2_urdf/kinect_v2) by extension 'ignore'
[0.561s] Level 1:colcon.colcon_core.package_identification:_identify(src/kinect_v2_urdf/kinect_v2) by extension 'ignore_ament_install'
[0.561s] Level 1:colcon.colcon_core.package_identification:_identify(src/kinect_v2_urdf/kinect_v2) by extensions ['colcon_pkg']
[0.561s] Level 1:colcon.colcon_core.package_identification:_identify(src/kinect_v2_urdf/kinect_v2) by extension 'colcon_pkg'
[0.561s] Level 1:colcon.colcon_core.package_identification:_identify(src/kinect_v2_urdf/kinect_v2) by extensions ['colcon_meta']
[0.561s] Level 1:colcon.colcon_core.package_identification:_identify(src/kinect_v2_urdf/kinect_v2) by extension 'colcon_meta'
[0.561s] Level 1:colcon.colcon_core.package_identification:_identify(src/kinect_v2_urdf/kinect_v2) by extensions ['ros']
[0.561s] Level 1:colcon.colcon_core.package_identification:_identify(src/kinect_v2_urdf/kinect_v2) by extension 'ros'
[0.563s] DEBUG:colcon.colcon_core.package_identification:Package 'src/kinect_v2_urdf/kinect_v2' with type 'ros.ament_cmake' and name 'kinect_v2'
[0.563s] Level 1:colcon.colcon_core.package_identification:_identify(src/mybot) by extensions ['ignore', 'ignore_ament_install']
[0.564s] Level 1:colcon.colcon_core.package_identification:_identify(src/mybot) by extension 'ignore'
[0.564s] Level 1:colcon.colcon_core.package_identification:_identify(src/mybot) by extension 'ignore_ament_install'
[0.564s] Level 1:colcon.colcon_core.package_identification:_identify(src/mybot) by extensions ['colcon_pkg']
[0.564s] Level 1:colcon.colcon_core.package_identification:_identify(src/mybot) by extension 'colcon_pkg'
[0.564s] Level 1:colcon.colcon_core.package_identification:_identify(src/mybot) by extensions ['colcon_meta']
[0.564s] Level 1:colcon.colcon_core.package_identification:_identify(src/mybot) by extension 'colcon_meta'
[0.564s] Level 1:colcon.colcon_core.package_identification:_identify(src/mybot) by extensions ['ros']
[0.564s] Level 1:colcon.colcon_core.package_identification:_identify(src/mybot) by extension 'ros'
[0.566s] DEBUG:colcon.colcon_core.package_identification:Package 'src/mybot' with type 'ros.ament_cmake' and name 'mybot'
[0.566s] Level 1:colcon.colcon_core.package_identification:_identify(src/mybot_description) by extensions ['ignore', 'ignore_ament_install']
[0.566s] Level 1:colcon.colcon_core.package_identification:_identify(src/mybot_description) by extension 'ignore'
[0.566s] Level 1:colcon.colcon_core.package_identification:_identify(src/mybot_description) by extension 'ignore_ament_install'
[0.566s] Level 1:colcon.colcon_core.package_identification:_identify(src/mybot_description) by extensions ['colcon_pkg']
[0.566s] Level 1:colcon.colcon_core.package_identification:_identify(src/mybot_description) by extension 'colcon_pkg'
[0.566s] Level 1:colcon.colcon_core.package_identification:_identify(src/mybot_description) by extensions ['colcon_meta']
[0.566s] Level 1:colcon.colcon_core.package_identification:_identify(src/mybot_description) by extension 'colcon_meta'
[0.566s] Level 1:colcon.colcon_core.package_identification:_identify(src/mybot_description) by extensions ['ros']
[0.566s] Level 1:colcon.colcon_core.package_identification:_identify(src/mybot_description) by extension 'ros'
[0.568s] DEBUG:colcon.colcon_core.package_identification:Package 'src/mybot_description' with type 'ros.ament_python' and name 'mybot_description'
[0.568s] Level 1:colcon.colcon_core.package_discovery:discover_packages(recursive) using defaults
[0.568s] Level 1:colcon.colcon_core.package_discovery:discover_packages(ignore) discover
[0.568s] Level 1:colcon.colcon_core.package_discovery:discover_packages(ignore) using defaults
[0.568s] Level 1:colcon.colcon_core.package_discovery:discover_packages(path) discover
[0.568s] Level 1:colcon.colcon_core.package_discovery:discover_packages(path) using defaults
[0.613s] Level 1:colcon.colcon_core.package_discovery:discover_packages(prefix_path) check parameters
[0.613s] Level 1:colcon.colcon_core.package_discovery:discover_packages(prefix_path) discover
[0.624s] DEBUG:colcon.colcon_installed_package_information.package_discovery:Found 4 installed packages in /home/yzquality/vinerobot_example/install
[0.625s] DEBUG:colcon.colcon_installed_package_information.package_discovery:Found 3 installed packages in /home/yzquality/vinerobot_prp/install
[0.626s] DEBUG:colcon.colcon_installed_package_information.package_discovery:Found 1 installed packages in /home/yzquality/ros2_turtle/install
[0.626s] DEBUG:colcon.colcon_installed_package_information.package_discovery:Found 2 installed packages in /home/yzquality/ros2_ex1/install
[0.632s] DEBUG:colcon.colcon_installed_package_information.package_discovery:Found 337 installed packages in /opt/ros/humble
[0.647s] Level 1:colcon.colcon_core.package_discovery:discover_packages(prefix_path) using defaults
[1.012s] Level 5:colcon.colcon_core.verb:set package 'depth_obstacle_detector' build argument 'cmake_args' from command line to 'None'
[1.012s] Level 5:colcon.colcon_core.verb:set package 'depth_obstacle_detector' build argument 'cmake_target' from command line to 'None'
[1.012s] Level 5:colcon.colcon_core.verb:set package 'depth_obstacle_detector' build argument 'cmake_target_skip_unavailable' from command line to 'False'
[1.012s] Level 5:colcon.colcon_core.verb:set package 'depth_obstacle_detector' build argument 'cmake_clean_cache' from command line to 'False'
[1.012s] Level 5:colcon.colcon_core.verb:set package 'depth_obstacle_detector' build argument 'cmake_clean_first' from command line to 'False'
[1.012s] Level 5:colcon.colcon_core.verb:set package 'depth_obstacle_detector' build argument 'cmake_force_configure' from command line to 'False'
[1.012s] Level 5:colcon.colcon_core.verb:set package 'depth_obstacle_detector' build argument 'ament_cmake_args' from command line to 'None'
[1.012s] Level 5:colcon.colcon_core.verb:set package 'depth_obstacle_detector' build argument 'catkin_cmake_args' from command line to 'None'
[1.012s] Level 5:colcon.colcon_core.verb:set package 'depth_obstacle_detector' build argument 'catkin_skip_building_tests' from command line to 'False'
[1.012s] DEBUG:colcon.colcon_core.verb:Building package 'depth_obstacle_detector' with the following arguments: {'ament_cmake_args': None, 'build_base': '/home/yzquality/vinerobot_example/build/depth_obstacle_detector', 'catkin_cmake_args': None, 'catkin_skip_building_tests': False, 'cmake_args': None, 'cmake_clean_cache': False, 'cmake_clean_first': False, 'cmake_force_configure': False, 'cmake_target': None, 'cmake_target_skip_unavailable': False, 'install_base': '/home/yzquality/vinerobot_example/install/depth_obstacle_detector', 'merge_install': False, 'path': '/home/yzquality/vinerobot_example/src/depth_obstacle_detector', 'symlink_install': False, 'test_result_base': None}
[1.013s] Level 5:colcon.colcon_core.verb:set package 'kinect_v2' build argument 'cmake_args' from command line to 'None'
[1.013s] Level 5:colcon.colcon_core.verb:set package 'kinect_v2' build argument 'cmake_target' from command line to 'None'
[1.013s] Level 5:colcon.colcon_core.verb:set package 'kinect_v2' build argument 'cmake_target_skip_unavailable' from command line to 'False'
[1.013s] Level 5:colcon.colcon_core.verb:set package 'kinect_v2' build argument 'cmake_clean_cache' from command line to 'False'
[1.013s] Level 5:colcon.colcon_core.verb:set package 'kinect_v2' build argument 'cmake_clean_first' from command line to 'False'
[1.013s] Level 5:colcon.colcon_core.verb:set package 'kinect_v2' build argument 'cmake_force_configure' from command line to 'False'
[1.013s] Level 5:colcon.colcon_core.verb:set package 'kinect_v2' build argument 'ament_cmake_args' from command line to 'None'
[1.013s] Level 5:colcon.colcon_core.verb:set package 'kinect_v2' build argument 'catkin_cmake_args' from command line to 'None'
[1.013s] Level 5:colcon.colcon_core.verb:set package 'kinect_v2' build argument 'catkin_skip_building_tests' from command line to 'False'
[1.013s] DEBUG:colcon.colcon_core.verb:Building package 'kinect_v2' with the following arguments: {'ament_cmake_args': None, 'build_base': '/home/yzquality/vinerobot_example/build/kinect_v2', 'catkin_cmake_args': None, 'catkin_skip_building_tests': False, 'cmake_args': None, 'cmake_clean_cache': False, 'cmake_clean_first': False, 'cmake_force_configure': False, 'cmake_target': None, 'cmake_target_skip_unavailable': False, 'install_base': '/home/yzquality/vinerobot_example/install/kinect_v2', 'merge_install': False, 'path': '/home/yzquality/vinerobot_example/src/kinect_v2_urdf/kinect_v2', 'symlink_install': False, 'test_result_base': None}
[1.013s] Level 5:colcon.colcon_core.verb:set package 'mybot_description' build argument 'cmake_args' from command line to 'None'
[1.014s] Level 5:colcon.colcon_core.verb:set package 'mybot_description' build argument 'cmake_target' from command line to 'None'
[1.014s] Level 5:colcon.colcon_core.verb:set package 'mybot_description' build argument 'cmake_target_skip_unavailable' from command line to 'False'
[1.016s] Level 5:colcon.colcon_core.verb:set package 'mybot_description' build argument 'cmake_clean_cache' from command line to 'False'
[1.016s] Level 5:colcon.colcon_core.verb:set package 'mybot_description' build argument 'cmake_clean_first' from command line to 'False'
[1.016s] Level 5:colcon.colcon_core.verb:set package 'mybot_description' build argument 'cmake_force_configure' from command line to 'False'
[1.016s] Level 5:colcon.colcon_core.verb:set package 'mybot_description' build argument 'ament_cmake_args' from command line to 'None'
[1.016s] Level 5:colcon.colcon_core.verb:set package 'mybot_description' build argument 'catkin_cmake_args' from command line to 'None'
[1.016s] Level 5:colcon.colcon_core.verb:set package 'mybot_description' build argument 'catkin_skip_building_tests' from command line to 'False'
[1.016s] DEBUG:colcon.colcon_core.verb:Building package 'mybot_description' with the following arguments: {'ament_cmake_args': None, 'build_base': '/home/yzquality/vinerobot_example/build/mybot_description', 'catkin_cmake_args': None, 'catkin_skip_building_tests': False, 'cmake_args': None, 'cmake_clean_cache': False, 'cmake_clean_first': False, 'cmake_force_configure': False, 'cmake_target': None, 'cmake_target_skip_unavailable': False, 'install_base': '/home/yzquality/vinerobot_example/install/mybot_description', 'merge_install': False, 'path': '/home/yzquality/vinerobot_example/src/mybot_description', 'symlink_install': False, 'test_result_base': None}
[1.016s] Level 5:colcon.colcon_core.verb:set package 'mybot' build argument 'cmake_args' from command line to 'None'
[1.016s] Level 5:colcon.colcon_core.verb:set package 'mybot' build argument 'cmake_target' from command line to 'None'
[1.016s] Level 5:colcon.colcon_core.verb:set package 'mybot' build argument 'cmake_target_skip_unavailable' from command line to 'False'
[1.016s] Level 5:colcon.colcon_core.verb:set package 'mybot' build argument 'cmake_clean_cache' from command line to 'False'
[1.016s] Level 5:colcon.colcon_core.verb:set package 'mybot' build argument 'cmake_clean_first' from command line to 'False'
[1.016s] Level 5:colcon.colcon_core.verb:set package 'mybot' build argument 'cmake_force_configure' from command line to 'False'
[1.016s] Level 5:colcon.colcon_core.verb:set package 'mybot' build argument 'ament_cmake_args' from command line to 'None'
[1.016s] Level 5:colcon.colcon_core.verb:set package 'mybot' build argument 'catkin_cmake_args' from command line to 'None'
[1.016s] Level 5:colcon.colcon_core.verb:set package 'mybot' build argument 'catkin_skip_building_tests' from command line to 'False'
[1.017s] DEBUG:colcon.colcon_core.verb:Building package 'mybot' with the following arguments: {'ament_cmake_args': None, 'build_base': '/home/yzquality/vinerobot_example/build/mybot', 'catkin_cmake_args': None, 'catkin_skip_building_tests': False, 'cmake_args': None, 'cmake_clean_cache': False, 'cmake_clean_first': False, 'cmake_force_configure': False, 'cmake_target': None, 'cmake_target_skip_unavailable': False, 'install_base': '/home/yzquality/vinerobot_example/install/mybot', 'merge_install': False, 'path': '/home/yzquality/vinerobot_example/src/mybot', 'symlink_install': False, 'test_result_base': None}
[1.017s] INFO:colcon.colcon_core.executor:Executing jobs using 'parallel' executor
[1.019s] DEBUG:colcon.colcon_parallel_executor.executor.parallel:run_until_complete
[1.023s] INFO:colcon.colcon_ros.task.ament_python.build:Building ROS package in '/home/yzquality/vinerobot_example/src/mybot_description' with build type 'ament_python'
[1.037s] Level 1:colcon.colcon_core.shell:create_environment_hook('mybot_description', 'ament_prefix_path')
[1.050s] INFO:colcon.colcon_core.plugin_system:Skipping extension 'colcon_core.shell.bat': Not used on non-Windows systems
[1.050s] INFO:colcon.colcon_core.shell:Creating environment hook '/home/yzquality/vinerobot_example/install/mybot_description/share/mybot_description/hook/ament_prefix_path.ps1'
[1.053s] INFO:colcon.colcon_core.shell:Creating environment descriptor '/home/yzquality/vinerobot_example/install/mybot_description/share/mybot_description/hook/ament_prefix_path.dsv'
[1.065s] INFO:colcon.colcon_core.shell:Creating environment hook '/home/yzquality/vinerobot_example/install/mybot_description/share/mybot_description/hook/ament_prefix_path.sh'
[1.066s] INFO:colcon.colcon_core.shell:Skip shell extension 'powershell' for command environment: Not usable outside of PowerShell
[1.067s] DEBUG:colcon.colcon_core.shell:Skip shell extension 'dsv' for command environment
[1.114s] INFO:colcon.colcon_ros.task.ament_python.build:Building ROS package in '/home/yzquality/vinerobot_example/src/depth_obstacle_detector' with build type 'ament_python'
[1.115s] Level 1:colcon.colcon_core.shell:create_environment_hook('depth_obstacle_detector', 'ament_prefix_path')
[1.115s] INFO:colcon.colcon_core.shell:Creating environment hook '/home/yzquality/vinerobot_example/install/depth_obstacle_detector/share/depth_obstacle_detector/hook/ament_prefix_path.ps1'
[1.116s] INFO:colcon.colcon_core.shell:Creating environment descriptor '/home/yzquality/vinerobot_example/install/depth_obstacle_detector/share/depth_obstacle_detector/hook/ament_prefix_path.dsv'
[1.116s] INFO:colcon.colcon_core.shell:Creating environment hook '/home/yzquality/vinerobot_example/install/depth_obstacle_detector/share/depth_obstacle_detector/hook/ament_prefix_path.sh'
[1.119s] INFO:colcon.colcon_core.shell:Skip shell extension 'powershell' for command environment: Not usable outside of PowerShell
[1.119s] DEBUG:colcon.colcon_core.shell:Skip shell extension 'dsv' for command environment
[1.188s] INFO:colcon.colcon_ros.task.ament_cmake.build:Building ROS package in '/home/yzquality/vinerobot_example/src/kinect_v2_urdf/kinect_v2' with build type 'ament_cmake'
[1.188s] INFO:colcon.colcon_cmake.task.cmake.build:Building CMake package in '/home/yzquality/vinerobot_example/src/kinect_v2_urdf/kinect_v2'
[1.188s] INFO:colcon.colcon_core.shell:Skip shell extension 'powershell' for command environment: Not usable outside of PowerShell
[1.188s] DEBUG:colcon.colcon_core.shell:Skip shell extension 'dsv' for command environment
[1.811s] INFO:colcon.colcon_core.task.python.build:Building Python package in '/home/yzquality/vinerobot_example/src/mybot_description'
[1.811s] INFO:colcon.colcon_core.shell:Skip shell extension 'powershell' for command environment: Not usable outside of PowerShell
[1.811s] DEBUG:colcon.colcon_core.shell:Skip shell extension 'dsv' for command environment
[2.212s] INFO:colcon.colcon_core.task.python.build:Building Python package in '/home/yzquality/vinerobot_example/src/depth_obstacle_detector'
[2.212s] INFO:colcon.colcon_core.shell:Skip shell extension 'powershell' for command environment: Not usable outside of PowerShell
[2.212s] DEBUG:colcon.colcon_core.shell:Skip shell extension 'dsv' for command environment
[2.230s] DEBUG:colcon.colcon_core.event_handler.log_command:Invoking command in '/home/yzquality/vinerobot_example/build/kinect_v2': CMAKE_PREFIX_PATH=${CMAKE_PREFIX_PATH}:/home/yzquality/vinerobot_example/install/depth_obstacle_detector:/home/yzquality/vinerobot_example/install/mybot_description:/home/yzquality/vinerobot_prp/install/mybot_description:/home/yzquality/vinerobot_prp/install/motion_controller:/home/yzquality/ros2_turtle/install/turtlesim_controller:/home/yzquality/ros2_ex1/install/mybot_description:/opt/ros/humble /usr/bin/cmake --build /home/yzquality/vinerobot_example/build/kinect_v2 -- -j4 -l4
[2.660s] DEBUG:colcon.colcon_core.event_handler.log_command:Invoked command in '/home/yzquality/vinerobot_example/build/kinect_v2' returned '0': CMAKE_PREFIX_PATH=${CMAKE_PREFIX_PATH}:/home/yzquality/vinerobot_example/install/depth_obstacle_detector:/home/yzquality/vinerobot_example/install/mybot_description:/home/yzquality/vinerobot_prp/install/mybot_description:/home/yzquality/vinerobot_prp/install/motion_controller:/home/yzquality/ros2_turtle/install/turtlesim_controller:/home/yzquality/ros2_ex1/install/mybot_description:/opt/ros/humble /usr/bin/cmake --build /home/yzquality/vinerobot_example/build/kinect_v2 -- -j4 -l4
[2.701s] DEBUG:colcon.colcon_core.event_handler.log_command:Invoking command in '/home/yzquality/vinerobot_example/build/kinect_v2': CMAKE_PREFIX_PATH=${CMAKE_PREFIX_PATH}:/home/yzquality/vinerobot_example/install/depth_obstacle_detector:/home/yzquality/vinerobot_example/install/mybot_description:/home/yzquality/vinerobot_prp/install/mybot_description:/home/yzquality/vinerobot_prp/install/motion_controller:/home/yzquality/ros2_turtle/install/turtlesim_controller:/home/yzquality/ros2_ex1/install/mybot_description:/opt/ros/humble /usr/bin/cmake --install /home/yzquality/vinerobot_example/build/kinect_v2
[2.768s] Level 1:colcon.colcon_core.environment:create_environment_scripts_only(kinect_v2)
[2.777s] DEBUG:colcon.colcon_core.event_handler.log_command:Invoked command in '/home/yzquality/vinerobot_example/build/kinect_v2' returned '0': CMAKE_PREFIX_PATH=${CMAKE_PREFIX_PATH}:/home/yzquality/vinerobot_example/install/depth_obstacle_detector:/home/yzquality/vinerobot_example/install/mybot_description:/home/yzquality/vinerobot_prp/install/mybot_description:/home/yzquality/vinerobot_prp/install/motion_controller:/home/yzquality/ros2_turtle/install/turtlesim_controller:/home/yzquality/ros2_ex1/install/mybot_description:/opt/ros/humble /usr/bin/cmake --install /home/yzquality/vinerobot_example/build/kinect_v2
[2.794s] Level 1:colcon.colcon_core.environment:checking '/home/yzquality/vinerobot_example/install/kinect_v2' for CMake module files
[2.816s] Level 1:colcon.colcon_core.environment:checking '/home/yzquality/vinerobot_example/install/kinect_v2' for CMake config files
[2.817s] Level 1:colcon.colcon_core.shell:create_environment_hook('kinect_v2', 'cmake_prefix_path')
[2.817s] INFO:colcon.colcon_core.shell:Creating environment hook '/home/yzquality/vinerobot_example/install/kinect_v2/share/kinect_v2/hook/cmake_prefix_path.ps1'
[2.818s] INFO:colcon.colcon_core.shell:Creating environment descriptor '/home/yzquality/vinerobot_example/install/kinect_v2/share/kinect_v2/hook/cmake_prefix_path.dsv'
[2.832s] INFO:colcon.colcon_core.shell:Creating environment hook '/home/yzquality/vinerobot_example/install/kinect_v2/share/kinect_v2/hook/cmake_prefix_path.sh'
[2.833s] Level 1:colcon.colcon_core.environment:checking '/home/yzquality/vinerobot_example/install/kinect_v2/bin'
[2.834s] Level 1:colcon.colcon_core.environment:checking '/home/yzquality/vinerobot_example/install/kinect_v2/lib/pkgconfig/kinect_v2.pc'
[2.834s] Level 1:colcon.colcon_core.environment:checking '/home/yzquality/vinerobot_example/install/kinect_v2/lib/python3.10/site-packages'
[2.834s] Level 1:colcon.colcon_core.environment:checking '/home/yzquality/vinerobot_example/install/kinect_v2/bin'
[2.834s] INFO:colcon.colcon_core.shell:Creating package script '/home/yzquality/vinerobot_example/install/kinect_v2/share/kinect_v2/package.ps1'
[2.835s] INFO:colcon.colcon_core.shell:Creating package descriptor '/home/yzquality/vinerobot_example/install/kinect_v2/share/kinect_v2/package.dsv'
[2.836s] INFO:colcon.colcon_core.shell:Creating package script '/home/yzquality/vinerobot_example/install/kinect_v2/share/kinect_v2/package.sh'
[2.839s] INFO:colcon.colcon_core.shell:Creating package script '/home/yzquality/vinerobot_example/install/kinect_v2/share/kinect_v2/package.bash'
[2.857s] INFO:colcon.colcon_core.shell:Creating package script '/home/yzquality/vinerobot_example/install/kinect_v2/share/kinect_v2/package.zsh'
[2.877s] Level 1:colcon.colcon_core.environment:create_file_with_runtime_dependencies(/home/yzquality/vinerobot_example/install/kinect_v2/share/colcon-core/packages/kinect_v2)
[2.878s] Level 1:colcon.colcon_core.environment:create_environment_scripts_only(kinect_v2)
[2.879s] Level 1:colcon.colcon_core.environment:checking '/home/yzquality/vinerobot_example/install/kinect_v2' for CMake module files
[2.879s] Level 1:colcon.colcon_core.environment:checking '/home/yzquality/vinerobot_example/install/kinect_v2' for CMake config files
[2.879s] Level 1:colcon.colcon_core.shell:create_environment_hook('kinect_v2', 'cmake_prefix_path')
[2.880s] INFO:colcon.colcon_core.shell:Creating environment hook '/home/yzquality/vinerobot_example/install/kinect_v2/share/kinect_v2/hook/cmake_prefix_path.ps1'
[2.880s] INFO:colcon.colcon_core.shell:Creating environment descriptor '/home/yzquality/vinerobot_example/install/kinect_v2/share/kinect_v2/hook/cmake_prefix_path.dsv'
[2.881s] INFO:colcon.colcon_core.shell:Creating environment hook '/home/yzquality/vinerobot_example/install/kinect_v2/share/kinect_v2/hook/cmake_prefix_path.sh'
[2.881s] Level 1:colcon.colcon_core.environment:checking '/home/yzquality/vinerobot_example/install/kinect_v2/bin'
[2.882s] Level 1:colcon.colcon_core.environment:checking '/home/yzquality/vinerobot_example/install/kinect_v2/lib/pkgconfig/kinect_v2.pc'
[2.882s] Level 1:colcon.colcon_core.environment:checking '/home/yzquality/vinerobot_example/install/kinect_v2/lib/python3.10/site-packages'
[2.882s] Level 1:colcon.colcon_core.environment:checking '/home/yzquality/vinerobot_example/install/kinect_v2/bin'
[2.882s] INFO:colcon.colcon_core.shell:Creating package script '/home/yzquality/vinerobot_example/install/kinect_v2/share/kinect_v2/package.ps1'
[2.883s] INFO:colcon.colcon_core.shell:Creating package descriptor '/home/yzquality/vinerobot_example/install/kinect_v2/share/kinect_v2/package.dsv'
[2.884s] INFO:colcon.colcon_core.shell:Creating package script '/home/yzquality/vinerobot_example/install/kinect_v2/share/kinect_v2/package.sh'
[2.885s] INFO:colcon.colcon_core.shell:Creating package script '/home/yzquality/vinerobot_example/install/kinect_v2/share/kinect_v2/package.bash'
[2.885s] INFO:colcon.colcon_core.shell:Creating package script '/home/yzquality/vinerobot_example/install/kinect_v2/share/kinect_v2/package.zsh'
[2.895s] Level 1:colcon.colcon_core.environment:create_file_with_runtime_dependencies(/home/yzquality/vinerobot_example/install/kinect_v2/share/colcon-core/packages/kinect_v2)
[4.133s] DEBUG:colcon.colcon_core.event_handler.log_command:Invoking command in '/home/yzquality/vinerobot_example/src/mybot_description': PYTHONPATH=/home/yzquality/vinerobot_example/build/mybot_description/prefix_override:/usr/lib/python3/dist-packages/colcon_core/task/python/colcon_distutils_commands:/home/yzquality/vinerobot_example/install/mybot_description/lib/python3.10/site-packages:${PYTHONPATH} /usr/bin/python3 -W ignore:setup.py install is deprecated -W ignore:easy_install command is deprecated setup.py egg_info --egg-base ../../build/mybot_description build --build-base /home/yzquality/vinerobot_example/build/mybot_description/build install --record /home/yzquality/vinerobot_example/build/mybot_description/install.log --single-version-externally-managed install_data
[4.167s] DEBUG:colcon.colcon_core.event_handler.log_command:Invoking command in '/home/yzquality/vinerobot_example/src/depth_obstacle_detector': PYTHONPATH=/home/yzquality/vinerobot_example/build/depth_obstacle_detector/prefix_override:/usr/lib/python3/dist-packages/colcon_core/task/python/colcon_distutils_commands:/home/yzquality/vinerobot_example/install/depth_obstacle_detector/lib/python3.10/site-packages:${PYTHONPATH} /usr/bin/python3 -W ignore:setup.py install is deprecated -W ignore:easy_install command is deprecated setup.py egg_info --egg-base ../../build/depth_obstacle_detector build --build-base /home/yzquality/vinerobot_example/build/depth_obstacle_detector/build install --record /home/yzquality/vinerobot_example/build/depth_obstacle_detector/install.log --single-version-externally-managed install_data
[4.547s] Level 1:colcon.colcon_core.environment:checking '/home/yzquality/vinerobot_example/install/depth_obstacle_detector' for CMake module files
[4.548s] DEBUG:colcon.colcon_core.event_handler.log_command:Invoked command in '/home/yzquality/vinerobot_example/src/depth_obstacle_detector' returned '0': PYTHONPATH=/home/yzquality/vinerobot_example/build/depth_obstacle_detector/prefix_override:/usr/lib/python3/dist-packages/colcon_core/task/python/colcon_distutils_commands:/home/yzquality/vinerobot_example/install/depth_obstacle_detector/lib/python3.10/site-packages:${PYTHONPATH} /usr/bin/python3 -W ignore:setup.py install is deprecated -W ignore:easy_install command is deprecated setup.py egg_info --egg-base ../../build/depth_obstacle_detector build --build-base /home/yzquality/vinerobot_example/build/depth_obstacle_detector/build install --record /home/yzquality/vinerobot_example/build/depth_obstacle_detector/install.log --single-version-externally-managed install_data
[4.551s] Level 1:colcon.colcon_core.environment:checking '/home/yzquality/vinerobot_example/install/depth_obstacle_detector' for CMake config files
[4.583s] Level 1:colcon.colcon_core.environment:checking '/home/yzquality/vinerobot_example/install/depth_obstacle_detector/lib'
[4.583s] Level 1:colcon.colcon_core.environment:checking '/home/yzquality/vinerobot_example/install/depth_obstacle_detector/bin'
[4.583s] Level 1:colcon.colcon_core.environment:checking '/home/yzquality/vinerobot_example/install/depth_obstacle_detector/lib/pkgconfig/depth_obstacle_detector.pc'
[4.583s] Level 1:colcon.colcon_core.environment:checking '/home/yzquality/vinerobot_example/install/depth_obstacle_detector/lib/python3.10/site-packages'
[4.583s] Level 1:colcon.colcon_core.shell:create_environment_hook('depth_obstacle_detector', 'pythonpath')
[4.584s] INFO:colcon.colcon_core.shell:Creating environment hook '/home/yzquality/vinerobot_example/install/depth_obstacle_detector/share/depth_obstacle_detector/hook/pythonpath.ps1'
[4.584s] INFO:colcon.colcon_core.shell:Creating environment descriptor '/home/yzquality/vinerobot_example/install/depth_obstacle_detector/share/depth_obstacle_detector/hook/pythonpath.dsv'
[4.586s] INFO:colcon.colcon_core.shell:Creating environment hook '/home/yzquality/vinerobot_example/install/depth_obstacle_detector/share/depth_obstacle_detector/hook/pythonpath.sh'
[4.590s] Level 1:colcon.colcon_core.environment:checking '/home/yzquality/vinerobot_example/install/depth_obstacle_detector/bin'
[4.590s] Level 1:colcon.colcon_core.environment:create_environment_scripts_only(depth_obstacle_detector)
[4.590s] INFO:colcon.colcon_core.shell:Creating package script '/home/yzquality/vinerobot_example/install/depth_obstacle_detector/share/depth_obstacle_detector/package.ps1'
[4.591s] INFO:colcon.colcon_core.shell:Creating package descriptor '/home/yzquality/vinerobot_example/install/depth_obstacle_detector/share/depth_obstacle_detector/package.dsv'
[4.608s] INFO:colcon.colcon_core.shell:Creating package script '/home/yzquality/vinerobot_example/install/depth_obstacle_detector/share/depth_obstacle_detector/package.sh'
[4.610s] INFO:colcon.colcon_core.shell:Creating package script '/home/yzquality/vinerobot_example/install/depth_obstacle_detector/share/depth_obstacle_detector/package.bash'
[4.611s] INFO:colcon.colcon_core.shell:Creating package script '/home/yzquality/vinerobot_example/install/depth_obstacle_detector/share/depth_obstacle_detector/package.zsh'
[4.612s] Level 1:colcon.colcon_core.environment:create_file_with_runtime_dependencies(/home/yzquality/vinerobot_example/install/depth_obstacle_detector/share/colcon-core/packages/depth_obstacle_detector)
[4.621s] Level 1:colcon.colcon_core.environment:checking '/home/yzquality/vinerobot_example/install/mybot_description' for CMake module files
[4.623s] DEBUG:colcon.colcon_core.event_handler.log_command:Invoked command in '/home/yzquality/vinerobot_example/src/mybot_description' returned '0': PYTHONPATH=/home/yzquality/vinerobot_example/build/mybot_description/prefix_override:/usr/lib/python3/dist-packages/colcon_core/task/python/colcon_distutils_commands:/home/yzquality/vinerobot_example/install/mybot_description/lib/python3.10/site-packages:${PYTHONPATH} /usr/bin/python3 -W ignore:setup.py install is deprecated -W ignore:easy_install command is deprecated setup.py egg_info --egg-base ../../build/mybot_description build --build-base /home/yzquality/vinerobot_example/build/mybot_description/build install --record /home/yzquality/vinerobot_example/build/mybot_description/install.log --single-version-externally-managed install_data
[4.624s] Level 1:colcon.colcon_core.environment:checking '/home/yzquality/vinerobot_example/install/mybot_description' for CMake config files
[4.634s] Level 1:colcon.colcon_core.environment:checking '/home/yzquality/vinerobot_example/install/mybot_description/lib'
[4.634s] Level 1:colcon.colcon_core.environment:checking '/home/yzquality/vinerobot_example/install/mybot_description/bin'
[4.635s] Level 1:colcon.colcon_core.environment:checking '/home/yzquality/vinerobot_example/install/mybot_description/lib/pkgconfig/mybot_description.pc'
[4.635s] Level 1:colcon.colcon_core.environment:checking '/home/yzquality/vinerobot_example/install/mybot_description/lib/python3.10/site-packages'
[4.635s] Level 1:colcon.colcon_core.shell:create_environment_hook('mybot_description', 'pythonpath')
[4.635s] INFO:colcon.colcon_core.shell:Creating environment hook '/home/yzquality/vinerobot_example/install/mybot_description/share/mybot_description/hook/pythonpath.ps1'
[4.636s] INFO:colcon.colcon_core.shell:Creating environment descriptor '/home/yzquality/vinerobot_example/install/mybot_description/share/mybot_description/hook/pythonpath.dsv'
[4.638s] INFO:colcon.colcon_core.shell:Creating environment hook '/home/yzquality/vinerobot_example/install/mybot_description/share/mybot_description/hook/pythonpath.sh'
[4.640s] Level 1:colcon.colcon_core.environment:checking '/home/yzquality/vinerobot_example/install/mybot_description/bin'
[4.640s] Level 1:colcon.colcon_core.environment:create_environment_scripts_only(mybot_description)
[4.641s] INFO:colcon.colcon_core.shell:Creating package script '/home/yzquality/vinerobot_example/install/mybot_description/share/mybot_description/package.ps1'
[4.641s] INFO:colcon.colcon_core.shell:Creating package descriptor '/home/yzquality/vinerobot_example/install/mybot_description/share/mybot_description/package.dsv'
[4.642s] INFO:colcon.colcon_core.shell:Creating package script '/home/yzquality/vinerobot_example/install/mybot_description/share/mybot_description/package.sh'
[4.643s] INFO:colcon.colcon_core.shell:Creating package script '/home/yzquality/vinerobot_example/install/mybot_description/share/mybot_description/package.bash'
[4.644s] INFO:colcon.colcon_core.shell:Creating package script '/home/yzquality/vinerobot_example/install/mybot_description/share/mybot_description/package.zsh'
[4.644s] Level 1:colcon.colcon_core.environment:create_file_with_runtime_dependencies(/home/yzquality/vinerobot_example/install/mybot_description/share/colcon-core/packages/mybot_description)
[4.645s] INFO:colcon.colcon_ros.task.ament_cmake.build:Building ROS package in '/home/yzquality/vinerobot_example/src/mybot' with build type 'ament_cmake'
[4.645s] INFO:colcon.colcon_cmake.task.cmake.build:Building CMake package in '/home/yzquality/vinerobot_example/src/mybot'
[4.646s] INFO:colcon.colcon_core.shell:Skip shell extension 'powershell' for command environment: Not usable outside of PowerShell
[4.646s] DEBUG:colcon.colcon_core.shell:Skip shell extension 'dsv' for command environment
[4.767s] DEBUG:colcon.colcon_core.event_handler.log_command:Invoking command in '/home/yzquality/vinerobot_example/build/mybot': AMENT_PREFIX_PATH=/home/yzquality/vinerobot_example/install/mybot_description:/home/yzquality/vinerobot_example/install/depth_obstacle_detector:/home/yzquality/vinerobot_example/install/mybot:/home/yzquality/vinerobot_example/install/kinect_v2:/home/yzquality/vinerobot_prp/install/mybot:/home/yzquality/vinerobot_prp/install/mybot_description:/home/yzquality/vinerobot_prp/install/motion_controller:/home/yzquality/ros2_turtle/install/turtlesim_controller:/home/yzquality/ros2_ex1/install/mybot:/home/yzquality/ros2_ex1/install/mybot_description:/opt/ros/humble CMAKE_PREFIX_PATH=${CMAKE_PREFIX_PATH}:/home/yzquality/vinerobot_example/install/depth_obstacle_detector:/home/yzquality/vinerobot_example/install/mybot_description:/home/yzquality/vinerobot_prp/install/mybot_description:/home/yzquality/vinerobot_prp/install/motion_controller:/home/yzquality/ros2_turtle/install/turtlesim_controller:/home/yzquality/ros2_ex1/install/mybot_description:/opt/ros/humble PYTHONPATH=/home/yzquality/vinerobot_example/install/mybot_description/lib/python3.10/site-packages:/home/yzquality/vinerobot_example/install/depth_obstacle_detector/lib/python3.10/site-packages:/home/yzquality/vinerobot_prp/install/mybot_description/lib/python3.10/site-packages:/home/yzquality/vinerobot_prp/install/motion_controller/lib/python3.10/site-packages:/home/yzquality/ros2_turtle/install/turtlesim_controller/lib/python3.10/site-packages:/home/yzquality/ros2_ex1/install/mybot_description/lib/python3.10/site-packages:/opt/ros/humble/lib/python3.10/site-packages:/opt/ros/humble/local/lib/python3.10/dist-packages:/home/yzquality/vinerobot_example/install/depth_obstacle_detector/lib/python3.10/site-packages /usr/bin/cmake --build /home/yzquality/vinerobot_example/build/mybot -- -j4 -l4
[4.858s] DEBUG:colcon.colcon_core.event_handler.log_command:Invoked command in '/home/yzquality/vinerobot_example/build/mybot' returned '0': AMENT_PREFIX_PATH=/home/yzquality/vinerobot_example/install/mybot_description:/home/yzquality/vinerobot_example/install/depth_obstacle_detector:/home/yzquality/vinerobot_example/install/mybot:/home/yzquality/vinerobot_example/install/kinect_v2:/home/yzquality/vinerobot_prp/install/mybot:/home/yzquality/vinerobot_prp/install/mybot_description:/home/yzquality/vinerobot_prp/install/motion_controller:/home/yzquality/ros2_turtle/install/turtlesim_controller:/home/yzquality/ros2_ex1/install/mybot:/home/yzquality/ros2_ex1/install/mybot_description:/opt/ros/humble CMAKE_PREFIX_PATH=${CMAKE_PREFIX_PATH}:/home/yzquality/vinerobot_example/install/depth_obstacle_detector:/home/yzquality/vinerobot_example/install/mybot_description:/home/yzquality/vinerobot_prp/install/mybot_description:/home/yzquality/vinerobot_prp/install/motion_controller:/home/yzquality/ros2_turtle/install/turtlesim_controller:/home/yzquality/ros2_ex1/install/mybot_description:/opt/ros/humble PYTHONPATH=/home/yzquality/vinerobot_example/install/mybot_description/lib/python3.10/site-packages:/home/yzquality/vinerobot_example/install/depth_obstacle_detector/lib/python3.10/site-packages:/home/yzquality/vinerobot_prp/install/mybot_description/lib/python3.10/site-packages:/home/yzquality/vinerobot_prp/install/motion_controller/lib/python3.10/site-packages:/home/yzquality/ros2_turtle/install/turtlesim_controller/lib/python3.10/site-packages:/home/yzquality/ros2_ex1/install/mybot_description/lib/python3.10/site-packages:/opt/ros/humble/lib/python3.10/site-packages:/opt/ros/humble/local/lib/python3.10/dist-packages:/home/yzquality/vinerobot_example/install/depth_obstacle_detector/lib/python3.10/site-packages /usr/bin/cmake --build /home/yzquality/vinerobot_example/build/mybot -- -j4 -l4
[4.881s] DEBUG:colcon.colcon_core.event_handler.log_command:Invoking command in '/home/yzquality/vinerobot_example/build/mybot': AMENT_PREFIX_PATH=/home/yzquality/vinerobot_example/install/mybot_description:/home/yzquality/vinerobot_example/install/depth_obstacle_detector:/home/yzquality/vinerobot_example/install/mybot:/home/yzquality/vinerobot_example/install/kinect_v2:/home/yzquality/vinerobot_prp/install/mybot:/home/yzquality/vinerobot_prp/install/mybot_description:/home/yzquality/vinerobot_prp/install/motion_controller:/home/yzquality/ros2_turtle/install/turtlesim_controller:/home/yzquality/ros2_ex1/install/mybot:/home/yzquality/ros2_ex1/install/mybot_description:/opt/ros/humble CMAKE_PREFIX_PATH=${CMAKE_PREFIX_PATH}:/home/yzquality/vinerobot_example/install/depth_obstacle_detector:/home/yzquality/vinerobot_example/install/mybot_description:/home/yzquality/vinerobot_prp/install/mybot_description:/home/yzquality/vinerobot_prp/install/motion_controller:/home/yzquality/ros2_turtle/install/turtlesim_controller:/home/yzquality/ros2_ex1/install/mybot_description:/opt/ros/humble PYTHONPATH=/home/yzquality/vinerobot_example/install/mybot_description/lib/python3.10/site-packages:/home/yzquality/vinerobot_example/install/depth_obstacle_detector/lib/python3.10/site-packages:/home/yzquality/vinerobot_prp/install/mybot_description/lib/python3.10/site-packages:/home/yzquality/vinerobot_prp/install/motion_controller/lib/python3.10/site-packages:/home/yzquality/ros2_turtle/install/turtlesim_controller/lib/python3.10/site-packages:/home/yzquality/ros2_ex1/install/mybot_description/lib/python3.10/site-packages:/opt/ros/humble/lib/python3.10/site-packages:/opt/ros/humble/local/lib/python3.10/dist-packages:/home/yzquality/vinerobot_example/install/depth_obstacle_detector/lib/python3.10/site-packages /usr/bin/cmake --install /home/yzquality/vinerobot_example/build/mybot
[4.919s] Level 1:colcon.colcon_core.environment:create_environment_scripts_only(mybot)
[4.920s] Level 1:colcon.colcon_core.environment:checking '/home/yzquality/vinerobot_example/install/mybot' for CMake module files
[4.925s] DEBUG:colcon.colcon_core.event_handler.log_command:Invoked command in '/home/yzquality/vinerobot_example/build/mybot' returned '0': AMENT_PREFIX_PATH=/home/yzquality/vinerobot_example/install/mybot_description:/home/yzquality/vinerobot_example/install/depth_obstacle_detector:/home/yzquality/vinerobot_example/install/mybot:/home/yzquality/vinerobot_example/install/kinect_v2:/home/yzquality/vinerobot_prp/install/mybot:/home/yzquality/vinerobot_prp/install/mybot_description:/home/yzquality/vinerobot_prp/install/motion_controller:/home/yzquality/ros2_turtle/install/turtlesim_controller:/home/yzquality/ros2_ex1/install/mybot:/home/yzquality/ros2_ex1/install/mybot_description:/opt/ros/humble CMAKE_PREFIX_PATH=${CMAKE_PREFIX_PATH}:/home/yzquality/vinerobot_example/install/depth_obstacle_detector:/home/yzquality/vinerobot_example/install/mybot_description:/home/yzquality/vinerobot_prp/install/mybot_description:/home/yzquality/vinerobot_prp/install/motion_controller:/home/yzquality/ros2_turtle/install/turtlesim_controller:/home/yzquality/ros2_ex1/install/mybot_description:/opt/ros/humble PYTHONPATH=/home/yzquality/vinerobot_example/install/mybot_description/lib/python3.10/site-packages:/home/yzquality/vinerobot_example/install/depth_obstacle_detector/lib/python3.10/site-packages:/home/yzquality/vinerobot_prp/install/mybot_description/lib/python3.10/site-packages:/home/yzquality/vinerobot_prp/install/motion_controller/lib/python3.10/site-packages:/home/yzquality/ros2_turtle/install/turtlesim_controller/lib/python3.10/site-packages:/home/yzquality/ros2_ex1/install/mybot_description/lib/python3.10/site-packages:/opt/ros/humble/lib/python3.10/site-packages:/opt/ros/humble/local/lib/python3.10/dist-packages:/home/yzquality/vinerobot_example/install/depth_obstacle_detector/lib/python3.10/site-packages /usr/bin/cmake --install /home/yzquality/vinerobot_example/build/mybot
[4.944s] Level 1:colcon.colcon_core.environment:checking '/home/yzquality/vinerobot_example/install/mybot' for CMake config files
[4.945s] Level 1:colcon.colcon_core.shell:create_environment_hook('mybot', 'cmake_prefix_path')
[4.946s] INFO:colcon.colcon_core.shell:Creating environment hook '/home/yzquality/vinerobot_example/install/mybot/share/mybot/hook/cmake_prefix_path.ps1'
[4.947s] INFO:colcon.colcon_core.shell:Creating environment descriptor '/home/yzquality/vinerobot_example/install/mybot/share/mybot/hook/cmake_prefix_path.dsv'
[4.954s] INFO:colcon.colcon_core.shell:Creating environment hook '/home/yzquality/vinerobot_example/install/mybot/share/mybot/hook/cmake_prefix_path.sh'
[4.959s] Level 1:colcon.colcon_core.environment:checking '/home/yzquality/vinerobot_example/install/mybot/bin'
[4.959s] Level 1:colcon.colcon_core.environment:checking '/home/yzquality/vinerobot_example/install/mybot/lib/pkgconfig/mybot.pc'
[4.959s] Level 1:colcon.colcon_core.environment:checking '/home/yzquality/vinerobot_example/install/mybot/lib/python3.10/site-packages'
[4.960s] Level 1:colcon.colcon_core.environment:checking '/home/yzquality/vinerobot_example/install/mybot/bin'
[4.960s] INFO:colcon.colcon_core.shell:Creating package script '/home/yzquality/vinerobot_example/install/mybot/share/mybot/package.ps1'
[4.961s] INFO:colcon.colcon_core.shell:Creating package descriptor '/home/yzquality/vinerobot_example/install/mybot/share/mybot/package.dsv'
[4.964s] INFO:colcon.colcon_core.shell:Creating package script '/home/yzquality/vinerobot_example/install/mybot/share/mybot/package.sh'
[4.966s] INFO:colcon.colcon_core.shell:Creating package script '/home/yzquality/vinerobot_example/install/mybot/share/mybot/package.bash'
[4.968s] INFO:colcon.colcon_core.shell:Creating package script '/home/yzquality/vinerobot_example/install/mybot/share/mybot/package.zsh'
[4.970s] Level 1:colcon.colcon_core.environment:create_file_with_runtime_dependencies(/home/yzquality/vinerobot_example/install/mybot/share/colcon-core/packages/mybot)
[4.971s] Level 1:colcon.colcon_core.environment:create_environment_scripts_only(mybot)
[4.972s] Level 1:colcon.colcon_core.environment:checking '/home/yzquality/vinerobot_example/install/mybot' for CMake module files
[4.972s] Level 1:colcon.colcon_core.environment:checking '/home/yzquality/vinerobot_example/install/mybot' for CMake config files
[4.973s] Level 1:colcon.colcon_core.shell:create_environment_hook('mybot', 'cmake_prefix_path')
[4.973s] INFO:colcon.colcon_core.shell:Creating environment hook '/home/yzquality/vinerobot_example/install/mybot/share/mybot/hook/cmake_prefix_path.ps1'
[4.975s] INFO:colcon.colcon_core.shell:Creating environment descriptor '/home/yzquality/vinerobot_example/install/mybot/share/mybot/hook/cmake_prefix_path.dsv'
[4.976s] INFO:colcon.colcon_core.shell:Creating environment hook '/home/yzquality/vinerobot_example/install/mybot/share/mybot/hook/cmake_prefix_path.sh'
[4.978s] Level 1:colcon.colcon_core.environment:checking '/home/yzquality/vinerobot_example/install/mybot/bin'
[4.978s] Level 1:colcon.colcon_core.environment:checking '/home/yzquality/vinerobot_example/install/mybot/lib/pkgconfig/mybot.pc'
[4.978s] Level 1:colcon.colcon_core.environment:checking '/home/yzquality/vinerobot_example/install/mybot/lib/python3.10/site-packages'
[4.979s] Level 1:colcon.colcon_core.environment:checking '/home/yzquality/vinerobot_example/install/mybot/bin'
[4.979s] INFO:colcon.colcon_core.shell:Creating package script '/home/yzquality/vinerobot_example/install/mybot/share/mybot/package.ps1'
[4.980s] INFO:colcon.colcon_core.shell:Creating package descriptor '/home/yzquality/vinerobot_example/install/mybot/share/mybot/package.dsv'
[4.981s] INFO:colcon.colcon_core.shell:Creating package script '/home/yzquality/vinerobot_example/install/mybot/share/mybot/package.sh'
[4.982s] INFO:colcon.colcon_core.shell:Creating package script '/home/yzquality/vinerobot_example/install/mybot/share/mybot/package.bash'
[4.984s] INFO:colcon.colcon_core.shell:Creating package script '/home/yzquality/vinerobot_example/install/mybot/share/mybot/package.zsh'
[4.985s] Level 1:colcon.colcon_core.environment:create_file_with_runtime_dependencies(/home/yzquality/vinerobot_example/install/mybot/share/colcon-core/packages/mybot)
[4.986s] DEBUG:colcon.colcon_parallel_executor.executor.parallel:closing loop
[4.986s] DEBUG:colcon.colcon_parallel_executor.executor.parallel:loop closed
[4.986s] DEBUG:colcon.colcon_parallel_executor.executor.parallel:run_until_complete finished with '0'
[4.987s] DEBUG:colcon.colcon_core.event_reactor:joining thread
[4.998s] INFO:colcon.colcon_core.plugin_system:Skipping extension 'colcon_notification.desktop_notification.terminal_notifier': Not used on non-Darwin systems
[4.998s] INFO:colcon.colcon_core.plugin_system:Skipping extension 'colcon_notification.desktop_notification.win32': Not used on non-Windows systems
[4.998s] INFO:colcon.colcon_notification.desktop_notification:Sending desktop notification using 'notify2'
[5.091s] DEBUG:colcon.colcon_core.event_reactor:joined thread
[5.091s] INFO:colcon.colcon_core.shell:Creating prefix script '/home/yzquality/vinerobot_example/install/local_setup.ps1'
[5.095s] INFO:colcon.colcon_core.shell:Creating prefix util module '/home/yzquality/vinerobot_example/install/_local_setup_util_ps1.py'
[5.098s] INFO:colcon.colcon_core.shell:Creating prefix chain script '/home/yzquality/vinerobot_example/install/setup.ps1'
[5.100s] INFO:colcon.colcon_core.shell:Creating prefix script '/home/yzquality/vinerobot_example/install/local_setup.sh'
[5.104s] INFO:colcon.colcon_core.shell:Creating prefix util module '/home/yzquality/vinerobot_example/install/_local_setup_util_sh.py'
[5.105s] INFO:colcon.colcon_core.shell:Creating prefix chain script '/home/yzquality/vinerobot_example/install/setup.sh'
[5.111s] INFO:colcon.colcon_core.shell:Creating prefix script '/home/yzquality/vinerobot_example/install/local_setup.bash'
[5.114s] INFO:colcon.colcon_core.shell:Creating prefix chain script '/home/yzquality/vinerobot_example/install/setup.bash'
[5.117s] INFO:colcon.colcon_core.shell:Creating prefix script '/home/yzquality/vinerobot_example/install/local_setup.zsh'
[5.119s] INFO:colcon.colcon_core.shell:Creating prefix chain script '/home/yzquality/vinerobot_example/install/setup.zsh'
