[3.889s] Invoking command in '/home/yzquality/vinerobot_example/src/mybot_description': PYTHONPATH=/home/yzquality/vinerobot_example/build/mybot_description/prefix_override:/usr/lib/python3/dist-packages/colcon_core/task/python/colcon_distutils_commands:/home/yzquality/vinerobot_example/install/mybot_description/lib/python3.10/site-packages:${PYTHONPATH} /usr/bin/python3 -W ignore:setup.py install is deprecated -W ignore:easy_install command is deprecated setup.py egg_info --egg-base ../../build/mybot_description build --build-base /home/yzquality/vinerobot_example/build/mybot_description/build install --record /home/yzquality/vinerobot_example/build/mybot_description/install.log --single-version-externally-managed install_data
[4.444s] running egg_info
[4.479s] writing ../../build/mybot_description/mybot_description.egg-info/PKG-INFO
[4.502s] writing dependency_links to ../../build/mybot_description/mybot_description.egg-info/dependency_links.txt
[4.502s] writing entry points to ../../build/mybot_description/mybot_description.egg-info/entry_points.txt
[4.502s] writing requirements to ../../build/mybot_description/mybot_description.egg-info/requires.txt
[4.611s] writing top-level names to ../../build/mybot_description/mybot_description.egg-info/top_level.txt
[4.611s] reading manifest file '../../build/mybot_description/mybot_description.egg-info/SOURCES.txt'
[4.611s] writing manifest file '../../build/mybot_description/mybot_description.egg-info/SOURCES.txt'
[4.611s] running build
[4.612s] running build_py
[4.623s] running install
[4.624s] running install_lib
[4.637s] running install_data
[4.671s] running install_egg_info
[4.671s] removing '/home/yzquality/vinerobot_example/install/mybot_description/lib/python3.10/site-packages/mybot_description-0.0.0-py3.10.egg-info' (and everything under it)
[4.671s] Copying ../../build/mybot_description/mybot_description.egg-info to /home/yzquality/vinerobot_example/install/mybot_description/lib/python3.10/site-packages/mybot_description-0.0.0-py3.10.egg-info
[4.687s] running install_scripts
[4.814s] writing list of installed files to '/home/yzquality/vinerobot_example/build/mybot_description/install.log'
[4.892s] Invoked command in '/home/yzquality/vinerobot_example/src/mybot_description' returned '0': PYTHONPATH=/home/yzquality/vinerobot_example/build/mybot_description/prefix_override:/usr/lib/python3/dist-packages/colcon_core/task/python/colcon_distutils_commands:/home/yzquality/vinerobot_example/install/mybot_description/lib/python3.10/site-packages:${PYTHONPATH} /usr/bin/python3 -W ignore:setup.py install is deprecated -W ignore:easy_install command is deprecated setup.py egg_info --egg-base ../../build/mybot_description build --build-base /home/yzquality/vinerobot_example/build/mybot_description/build install --record /home/yzquality/vinerobot_example/build/mybot_description/install.log --single-version-externally-managed install_data
