[0.056s] Invoking command in '/home/yzquality/vinerobot_example/build/mybot': AMENT_PREFIX_PATH=/home/yzquality/vinerobot_example/install/mybot_description:/home/yzquality/vinerobot_example/install/depth_obstacle_detector:/home/yzquality/vinerobot_example/install/mybot:/home/yzquality/vinerobot_example/install/kinect_v2:/home/yzquality/vinerobot_prp/install/mybot:/home/yzquality/vinerobot_prp/install/mybot_description:/home/yzquality/vinerobot_prp/install/motion_controller:/home/yzquality/ros2_turtle/install/turtlesim_controller:/home/yzquality/ros2_ex1/install/mybot:/home/yzquality/ros2_ex1/install/mybot_description:/opt/ros/humble CMAKE_PREFIX_PATH=${CMAKE_PREFIX_PATH}:/home/yzquality/vinerobot_example/install/depth_obstacle_detector:/home/yzquality/vinerobot_example/install/mybot_description:/home/yzquality/vinerobot_prp/install/mybot_description:/home/yzquality/vinerobot_prp/install/motion_controller:/home/yzquality/ros2_turtle/install/turtlesim_controller:/home/yzquality/ros2_ex1/install/mybot_description:/opt/ros/humble PYTHONPATH=/home/yzquality/vinerobot_example/install/mybot_description/lib/python3.10/site-packages:/home/yzquality/vinerobot_example/install/depth_obstacle_detector/lib/python3.10/site-packages:/home/yzquality/vinerobot_prp/install/mybot_description/lib/python3.10/site-packages:/home/yzquality/vinerobot_prp/install/motion_controller/lib/python3.10/site-packages:/home/yzquality/ros2_turtle/install/turtlesim_controller/lib/python3.10/site-packages:/home/yzquality/ros2_ex1/install/mybot_description/lib/python3.10/site-packages:/opt/ros/humble/lib/python3.10/site-packages:/opt/ros/humble/local/lib/python3.10/dist-packages /usr/bin/cmake /home/yzquality/vinerobot_example/src/mybot -DCMAKE_INSTALL_PREFIX=/home/yzquality/vinerobot_example/install/mybot
[0.437s] -- The C compiler identification is GNU 12.3.0
[0.635s] -- The CXX compiler identification is GNU 11.4.0
[0.667s] -- Detecting C compiler ABI info
[0.936s] -- Detecting C compiler ABI info - done
[0.954s] -- Check for working C compiler: /usr/bin/cc - skipped
[0.957s] -- Detecting C compile features
[0.960s] -- Detecting C compile features - done
[0.969s] -- Detecting CXX compiler ABI info
[1.430s] -- Detecting CXX compiler ABI info - done
[1.484s] -- Check for working CXX compiler: /usr/bin/c++ - skipped
[1.484s] -- Detecting CXX compile features
[1.487s] -- Detecting CXX compile features - done
[1.540s] -- Found ament_cmake: 1.3.11 (/opt/ros/humble/share/ament_cmake/cmake)
[1.938s] -- Found Python3: /usr/bin/python3 (found version "3.10.12") found components: Interpreter 
[2.696s] -- Configuring done
[2.708s] -- Generating done
[2.718s] -- Build files have been written to: /home/yzquality/vinerobot_example/build/mybot
[2.747s] Invoked command in '/home/yzquality/vinerobot_example/build/mybot' returned '0': AMENT_PREFIX_PATH=/home/yzquality/vinerobot_example/install/mybot_description:/home/yzquality/vinerobot_example/install/depth_obstacle_detector:/home/yzquality/vinerobot_example/install/mybot:/home/yzquality/vinerobot_example/install/kinect_v2:/home/yzquality/vinerobot_prp/install/mybot:/home/yzquality/vinerobot_prp/install/mybot_description:/home/yzquality/vinerobot_prp/install/motion_controller:/home/yzquality/ros2_turtle/install/turtlesim_controller:/home/yzquality/ros2_ex1/install/mybot:/home/yzquality/ros2_ex1/install/mybot_description:/opt/ros/humble CMAKE_PREFIX_PATH=${CMAKE_PREFIX_PATH}:/home/yzquality/vinerobot_example/install/depth_obstacle_detector:/home/yzquality/vinerobot_example/install/mybot_description:/home/yzquality/vinerobot_prp/install/mybot_description:/home/yzquality/vinerobot_prp/install/motion_controller:/home/yzquality/ros2_turtle/install/turtlesim_controller:/home/yzquality/ros2_ex1/install/mybot_description:/opt/ros/humble PYTHONPATH=/home/yzquality/vinerobot_example/install/mybot_description/lib/python3.10/site-packages:/home/yzquality/vinerobot_example/install/depth_obstacle_detector/lib/python3.10/site-packages:/home/yzquality/vinerobot_prp/install/mybot_description/lib/python3.10/site-packages:/home/yzquality/vinerobot_prp/install/motion_controller/lib/python3.10/site-packages:/home/yzquality/ros2_turtle/install/turtlesim_controller/lib/python3.10/site-packages:/home/yzquality/ros2_ex1/install/mybot_description/lib/python3.10/site-packages:/opt/ros/humble/lib/python3.10/site-packages:/opt/ros/humble/local/lib/python3.10/dist-packages /usr/bin/cmake /home/yzquality/vinerobot_example/src/mybot -DCMAKE_INSTALL_PREFIX=/home/yzquality/vinerobot_example/install/mybot
[2.747s] Invoking command in '/home/yzquality/vinerobot_example/build/mybot': AMENT_PREFIX_PATH=/home/yzquality/vinerobot_example/install/mybot_description:/home/yzquality/vinerobot_example/install/depth_obstacle_detector:/home/yzquality/vinerobot_example/install/mybot:/home/yzquality/vinerobot_example/install/kinect_v2:/home/yzquality/vinerobot_prp/install/mybot:/home/yzquality/vinerobot_prp/install/mybot_description:/home/yzquality/vinerobot_prp/install/motion_controller:/home/yzquality/ros2_turtle/install/turtlesim_controller:/home/yzquality/ros2_ex1/install/mybot:/home/yzquality/ros2_ex1/install/mybot_description:/opt/ros/humble CMAKE_PREFIX_PATH=${CMAKE_PREFIX_PATH}:/home/yzquality/vinerobot_example/install/depth_obstacle_detector:/home/yzquality/vinerobot_example/install/mybot_description:/home/yzquality/vinerobot_prp/install/mybot_description:/home/yzquality/vinerobot_prp/install/motion_controller:/home/yzquality/ros2_turtle/install/turtlesim_controller:/home/yzquality/ros2_ex1/install/mybot_description:/opt/ros/humble PYTHONPATH=/home/yzquality/vinerobot_example/install/mybot_description/lib/python3.10/site-packages:/home/yzquality/vinerobot_example/install/depth_obstacle_detector/lib/python3.10/site-packages:/home/yzquality/vinerobot_prp/install/mybot_description/lib/python3.10/site-packages:/home/yzquality/vinerobot_prp/install/motion_controller/lib/python3.10/site-packages:/home/yzquality/ros2_turtle/install/turtlesim_controller/lib/python3.10/site-packages:/home/yzquality/ros2_ex1/install/mybot_description/lib/python3.10/site-packages:/opt/ros/humble/lib/python3.10/site-packages:/opt/ros/humble/local/lib/python3.10/dist-packages /usr/bin/cmake --build /home/yzquality/vinerobot_example/build/mybot -- -j4 -l4
[2.916s] Invoked command in '/home/yzquality/vinerobot_example/build/mybot' returned '0': AMENT_PREFIX_PATH=/home/yzquality/vinerobot_example/install/mybot_description:/home/yzquality/vinerobot_example/install/depth_obstacle_detector:/home/yzquality/vinerobot_example/install/mybot:/home/yzquality/vinerobot_example/install/kinect_v2:/home/yzquality/vinerobot_prp/install/mybot:/home/yzquality/vinerobot_prp/install/mybot_description:/home/yzquality/vinerobot_prp/install/motion_controller:/home/yzquality/ros2_turtle/install/turtlesim_controller:/home/yzquality/ros2_ex1/install/mybot:/home/yzquality/ros2_ex1/install/mybot_description:/opt/ros/humble CMAKE_PREFIX_PATH=${CMAKE_PREFIX_PATH}:/home/yzquality/vinerobot_example/install/depth_obstacle_detector:/home/yzquality/vinerobot_example/install/mybot_description:/home/yzquality/vinerobot_prp/install/mybot_description:/home/yzquality/vinerobot_prp/install/motion_controller:/home/yzquality/ros2_turtle/install/turtlesim_controller:/home/yzquality/ros2_ex1/install/mybot_description:/opt/ros/humble PYTHONPATH=/home/yzquality/vinerobot_example/install/mybot_description/lib/python3.10/site-packages:/home/yzquality/vinerobot_example/install/depth_obstacle_detector/lib/python3.10/site-packages:/home/yzquality/vinerobot_prp/install/mybot_description/lib/python3.10/site-packages:/home/yzquality/vinerobot_prp/install/motion_controller/lib/python3.10/site-packages:/home/yzquality/ros2_turtle/install/turtlesim_controller/lib/python3.10/site-packages:/home/yzquality/ros2_ex1/install/mybot_description/lib/python3.10/site-packages:/opt/ros/humble/lib/python3.10/site-packages:/opt/ros/humble/local/lib/python3.10/dist-packages /usr/bin/cmake --build /home/yzquality/vinerobot_example/build/mybot -- -j4 -l4
[2.986s] Invoking command in '/home/yzquality/vinerobot_example/build/mybot': AMENT_PREFIX_PATH=/home/yzquality/vinerobot_example/install/mybot_description:/home/yzquality/vinerobot_example/install/depth_obstacle_detector:/home/yzquality/vinerobot_example/install/mybot:/home/yzquality/vinerobot_example/install/kinect_v2:/home/yzquality/vinerobot_prp/install/mybot:/home/yzquality/vinerobot_prp/install/mybot_description:/home/yzquality/vinerobot_prp/install/motion_controller:/home/yzquality/ros2_turtle/install/turtlesim_controller:/home/yzquality/ros2_ex1/install/mybot:/home/yzquality/ros2_ex1/install/mybot_description:/opt/ros/humble CMAKE_PREFIX_PATH=${CMAKE_PREFIX_PATH}:/home/yzquality/vinerobot_example/install/depth_obstacle_detector:/home/yzquality/vinerobot_example/install/mybot_description:/home/yzquality/vinerobot_prp/install/mybot_description:/home/yzquality/vinerobot_prp/install/motion_controller:/home/yzquality/ros2_turtle/install/turtlesim_controller:/home/yzquality/ros2_ex1/install/mybot_description:/opt/ros/humble PYTHONPATH=/home/yzquality/vinerobot_example/install/mybot_description/lib/python3.10/site-packages:/home/yzquality/vinerobot_example/install/depth_obstacle_detector/lib/python3.10/site-packages:/home/yzquality/vinerobot_prp/install/mybot_description/lib/python3.10/site-packages:/home/yzquality/vinerobot_prp/install/motion_controller/lib/python3.10/site-packages:/home/yzquality/ros2_turtle/install/turtlesim_controller/lib/python3.10/site-packages:/home/yzquality/ros2_ex1/install/mybot_description/lib/python3.10/site-packages:/opt/ros/humble/lib/python3.10/site-packages:/opt/ros/humble/local/lib/python3.10/dist-packages /usr/bin/cmake --install /home/yzquality/vinerobot_example/build/mybot
[3.018s] -- Install configuration: ""
[3.018s] -- Installing: /home/yzquality/vinerobot_example/install/mybot/share/ament_index/resource_index/package_run_dependencies/mybot
[3.018s] -- Installing: /home/yzquality/vinerobot_example/install/mybot/share/ament_index/resource_index/parent_prefix_path/mybot
[3.018s] -- Installing: /home/yzquality/vinerobot_example/install/mybot/share/mybot/environment/ament_prefix_path.sh
[3.021s] -- Installing: /home/yzquality/vinerobot_example/install/mybot/share/mybot/environment/ament_prefix_path.dsv
[3.021s] -- Installing: /home/yzquality/vinerobot_example/install/mybot/share/mybot/environment/path.sh
[3.022s] -- Installing: /home/yzquality/vinerobot_example/install/mybot/share/mybot/environment/path.dsv
[3.022s] -- Installing: /home/yzquality/vinerobot_example/install/mybot/share/mybot/local_setup.bash
[3.023s] -- Installing: /home/yzquality/vinerobot_example/install/mybot/share/mybot/local_setup.sh
[3.023s] -- Installing: /home/yzquality/vinerobot_example/install/mybot/share/mybot/local_setup.zsh
[3.023s] -- Installing: /home/yzquality/vinerobot_example/install/mybot/share/mybot/local_setup.dsv
[3.023s] -- Installing: /home/yzquality/vinerobot_example/install/mybot/share/mybot/package.dsv
[3.023s] -- Installing: /home/yzquality/vinerobot_example/install/mybot/share/ament_index/resource_index/packages/mybot
[3.024s] -- Installing: /home/yzquality/vinerobot_example/install/mybot/share/mybot/cmake/mybotConfig.cmake
[3.024s] -- Installing: /home/yzquality/vinerobot_example/install/mybot/share/mybot/cmake/mybotConfig-version.cmake
[3.024s] -- Installing: /home/yzquality/vinerobot_example/install/mybot/share/mybot/package.xml
[3.024s] -- Installing: /home/yzquality/vinerobot_example/install/mybot/share/mybot/launch
[3.024s] -- Installing: /home/yzquality/vinerobot_example/install/mybot/share/mybot/launch/gazebo.launch.py
[3.024s] -- Installing: /home/yzquality/vinerobot_example/install/mybot/share/mybot/launch/moveit_rviz.launch.py
[3.043s] -- Installing: /home/yzquality/vinerobot_example/install/mybot/share/mybot/launch/move_group.launch.py
[3.049s] -- Installing: /home/yzquality/vinerobot_example/install/mybot/share/mybot/launch/warehouse_db.launch.py
[3.056s] -- Installing: /home/yzquality/vinerobot_example/install/mybot/share/mybot/launch/setup_assistant.launch.py
[3.066s] -- Installing: /home/yzquality/vinerobot_example/install/mybot/share/mybot/launch/static_virtual_joint_tfs.launch.py
[3.067s] -- Installing: /home/yzquality/vinerobot_example/install/mybot/share/mybot/launch/rsp.launch.py
[3.067s] -- Installing: /home/yzquality/vinerobot_example/install/mybot/share/mybot/launch/my_moveit_rviz.launch.py
[3.068s] -- Installing: /home/yzquality/vinerobot_example/install/mybot/share/mybot/launch/demo.launch.py
[3.071s] -- Installing: /home/yzquality/vinerobot_example/install/mybot/share/mybot/launch/spawn_controllers.launch.py
[3.073s] -- Installing: /home/yzquality/vinerobot_example/install/mybot/share/mybot/config
[3.073s] -- Installing: /home/yzquality/vinerobot_example/install/mybot/share/mybot/config/moveit.rviz
[3.075s] -- Installing: /home/yzquality/vinerobot_example/install/mybot/share/mybot/config/initial_positions.yaml
[3.076s] -- Installing: /home/yzquality/vinerobot_example/install/mybot/share/mybot/config/pilz_cartesian_limits.yaml
[3.077s] -- Installing: /home/yzquality/vinerobot_example/install/mybot/share/mybot/config/RRP_Robot.urdf.xacro
[3.079s] -- Installing: /home/yzquality/vinerobot_example/install/mybot/share/mybot/config/moveit_controllers.yaml
[3.081s] -- Installing: /home/yzquality/vinerobot_example/install/mybot/share/mybot/config/kinematics.yaml
[3.083s] -- Installing: /home/yzquality/vinerobot_example/install/mybot/share/mybot/config/RRP_Robot.srdf
[3.084s] -- Installing: /home/yzquality/vinerobot_example/install/mybot/share/mybot/config/ros2_controllers.yaml
[3.085s] -- Installing: /home/yzquality/vinerobot_example/install/mybot/share/mybot/config/joint_limits.yaml
[3.087s] -- Installing: /home/yzquality/vinerobot_example/install/mybot/share/mybot/config/sensors_3d.yaml
[3.087s] -- Installing: /home/yzquality/vinerobot_example/install/mybot/share/mybot/config/RRP_Robot.ros2_control.xacro
[3.088s] -- Installing: /home/yzquality/vinerobot_example/install/mybot/share/mybot/.setup_assistant
[3.124s] Invoked command in '/home/yzquality/vinerobot_example/build/mybot' returned '0': AMENT_PREFIX_PATH=/home/yzquality/vinerobot_example/install/mybot_description:/home/yzquality/vinerobot_example/install/depth_obstacle_detector:/home/yzquality/vinerobot_example/install/mybot:/home/yzquality/vinerobot_example/install/kinect_v2:/home/yzquality/vinerobot_prp/install/mybot:/home/yzquality/vinerobot_prp/install/mybot_description:/home/yzquality/vinerobot_prp/install/motion_controller:/home/yzquality/ros2_turtle/install/turtlesim_controller:/home/yzquality/ros2_ex1/install/mybot:/home/yzquality/ros2_ex1/install/mybot_description:/opt/ros/humble CMAKE_PREFIX_PATH=${CMAKE_PREFIX_PATH}:/home/yzquality/vinerobot_example/install/depth_obstacle_detector:/home/yzquality/vinerobot_example/install/mybot_description:/home/yzquality/vinerobot_prp/install/mybot_description:/home/yzquality/vinerobot_prp/install/motion_controller:/home/yzquality/ros2_turtle/install/turtlesim_controller:/home/yzquality/ros2_ex1/install/mybot_description:/opt/ros/humble PYTHONPATH=/home/yzquality/vinerobot_example/install/mybot_description/lib/python3.10/site-packages:/home/yzquality/vinerobot_example/install/depth_obstacle_detector/lib/python3.10/site-packages:/home/yzquality/vinerobot_prp/install/mybot_description/lib/python3.10/site-packages:/home/yzquality/vinerobot_prp/install/motion_controller/lib/python3.10/site-packages:/home/yzquality/ros2_turtle/install/turtlesim_controller/lib/python3.10/site-packages:/home/yzquality/ros2_ex1/install/mybot_description/lib/python3.10/site-packages:/opt/ros/humble/lib/python3.10/site-packages:/opt/ros/humble/local/lib/python3.10/dist-packages /usr/bin/cmake --install /home/yzquality/vinerobot_example/build/mybot
